tacticImplementation | 2026-01-31 23:03:24,231 | INFO | tacticImplementation |START
tacticImplementation | 2026-01-31 23:03:24,232 | WARNING | No selected tactic for alexjc/neural-enhance
tacticImplementation | 2026-01-31 23:03:24,232 | INFO | tacticImplementation | SUCCESS | time=0.0s
tacticImplementation | 2026-01-31 23:03:26,339 | INFO | tacticImplementation |START
tacticImplementation | 2026-01-31 23:03:26,339 | WARNING | No selected tactic for benbusby/whoogle-search
tacticImplementation | 2026-01-31 23:03:26,340 | INFO | tacticImplementation | SUCCESS | time=0.0s
tacticImplementation | 2026-01-31 23:03:29,828 | INFO | tacticImplementation |START
tacticImplementation | 2026-01-31 23:03:29,828 | WARNING | No selected tactic for g1879/DrissionPage
tacticImplementation | 2026-01-31 23:03:29,828 | INFO | tacticImplementation | SUCCESS | time=0.0s
tacticImplementation | 2026-01-31 23:08:26,163 | INFO | tacticImplementation |START
tacticImplementation | 2026-01-31 23:08:26,163 | WARNING | No selected tactic for neural-enhance
tacticImplementation | 2026-01-31 23:08:26,163 | INFO | tacticImplementation | SUCCESS | time=0.0s
tacticImplementation | 2026-01-31 23:08:28,194 | INFO | tacticImplementation |START
tacticImplementation | 2026-01-31 23:08:28,194 | WARNING | No selected tactic for whoogle-search
tacticImplementation | 2026-01-31 23:08:28,194 | INFO | tacticImplementation | SUCCESS | time=0.0s
tacticImplementation | 2026-01-31 23:11:17,172 | INFO | tacticImplementation |START
tacticImplementation | 2026-01-31 23:11:17,199 | INFO | No requirements.txt found, skipping dependency install
tacticImplementation | 2026-01-31 23:13:18,966 | INFO | tacticImplementation |START
tacticImplementation | 2026-01-31 23:13:18,967 | INFO | Installing dependencies for neural-enhance
tacticImplementation | 2026-01-31 23:13:18,967 | ERROR | Unexpected error for repo neural-enhance: [WinError 267] Неверно задано имя папки
tacticImplementation | 2026-01-31 23:13:18,967 | INFO | tacticImplementation | SUCCESS | time=0.0s
tacticImplementation | 2026-01-31 23:15:08,297 | INFO | tacticImplementation |START
tacticImplementation | 2026-01-31 23:15:08,311 | INFO | Installing dependencies for whoogle-search
tacticImplementation | 2026-01-31 23:15:08,312 | ERROR | Unexpected error for repo whoogle-search: [WinError 267] Неверно задано имя папки
tacticImplementation | 2026-01-31 23:15:08,312 | INFO | tacticImplementation | SUCCESS | time=0.01s
tacticImplementation | 2026-01-31 23:17:55,131 | INFO | tacticImplementation |START
tacticImplementation | 2026-01-31 23:24:59,625 | INFO | tacticImplementation |START
tacticImplementation | 2026-01-31 23:24:59,626 | INFO | Installing dependencies for neural-enhance
tacticImplementation | 2026-01-31 23:28:33,426 | INFO | Created file: artifacts_create_dataset\repos\neural-enhance\tests\test_data_loader.py
tacticImplementation | 2026-01-31 23:28:38,349 | INFO | Tests failed (expected for TDD), continuing
tacticImplementation | 2026-01-31 23:31:35,150 | INFO | Modified file: artifacts_create_dataset\repos\neural-enhance\tests\test_data_loader.py
tacticImplementation | 2026-01-31 23:31:35,924 | INFO | Tests failed (expected for TDD), continuing
tacticImplementation | 2026-01-31 23:32:55,090 | INFO | Modified file: artifacts_create_dataset\repos\neural-enhance\tests\test_data_loader.py
tacticImplementation | 2026-01-31 23:32:56,196 | INFO | Tests failed (expected for TDD), continuing
tacticImplementation | 2026-01-31 23:34:36,823 | INFO | Modified file: artifacts_create_dataset\repos\neural-enhance\tests\test_data_loader.py
tacticImplementation | 2026-01-31 23:34:37,950 | INFO | Tests failed (expected for TDD), continuing
tacticImplementation | 2026-01-31 23:34:44,000 | INFO | Created file: artifacts_create_dataset\repos\neural-enhance\tests\test_data_loader.py
tacticImplementation | 2026-01-31 23:34:44,752 | INFO | Tests failed (expected for TDD), continuing
tacticImplementation | 2026-01-31 23:35:10,578 | INFO | Created file: artifacts_create_dataset\repos\neural-enhance\tests\test_data_loader.py
tacticImplementation | 2026-01-31 23:35:11,395 | INFO | Tests failed (expected for TDD), continuing
tacticImplementation | 2026-01-31 23:36:13,042 | INFO | Created file: artifacts_create_dataset\repos\neural-enhance\tests\test_data_loader.py
tacticImplementation | 2026-01-31 23:36:13,794 | INFO | Tests failed (expected for TDD), continuing
tacticImplementation | 2026-01-31 23:36:58,821 | INFO | Created file: artifacts_create_dataset\repos\neural-enhance\tests\test_data_loader.py
tacticImplementation | 2026-01-31 23:36:59,584 | INFO | Tests failed (expected for TDD), continuing
tacticImplementation | 2026-01-31 23:44:13,481 | INFO | tacticImplementation |START
tacticImplementation | 2026-01-31 23:44:13,482 | INFO | Installing dependencies for whoogle-search
tacticImplementation | 2026-01-31 23:47:01,741 | INFO | Created file: artifacts_create_dataset\repos\whoogle-search\test\test_user_agent_generator.py
tacticImplementation | 2026-01-31 23:47:07,002 | INFO | Tests failed (expected for TDD), continuing
tacticImplementation | 2026-01-31 23:54:20,713 | INFO | Created file: artifacts_create_dataset\repos\whoogle-search\test\test_user_agent_generator.py
tacticImplementation | 2026-01-31 23:54:21,976 | INFO | Tests failed (expected for TDD), continuing
tacticImplementation | 2026-01-31 23:59:04,282 | INFO | Created file: artifacts_create_dataset\repos\whoogle-search\test\test_user_agent_generator.py
tacticImplementation | 2026-01-31 23:59:05,423 | INFO | Tests failed (expected for TDD), continuing
tacticImplementation | 2026-02-01 00:05:14,422 | INFO | Created file: artifacts_create_dataset\repos\whoogle-search\test\test_user_agent_generator.py
tacticImplementation | 2026-02-01 00:05:15,661 | INFO | Tests failed (expected for TDD), continuing
tacticImplementation | 2026-02-01 00:05:27,705 | INFO | Created file: artifacts_create_dataset\repos\whoogle-search\test\test_user_agent_generator.py
tacticImplementation | 2026-02-01 00:05:28,986 | INFO | Tests failed (expected for TDD), continuing
tacticImplementation | 2026-02-01 00:10:51,000 | INFO | Created file: artifacts_create_dataset\repos\whoogle-search\test\test_user_agent_generator.py
tacticImplementation | 2026-02-01 00:10:52,239 | INFO | Tests failed (expected for TDD), continuing
tacticImplementation | 2026-02-01 00:16:52,764 | INFO | Created file: artifacts_create_dataset\repos\whoogle-search\test\test_user_agent_generator.py
tacticImplementation | 2026-02-01 00:16:53,973 | INFO | Tests failed (expected for TDD), continuing
tacticImplementation | 2026-02-01 00:19:54,354 | INFO | Created file: artifacts_create_dataset\repos\whoogle-search\test\test_user_agent_generator.py
tacticImplementation | 2026-02-01 00:19:55,555 | INFO | Tests failed (expected for TDD), continuing
tacticImplementation | 2026-02-01 00:29:03,814 | INFO | tacticImplementation |START
tacticImplementation | 2026-02-01 00:29:03,815 | INFO | Installing dependencies for whoogle-search
tacticImplementation | 2026-02-01 00:30:58,846 | INFO | Created file: artifacts_create_dataset\repos\whoogle-search\test\test_reduced_coupling.py
tacticImplementation | 2026-02-01 00:31:01,631 | INFO | Tests failed (expected for TDD), continuing
tacticImplementation | 2026-02-01 00:34:04,184 | INFO | Created file: artifacts_create_dataset\repos\whoogle-search\test\test_reduced_coupling.py
tacticImplementation | 2026-02-01 00:34:05,345 | INFO | Tests failed (expected for TDD), continuing
tacticImplementation | 2026-02-01 00:34:41,542 | INFO | Created file: artifacts_create_dataset\repos\whoogle-search\test\test_reduced_coupling.py
tacticImplementation | 2026-02-01 00:34:42,679 | INFO | Tests failed (expected for TDD), continuing
tacticImplementation | 2026-02-01 00:35:12,221 | INFO | Created file: artifacts_create_dataset\repos\whoogle-search\test\test_reduced_coupling.py
tacticImplementation | 2026-02-01 00:35:13,418 | INFO | Tests failed (expected for TDD), continuing
tacticImplementation | 2026-02-01 00:39:53,824 | INFO | tacticImplementation |START
tacticImplementation | 2026-02-01 00:40:14,641 | INFO | Installing dependencies for whoogle-search
tacticImplementation | 2026-02-01 00:48:04,463 | INFO | Created file: artifacts_create_dataset\repos\whoogle-search\test\test_reduced_coupling.py
tacticImplementation | 2026-02-01 00:50:39,753 | INFO | tacticImplementation |START
tacticImplementation | 2026-02-01 00:50:51,969 | INFO | Installing dependencies for whoogle-search
tacticImplementation | 2026-02-01 00:51:42,751 | INFO | Created file: artifacts_create_dataset\repos\whoogle-search\test\test_user_agent_generation.py
tacticImplementation | 2026-02-01 00:52:21,474 | INFO | Tests failed (expected for TDD), continuing
tacticImplementation | 2026-02-01 01:00:03,345 | INFO | Created file: artifacts_create_dataset\repos\whoogle-search\test\test_user_agent_generation.py
tacticImplementation | 2026-02-01 01:00:04,553 | INFO | Tests failed (expected for TDD), continuing
tacticImplementation | 2026-02-01 01:01:59,475 | INFO | tacticImplementation |START
tacticImplementation | 2026-02-01 01:01:59,476 | INFO | Installing dependencies for whoogle-search
tacticImplementation | 2026-02-01 01:04:32,419 | INFO | Created file: artifacts_create_dataset\repos\whoogle-search\test\test_user_agent_generation.py
tacticImplementation | 2026-02-01 01:04:35,116 | INFO | Tests failed (expected for TDD), continuing
tacticImplementation | 2026-02-01 01:05:15,485 | INFO | Created file: artifacts_create_dataset\repos\whoogle-search\test\test_user_agent_generation.py
tacticImplementation | 2026-02-01 01:05:16,631 | INFO | Tests failed (expected for TDD), continuing
tacticImplementation | 2026-02-01 01:06:42,487 | INFO | Created file: artifacts_create_dataset\repos\whoogle-search\test\test_user_agent_generation.py
tacticImplementation | 2026-02-01 01:06:44,645 | INFO | Tests failed (expected for TDD), continuing
tacticImplementation | 2026-02-01 01:07:10,233 | INFO | Created file: artifacts_create_dataset\repos\whoogle-search\test\test_user_agent_generation.py
tacticImplementation | 2026-02-01 01:07:11,553 | INFO | Tests failed (expected for TDD), continuing
tacticImplementation | 2026-02-01 01:07:51,652 | INFO | Created file: artifacts_create_dataset\repos\whoogle-search\test\test_user_agent_generation.py
tacticImplementation | 2026-02-01 01:07:52,876 | INFO | Tests failed (expected for TDD), continuing
tacticImplementation | 2026-02-01 01:08:10,963 | INFO | Created file: artifacts_create_dataset\repos\whoogle-search\test\test_user_agent_generation.py
tacticImplementation | 2026-02-01 01:08:12,161 | INFO | Tests failed (expected for TDD), continuing
tacticImplementation | 2026-02-01 01:08:41,334 | INFO | Created file: artifacts_create_dataset\repos\whoogle-search\test\test_user_agent_generation.py
tacticImplementation | 2026-02-01 01:08:42,492 | INFO | Tests failed (expected for TDD), continuing
tacticImplementation | 2026-02-01 01:08:54,496 | ERROR | Failed to parse LLM response: Ollama cloud chat failed: Service Temporarily Unavailable (status code: 503)
tacticImplementation | 2026-02-01 01:08:54,505 | INFO | tacticImplementation | SUCCESS | time=415.03s
tacticImplementation | 2026-02-01 01:09:40,248 | INFO | tacticImplementation |START
tacticImplementation | 2026-02-01 01:09:40,261 | INFO | Installing dependencies for DrissionPage
tacticImplementation | 2026-02-01 01:10:08,107 | ERROR | Failed to parse LLM response: Ollama cloud chat failed: Service Temporarily Unavailable (status code: 503)
tacticImplementation | 2026-02-01 01:10:08,113 | INFO | tacticImplementation | SUCCESS | time=27.87s
tacticImplementation | 2026-02-01 01:10:54,856 | INFO | tacticImplementation |START
tacticImplementation | 2026-02-01 01:10:54,888 | INFO | Installing dependencies for claude-engineer
tacticImplementation | 2026-02-01 01:11:58,723 | ERROR | Failed to parse LLM response: Ollama cloud chat failed: Service Temporarily Unavailable (status code: 503)
tacticImplementation | 2026-02-01 01:11:58,730 | INFO | tacticImplementation | SUCCESS | time=63.87s
tacticImplementation | 2026-02-01 01:12:16,930 | INFO | tacticImplementation |START
tacticImplementation | 2026-02-01 01:12:16,931 | WARNING | No selected tactic for Sublist3r
tacticImplementation | 2026-02-01 01:12:16,931 | INFO | tacticImplementation | SUCCESS | time=0.0s
tacticImplementation | 2026-02-01 01:13:06,156 | INFO | tacticImplementation |START
tacticImplementation | 2026-02-01 01:13:06,183 | INFO | Installing dependencies for LaZagne
tacticImplementation | 2026-02-01 01:13:44,082 | INFO | Created file: artifacts_create_dataset\repos\LaZagne\tests\test_module_info.py
tacticImplementation | 2026-02-01 01:13:45,130 | INFO | Tests failed (expected for TDD), continuing
tacticImplementation | 2026-02-01 01:13:57,801 | ERROR | Failed to parse LLM response: Ollama cloud chat failed: Service Temporarily Unavailable (status code: 503)
tacticImplementation | 2026-02-01 01:13:57,809 | INFO | tacticImplementation | SUCCESS | time=51.65s
tacticImplementation | 2026-02-01 01:14:48,854 | INFO | tacticImplementation |START
tacticImplementation | 2026-02-01 01:14:48,876 | INFO | Installing dependencies for q
tacticImplementation | 2026-02-01 01:15:09,497 | INFO | Created file: artifacts_create_dataset\repos\q\test\test_decomposability.py
tacticImplementation | 2026-02-01 01:15:10,713 | INFO | Tests failed (expected for TDD), continuing
tacticImplementation | 2026-02-01 01:15:22,639 | ERROR | Failed to parse LLM response: Ollama cloud chat failed: Service Temporarily Unavailable (status code: 503)
tacticImplementation | 2026-02-01 01:15:22,643 | INFO | tacticImplementation | SUCCESS | time=33.79s
tacticImplementation | 2026-02-01 01:15:51,632 | INFO | tacticImplementation |START
tacticImplementation | 2026-02-01 01:15:51,665 | INFO | Installing dependencies for EverydayWechat
tacticImplementation | 2026-02-01 01:16:26,363 | INFO | Created file: artifacts_create_dataset\repos\EverydayWechat\tests\test_control\test_air_quality_aqicn.py
tacticImplementation | 2026-02-01 01:16:29,730 | INFO | Tests failed (expected for TDD), continuing
tacticImplementation | 2026-02-01 01:16:32,907 | INFO | Modified file: artifacts_create_dataset\repos\EverydayWechat\tests\test_control\test_air_quality_aqicn.py
tacticImplementation | 2026-02-01 01:16:35,918 | INFO | Tests failed (expected for TDD), continuing
tacticImplementation | 2026-02-01 01:16:53,346 | INFO | Modified file: artifacts_create_dataset\repos\EverydayWechat\tests\test_control\test_air_quality_aqicn.py
tacticImplementation | 2026-02-01 01:16:56,624 | INFO | Tests failed (expected for TDD), continuing
tacticImplementation | 2026-02-01 01:17:20,629 | INFO | Modified file: artifacts_create_dataset\repos\EverydayWechat\tests\test_control\test_air_quality_aqicn.py
tacticImplementation | 2026-02-01 01:17:23,663 | INFO | Tests failed (expected for TDD), continuing
tacticImplementation | 2026-02-01 01:17:43,958 | INFO | Modified file: artifacts_create_dataset\repos\EverydayWechat\tests\test_control\test_air_quality_aqicn.py
tacticImplementation | 2026-02-01 01:17:47,270 | INFO | Tests failed (expected for TDD), continuing
tacticImplementation | 2026-02-01 01:18:07,493 | INFO | Modified file: artifacts_create_dataset\repos\EverydayWechat\tests\test_control\test_air_quality_aqicn.py
tacticImplementation | 2026-02-01 01:18:10,867 | INFO | Tests failed (expected for TDD), continuing
tacticImplementation | 2026-02-01 01:18:26,537 | INFO | Modified file: artifacts_create_dataset\repos\EverydayWechat\tests\test_control\test_air_quality_aqicn.py
tacticImplementation | 2026-02-01 01:18:29,481 | INFO | Tests failed (expected for TDD), continuing
tacticImplementation | 2026-02-01 01:18:42,107 | INFO | Modified file: artifacts_create_dataset\repos\EverydayWechat\tests\test_control\test_air_quality_aqicn.py
tacticImplementation | 2026-02-01 01:18:45,130 | INFO | Tests failed (expected for TDD), continuing
tacticImplementation | 2026-02-01 01:19:07,282 | INFO | Modified file: artifacts_create_dataset\repos\EverydayWechat\tests\test_control\test_air_quality_aqicn.py
tacticImplementation | 2026-02-01 01:19:10,285 | INFO | Tests failed (expected for TDD), continuing
tacticImplementation | 2026-02-01 01:19:13,540 | INFO | Modified file: artifacts_create_dataset\repos\EverydayWechat\tests\test_control\test_air_quality_aqicn.py
tacticImplementation | 2026-02-01 01:19:16,832 | INFO | Tests failed (expected for TDD), continuing
tacticImplementation | 2026-02-01 01:19:28,310 | ERROR | Failed to parse LLM response: Ollama cloud chat failed: Service Temporarily Unavailable (status code: 503)
tacticImplementation | 2026-02-01 01:19:28,317 | INFO | tacticImplementation | SUCCESS | time=216.69s
tacticImplementation | 2026-02-01 01:19:41,583 | INFO | tacticImplementation |START
tacticImplementation | 2026-02-01 01:19:41,584 | WARNING | No selected tactic for minbpe
tacticImplementation | 2026-02-01 01:19:41,584 | INFO | tacticImplementation | SUCCESS | time=0.0s
tacticImplementation | 2026-02-01 01:20:00,917 | INFO | tacticImplementation |START
tacticImplementation | 2026-02-01 01:20:00,918 | WARNING | No selected tactic for coursera-dl
tacticImplementation | 2026-02-01 01:20:00,918 | INFO | tacticImplementation | SUCCESS | time=0.0s
tacticImplementation | 2026-02-01 01:20:23,257 | INFO | tacticImplementation |START
tacticImplementation | 2026-02-01 01:20:23,276 | INFO | Installing dependencies for KittenTTS
tacticImplementation | 2026-02-01 01:23:52,318 | ERROR | Failed to parse LLM response: Ollama cloud chat failed: Service Temporarily Unavailable (status code: 503)
tacticImplementation | 2026-02-01 01:23:52,325 | INFO | tacticImplementation | SUCCESS | time=209.07s
tacticImplementation | 2026-02-01 01:24:30,443 | INFO | tacticImplementation |START
tacticImplementation | 2026-02-01 01:24:30,467 | INFO | Installing dependencies for data-science-from-scratch
tacticImplementation | 2026-02-01 01:24:57,397 | INFO | Created file: artifacts_create_dataset\repos\data-science-from-scratch\tests\test_clustering_kmeans_interface.py
tacticImplementation | 2026-02-01 01:24:58,466 | INFO | Tests failed (expected for TDD), continuing
tacticImplementation | 2026-02-01 01:25:05,517 | INFO | Modified file: artifacts_create_dataset\repos\data-science-from-scratch\tests\test_clustering_kmeans_interface.py
tacticImplementation | 2026-02-01 01:25:06,319 | INFO | Tests failed (expected for TDD), continuing
tacticImplementation | 2026-02-01 01:25:20,029 | INFO | Modified file: artifacts_create_dataset\repos\data-science-from-scratch\tests\test_clustering_kmeans_interface.py
tacticImplementation | 2026-02-01 01:25:20,737 | INFO | Tests failed (expected for TDD), continuing
tacticImplementation | 2026-02-01 01:25:32,216 | ERROR | Failed to parse LLM response: Ollama cloud chat failed: Service Temporarily Unavailable (status code: 503)
tacticImplementation | 2026-02-01 01:25:32,222 | INFO | tacticImplementation | SUCCESS | time=61.78s
tacticImplementation | 2026-02-01 01:26:06,786 | INFO | tacticImplementation |START
tacticImplementation | 2026-02-01 01:26:06,807 | INFO | Installing dependencies for weiboSpider
tacticImplementation | 2026-02-01 01:26:43,119 | INFO | Created file: artifacts_create_dataset\repos\weiboSpider\tests\test_spider.py
tacticImplementation | 2026-02-01 01:26:44,573 | INFO | Tests failed (expected for TDD), continuing
tacticImplementation | 2026-02-01 01:27:02,448 | ERROR | Failed to parse LLM response: Ollama cloud chat failed: Service Temporarily Unavailable (status code: 503)
tacticImplementation | 2026-02-01 01:27:02,453 | INFO | tacticImplementation | SUCCESS | time=55.67s
tacticImplementation | 2026-02-01 01:27:21,196 | INFO | tacticImplementation |START
tacticImplementation | 2026-02-01 01:27:21,196 | WARNING | No selected tactic for easytrader
tacticImplementation | 2026-02-01 01:27:21,196 | INFO | tacticImplementation | SUCCESS | time=0.0s
tacticImplementation | 2026-02-01 01:27:34,791 | INFO | tacticImplementation |START
tacticImplementation | 2026-02-01 01:27:34,817 | INFO | Installing dependencies for http-prompt
tacticImplementation | 2026-02-01 01:27:59,742 | ERROR | Failed to parse LLM response: Ollama cloud chat failed: Service Temporarily Unavailable (status code: 503)
tacticImplementation | 2026-02-01 01:27:59,748 | INFO | tacticImplementation | SUCCESS | time=24.96s
tacticImplementation | 2026-02-01 01:28:14,407 | INFO | tacticImplementation |START
tacticImplementation | 2026-02-01 01:28:14,436 | INFO | Installing dependencies for sshuttle
tacticImplementation | 2026-02-01 01:28:37,905 | INFO | Modified file: artifacts_create_dataset\repos\sshuttle\sshuttle\tests\test_helpers.py
tacticImplementation | 2026-02-01 01:28:38,827 | INFO | Tests failed (expected for TDD), continuing
tacticImplementation | 2026-02-01 01:28:58,761 | INFO | Modified file: artifacts_create_dataset\repos\sshuttle\sshuttle\tests\test_helpers.py
tacticImplementation | 2026-02-01 01:28:59,607 | INFO | Tests failed (expected for TDD), continuing
tacticImplementation | 2026-02-01 01:29:32,012 | INFO | Modified file: artifacts_create_dataset\repos\sshuttle\sshuttle\tests\test_helpers.py
tacticImplementation | 2026-02-01 01:29:32,906 | INFO | Tests failed (expected for TDD), continuing
tacticImplementation | 2026-02-01 01:29:49,369 | INFO | Modified file: artifacts_create_dataset\repos\sshuttle\sshuttle\tests\test_helpers.py
tacticImplementation | 2026-02-01 01:29:50,225 | INFO | Tests failed (expected for TDD), continuing
tacticImplementation | 2026-02-01 01:30:05,220 | ERROR | Failed to parse LLM response: Ollama cloud chat failed: Service Temporarily Unavailable (status code: 503)
tacticImplementation | 2026-02-01 01:30:05,227 | INFO | tacticImplementation | SUCCESS | time=110.82s
tacticImplementation | 2026-02-01 01:30:42,337 | INFO | tacticImplementation |START
tacticImplementation | 2026-02-01 01:30:42,359 | INFO | Installing dependencies for WARP-Clash-API
tacticImplementation | 2026-02-01 01:31:40,671 | INFO | Modified file: artifacts_create_dataset\repos\WARP-Clash-API\tests\test_utils.py
tacticImplementation | 2026-02-01 01:31:41,446 | INFO | Tests failed (expected for TDD), continuing
tacticImplementation | 2026-02-01 01:32:00,337 | ERROR | Failed to parse LLM response: Ollama cloud chat failed: Service Temporarily Unavailable (status code: 503)
tacticImplementation | 2026-02-01 01:32:00,339 | INFO | tacticImplementation | SUCCESS | time=78.0s
tacticImplementation | 2026-02-01 01:32:34,291 | INFO | tacticImplementation |START
tacticImplementation | 2026-02-01 01:32:34,314 | INFO | Installing dependencies for flasky
tacticImplementation | 2026-02-01 01:32:56,277 | ERROR | Dependency installation failed:
  error: subprocess-exited-with-error
  
  Г— Getting requirements to build wheel did not run successfully.
  в”‚ exit code: 1
  в•°в”Ђ> [20 lines of output]
      Traceback (most recent call last):
        File "D:\pythonProjects\get_git_repos\.venv\Lib\site-packages\pip\_vendor\pyproject_hooks\_in_process\_in_process.py", line 389, in <module>
          main()
        File "D:\pythonProjects\get_git_repos\.venv\Lib\site-packages\pip\_vendor\pyproject_hooks\_in_process\_in_process.py", line 373, in main
          json_out["return_val"] = hook(**hook_input["kwargs"])
                                   ^^^^^^^^^^^^^^^^^^^^^^^^^^^^
        File "D:\pythonProjects\get_git_repos\.venv\Lib\site-packages\pip\_vendor\pyproject_hooks\_in_process\_in_process.py", line 143, in get_requires_for_build_wheel
          return hook(config_settings)
                 ^^^^^^^^^^^^^^^^^^^^^
        File "C:\Users\Saveliy\AppData\Local\Temp\pip-build-env-kyn00ezu\overlay\Lib\site-packages\setuptools\build_meta.py", line 333, in get_requires_for_build_wheel
          return self._get_build_requires(config_settings, requirements=[])
                 ^^^^^^^^^^^^^^^^^^^^^^^^^^^^^^^^^^^^^^^^^^^^^^^^^^^^^^^^^^
        File "C:\Users\Saveliy\AppData\Local\Temp\pip-build-env-kyn00ezu\overlay\Lib\site-packages\setuptools\build_meta.py", line 301, in _get_build_requires
          self.run_setup()
        File "C:\Users\Saveliy\AppData\Local\Temp\pip-build-env-kyn00ezu\overlay\Lib\site-packages\setuptools\build_meta.py", line 518, in run_setup
          super().run_setup(setup_script=setup_script)
        File "C:\Users\Saveliy\AppData\Local\Temp\pip-build-env-kyn00ezu\overlay\Lib\site-packages\setuptools\build_meta.py", line 317, in run_setup
          exec(code, locals())
        File "<string>", line 22, in <module>
      ModuleNotFoundError: No module named 'imp'
      [end of output]
  
  note: This error originates from a subprocess, and is likely not a problem with pip.

[notice] A new release of pip is available: 25.3 -> 26.0
[notice] To update, run: python.exe -m pip install --upgrade pip
ERROR: Failed to build 'dominate' when getting requirements to build wheel

tacticImplementation | 2026-02-01 01:32:56,277 | ERROR | Skipping repo flasky due to dependency installation failure
tacticImplementation | 2026-02-01 01:32:56,277 | INFO | tacticImplementation | SUCCESS | time=21.99s
tacticImplementation | 2026-02-01 01:33:44,632 | INFO | tacticImplementation |START
tacticImplementation | 2026-02-01 01:33:44,668 | INFO | Installing dependencies for google-images-download
tacticImplementation | 2026-02-01 01:34:16,179 | INFO | Modified file: artifacts_create_dataset\repos\google-images-download\tests\test_google_images_download.py
tacticImplementation | 2026-02-01 01:34:17,050 | INFO | Tests failed (expected for TDD), continuing
tacticImplementation | 2026-02-01 01:34:36,283 | INFO | Modified file: artifacts_create_dataset\repos\google-images-download\tests\test_google_images_download.py
tacticImplementation | 2026-02-01 01:34:37,062 | INFO | Tests failed (expected for TDD), continuing
tacticImplementation | 2026-02-01 01:35:11,021 | INFO | Modified file: artifacts_create_dataset\repos\google-images-download\tests\test_google_images_download.py
tacticImplementation | 2026-02-01 01:35:11,771 | INFO | Tests failed (expected for TDD), continuing
tacticImplementation | 2026-02-01 01:35:36,039 | INFO | Modified file: artifacts_create_dataset\repos\google-images-download\tests\test_google_images_download.py
tacticImplementation | 2026-02-01 01:35:36,838 | INFO | Tests failed (expected for TDD), continuing
tacticImplementation | 2026-02-01 01:35:49,744 | ERROR | Failed to parse LLM response: Ollama cloud chat failed: Service Temporarily Unavailable (status code: 503)
tacticImplementation | 2026-02-01 01:35:49,751 | INFO | tacticImplementation | SUCCESS | time=125.12s
tacticImplementation | 2026-02-01 01:36:27,342 | INFO | tacticImplementation |START
tacticImplementation | 2026-02-01 01:36:27,343 | WARNING | No selected tactic for python-dotenv
tacticImplementation | 2026-02-01 01:36:27,343 | INFO | tacticImplementation | SUCCESS | time=0.0s
tacticImplementation | 2026-02-01 01:36:43,615 | INFO | tacticImplementation |START
tacticImplementation | 2026-02-01 01:36:43,615 | WARNING | No selected tactic for get_subscribe
tacticImplementation | 2026-02-01 01:36:43,616 | INFO | tacticImplementation | SUCCESS | time=0.0s
tacticImplementation | 2026-02-01 01:37:15,459 | INFO | tacticImplementation |START
tacticImplementation | 2026-02-01 01:37:15,483 | INFO | Installing dependencies for yewtube
tacticImplementation | 2026-02-01 01:37:58,045 | INFO | Created file: artifacts_create_dataset\repos\yewtube\mps_youtube\test\test_util_decoupling.py
tacticImplementation | 2026-02-01 01:37:58,883 | INFO | Tests failed (expected for TDD), continuing
tacticImplementation | 2026-02-01 01:38:05,880 | INFO | Modified file: artifacts_create_dataset\repos\yewtube\mps_youtube\test\test_util_decoupling.py
tacticImplementation | 2026-02-01 01:38:06,598 | INFO | Tests failed (expected for TDD), continuing
tacticImplementation | 2026-02-01 01:38:18,063 | ERROR | Failed to parse LLM response: Ollama cloud chat failed: Service Temporarily Unavailable (status code: 503)
tacticImplementation | 2026-02-01 01:38:18,066 | INFO | tacticImplementation | SUCCESS | time=62.61s
tacticImplementation | 2026-02-01 01:38:50,144 | INFO | tacticImplementation |START
tacticImplementation | 2026-02-01 01:38:50,169 | INFO | Installing dependencies for binance-trade-bot
tacticImplementation | 2026-02-01 01:39:14,184 | ERROR | Dependency installation failed:
ERROR: Cannot install -r requirements.txt (line 5) and Werkzeug==2.0.3 because these package versions have conflicting dependencies.

[notice] A new release of pip is available: 25.3 -> 26.0
[notice] To update, run: python.exe -m pip install --upgrade pip
ERROR: ResolutionImpossible: for help visit https://pip.pypa.io/en/latest/topics/dependency-resolution/#dealing-with-dependency-conflicts

tacticImplementation | 2026-02-01 01:39:14,184 | ERROR | Skipping repo binance-trade-bot due to dependency installation failure
tacticImplementation | 2026-02-01 01:39:14,186 | INFO | tacticImplementation | SUCCESS | time=24.04s
tacticImplementation | 2026-02-01 01:39:35,238 | INFO | tacticImplementation |START
tacticImplementation | 2026-02-01 01:39:35,265 | INFO | Installing dependencies for gixy
tacticImplementation | 2026-02-01 01:40:05,123 | INFO | Created file: artifacts_create_dataset\repos\gixy\tests\core\test_decomposability.py
tacticImplementation | 2026-02-01 01:40:05,864 | INFO | Tests failed (expected for TDD), continuing
tacticImplementation | 2026-02-01 01:40:22,422 | INFO | Modified file: artifacts_create_dataset\repos\gixy\tests\core\test_decomposability.py
tacticImplementation | 2026-02-01 01:40:23,182 | INFO | Tests failed (expected for TDD), continuing
tacticImplementation | 2026-02-01 01:40:50,502 | INFO | Modified file: artifacts_create_dataset\repos\gixy\tests\core\test_decomposability.py
tacticImplementation | 2026-02-01 01:40:51,298 | INFO | Tests failed (expected for TDD), continuing
tacticImplementation | 2026-02-01 01:41:01,192 | INFO | Modified file: artifacts_create_dataset\repos\gixy\tests\core\test_decomposability.py
tacticImplementation | 2026-02-01 01:41:01,924 | INFO | Tests failed (expected for TDD), continuing
tacticImplementation | 2026-02-01 01:41:13,635 | ERROR | Failed to parse LLM response: Ollama cloud chat failed: Service Temporarily Unavailable (status code: 503)
tacticImplementation | 2026-02-01 01:41:13,639 | INFO | tacticImplementation | SUCCESS | time=98.4s
tacticImplementation | 2026-02-01 01:41:41,863 | INFO | tacticImplementation |START
tacticImplementation | 2026-02-01 01:41:41,879 | INFO | Installing dependencies for bypy
tacticImplementation | 2026-02-01 01:42:03,296 | INFO | Created file: artifacts_create_dataset\repos\bypy\bypy\test\test_cached_mergeinto.py
tacticImplementation | 2026-02-01 01:42:04,122 | INFO | Tests failed (expected for TDD), continuing
tacticImplementation | 2026-02-01 01:42:20,118 | INFO | Created file: artifacts_create_dataset\repos\bypy\bypy\test\test_cached_mergeinto.py
tacticImplementation | 2026-02-01 01:42:20,831 | INFO | Tests failed (expected for TDD), continuing
tacticImplementation | 2026-02-01 01:42:32,216 | ERROR | Failed to parse LLM response: Ollama cloud chat failed: Service Temporarily Unavailable (status code: 503)
tacticImplementation | 2026-02-01 01:42:32,223 | INFO | tacticImplementation | SUCCESS | time=50.36s
tacticImplementation | 2026-02-01 01:43:18,774 | INFO | tacticImplementation |START
tacticImplementation | 2026-02-01 01:43:18,795 | INFO | Installing dependencies for smtp-tunnel-proxy
tacticImplementation | 2026-02-01 01:43:23,830 | INFO | Created file: artifacts_create_dataset\repos\smtp-tunnel-proxy\test_common.py
tacticImplementation | 2026-02-01 01:43:24,643 | INFO | Tests failed (expected for TDD), continuing
tacticImplementation | 2026-02-01 01:43:27,407 | INFO | Modified file: artifacts_create_dataset\repos\smtp-tunnel-proxy\test_common.py
tacticImplementation | 2026-02-01 01:43:28,222 | INFO | Tests failed (expected for TDD), continuing
tacticImplementation | 2026-02-01 01:43:34,081 | INFO | Modified file: artifacts_create_dataset\repos\smtp-tunnel-proxy\test_common.py
tacticImplementation | 2026-02-01 01:43:34,833 | INFO | Tests failed (expected for TDD), continuing
tacticImplementation | 2026-02-01 01:43:38,178 | INFO | Modified file: artifacts_create_dataset\repos\smtp-tunnel-proxy\test_common.py
tacticImplementation | 2026-02-01 01:43:39,102 | INFO | Tests failed (expected for TDD), continuing
tacticImplementation | 2026-02-01 01:43:55,998 | INFO | Modified file: artifacts_create_dataset\repos\smtp-tunnel-proxy\test_common.py
tacticImplementation | 2026-02-01 01:43:56,763 | INFO | Tests failed (expected for TDD), continuing
tacticImplementation | 2026-02-01 01:44:18,595 | INFO | Modified file: artifacts_create_dataset\repos\smtp-tunnel-proxy\test_common.py
tacticImplementation | 2026-02-01 01:44:19,356 | INFO | Tests failed (expected for TDD), continuing
tacticImplementation | 2026-02-01 01:44:23,484 | INFO | Modified file: artifacts_create_dataset\repos\smtp-tunnel-proxy\test_common.py
tacticImplementation | 2026-02-01 01:44:24,202 | INFO | Tests failed (expected for TDD), continuing
tacticImplementation | 2026-02-01 01:44:28,927 | INFO | Modified file: artifacts_create_dataset\repos\smtp-tunnel-proxy\test_common.py
tacticImplementation | 2026-02-01 01:44:29,732 | INFO | Tests failed (expected for TDD), continuing
tacticImplementation | 2026-02-01 01:44:32,787 | INFO | Modified file: artifacts_create_dataset\repos\smtp-tunnel-proxy\test_common.py
tacticImplementation | 2026-02-01 01:44:33,561 | INFO | Tests failed (expected for TDD), continuing
tacticImplementation | 2026-02-01 01:44:37,847 | INFO | Modified file: artifacts_create_dataset\repos\smtp-tunnel-proxy\test_common.py
tacticImplementation | 2026-02-01 01:44:38,634 | INFO | Tests failed (expected for TDD), continuing
tacticImplementation | 2026-02-01 01:44:50,538 | ERROR | Failed to parse LLM response: Ollama cloud chat failed: Service Temporarily Unavailable (status code: 503)
tacticImplementation | 2026-02-01 01:44:50,545 | INFO | tacticImplementation | SUCCESS | time=91.77s
tacticImplementation | 2026-02-01 01:45:08,143 | INFO | tacticImplementation |START
tacticImplementation | 2026-02-01 01:45:08,164 | INFO | Installing dependencies for geowifi
tacticImplementation | 2026-02-01 01:45:27,031 | ERROR | Failed to parse LLM response: Ollama cloud chat failed: Service Temporarily Unavailable (status code: 503)
tacticImplementation | 2026-02-01 01:45:27,039 | INFO | tacticImplementation | SUCCESS | time=18.9s
tacticImplementation | 2026-02-01 01:45:53,038 | INFO | tacticImplementation |START
tacticImplementation | 2026-02-01 01:45:53,039 | WARNING | No selected tactic for github-cve-monitor
tacticImplementation | 2026-02-01 01:45:53,039 | INFO | tacticImplementation | SUCCESS | time=0.0s
tacticImplementation | 2026-02-01 01:46:09,517 | INFO | tacticImplementation |START
tacticImplementation | 2026-02-01 01:46:09,517 | WARNING | No selected tactic for whisper-ctranslate2
tacticImplementation | 2026-02-01 01:46:09,517 | INFO | tacticImplementation | SUCCESS | time=0.0s
tacticImplementation | 2026-02-01 01:46:41,376 | INFO | tacticImplementation |START
tacticImplementation | 2026-02-01 01:46:41,377 | WARNING | No selected tactic for subgen
tacticImplementation | 2026-02-01 01:46:41,377 | INFO | tacticImplementation | SUCCESS | time=0.0s
tacticImplementation | 2026-02-01 01:47:15,584 | INFO | tacticImplementation |START
tacticImplementation | 2026-02-01 01:47:15,585 | WARNING | No selected tactic for few-shot-object-detection
tacticImplementation | 2026-02-01 01:47:15,586 | INFO | tacticImplementation | SUCCESS | time=0.0s
tacticImplementation | 2026-02-01 01:47:29,331 | INFO | tacticImplementation |START
tacticImplementation | 2026-02-01 01:47:29,332 | WARNING | No selected tactic for LinkedInt
tacticImplementation | 2026-02-01 01:47:29,332 | INFO | tacticImplementation | SUCCESS | time=0.0s
tacticImplementation | 2026-02-01 01:47:44,054 | INFO | tacticImplementation |START
tacticImplementation | 2026-02-01 01:47:44,080 | INFO | Installing dependencies for Hosts_scan
tacticImplementation | 2026-02-01 01:48:03,281 | ERROR | Failed to parse LLM response: Ollama cloud chat failed: Service Temporarily Unavailable (status code: 503)
tacticImplementation | 2026-02-01 01:48:03,288 | INFO | tacticImplementation | SUCCESS | time=19.23s
tacticImplementation | 2026-02-01 01:48:33,196 | INFO | tacticImplementation |START
tacticImplementation | 2026-02-01 01:48:33,220 | INFO | Installing dependencies for fav-up
tacticImplementation | 2026-02-01 01:48:51,460 | ERROR | Dependency installation failed:
  error: subprocess-exited-with-error
  
  Г— Building wheel for mmh3 (pyproject.toml) did not run successfully.
  в”‚ exit code: 1
  в•°в”Ђ> [18 lines of output]
      C:\Users\Saveliy\AppData\Local\Temp\pip-build-env-uf26p0gi\overlay\Lib\site-packages\setuptools\dist.py:765: SetuptoolsDeprecationWarning: License classifiers are deprecated.
      !!
      
              ********************************************************************************
              Please consider removing the following classifiers in favor of a SPDX license expression:
      
              License :: CC0 1.0 Universal (CC0 1.0) Public Domain Dedication
      
              See https://packaging.python.org/en/latest/guides/writing-pyproject-toml/#license for details.
              ********************************************************************************
      
      !!
        self._finalize_license_expression()
      running bdist_wheel
      running build
      running build_ext
      building 'mmh3' extension
      error: Microsoft Visual C++ 14.0 or greater is required. Get it with "Microsoft C++ Build Tools": https://visualstudio.microsoft.com/visual-cpp-build-tools/
      [end of output]
  
  note: This error originates from a subprocess, and is likely not a problem with pip.
  ERROR: Failed building wheel for mmh3

[notice] A new release of pip is available: 25.3 -> 26.0
[notice] To update, run: python.exe -m pip install --upgrade pip
error: failed-wheel-build-for-install

Г— Failed to build installable wheels for some pyproject.toml based projects
в•°в”Ђ> mmh3

tacticImplementation | 2026-02-01 01:48:51,460 | ERROR | Skipping repo fav-up due to dependency installation failure
tacticImplementation | 2026-02-01 01:48:51,460 | INFO | tacticImplementation | SUCCESS | time=18.26s
tacticImplementation | 2026-02-01 01:49:27,750 | INFO | tacticImplementation |START
tacticImplementation | 2026-02-01 01:49:27,776 | INFO | Installing dependencies for django-admin2
tacticImplementation | 2026-02-01 01:50:16,112 | INFO | Created file: artifacts_create_dataset\repos\django-admin2\djadmin2\tests\test_reduced_coupling.py
tacticImplementation | 2026-02-01 01:50:16,916 | INFO | Tests failed (expected for TDD), continuing
tacticImplementation | 2026-02-01 01:50:28,498 | ERROR | Failed to parse LLM response: Ollama cloud chat failed: Service Temporarily Unavailable (status code: 503)
tacticImplementation | 2026-02-01 01:50:28,501 | INFO | tacticImplementation | SUCCESS | time=60.75s
tacticImplementation | 2026-02-01 01:50:42,032 | INFO | tacticImplementation |START
tacticImplementation | 2026-02-01 01:50:42,032 | WARNING | No selected tactic for ps4-exploit-host
tacticImplementation | 2026-02-01 01:50:42,032 | INFO | tacticImplementation | SUCCESS | time=0.0s
tacticImplementation | 2026-02-01 01:51:16,089 | INFO | tacticImplementation |START
tacticImplementation | 2026-02-01 01:51:16,090 | WARNING | No selected tactic for budou
tacticImplementation | 2026-02-01 01:51:16,090 | INFO | tacticImplementation | SUCCESS | time=0.0s
tacticImplementation | 2026-02-01 01:51:30,907 | INFO | tacticImplementation |START
tacticImplementation | 2026-02-01 01:51:30,908 | WARNING | No selected tactic for Varken
tacticImplementation | 2026-02-01 01:51:30,908 | INFO | tacticImplementation | SUCCESS | time=0.0s
tacticImplementation | 2026-02-01 01:51:47,001 | INFO | tacticImplementation |START
tacticImplementation | 2026-02-01 01:51:47,002 | WARNING | No selected tactic for python-websocket-server
tacticImplementation | 2026-02-01 01:51:47,002 | INFO | tacticImplementation | SUCCESS | time=0.0s
tacticImplementation | 2026-02-01 01:52:03,071 | INFO | tacticImplementation |START
tacticImplementation | 2026-02-01 01:52:03,073 | WARNING | No selected tactic for siuba
tacticImplementation | 2026-02-01 01:52:03,073 | INFO | tacticImplementation | SUCCESS | time=0.0s
tacticImplementation | 2026-02-01 01:52:39,929 | INFO | tacticImplementation |START
tacticImplementation | 2026-02-01 01:52:39,929 | WARNING | No selected tactic for kubediff
tacticImplementation | 2026-02-01 01:52:39,930 | INFO | tacticImplementation | SUCCESS | time=0.0s
tacticImplementation | 2026-02-01 01:52:53,624 | INFO | tacticImplementation |START
tacticImplementation | 2026-02-01 01:52:53,624 | WARNING | No selected tactic for ChatMock
tacticImplementation | 2026-02-01 01:52:53,625 | INFO | tacticImplementation | SUCCESS | time=0.0s
tacticImplementation | 2026-02-01 01:53:16,083 | INFO | tacticImplementation |START
tacticImplementation | 2026-02-01 01:53:16,084 | WARNING | No selected tactic for TrackEval
tacticImplementation | 2026-02-01 01:53:16,084 | INFO | tacticImplementation | SUCCESS | time=0.0s
tacticImplementation | 2026-02-01 01:53:42,464 | INFO | tacticImplementation |START
tacticImplementation | 2026-02-01 01:53:42,465 | WARNING | No selected tactic for PySpace
tacticImplementation | 2026-02-01 01:53:42,466 | INFO | tacticImplementation | SUCCESS | time=0.0s
tacticImplementation | 2026-02-01 01:54:07,029 | INFO | tacticImplementation |START
tacticImplementation | 2026-02-01 01:54:07,059 | INFO | Installing dependencies for django-treebeard
tacticImplementation | 2026-02-01 01:54:38,398 | ERROR | Failed to parse LLM response: Ollama cloud chat failed: Service Temporarily Unavailable (status code: 503)
tacticImplementation | 2026-02-01 01:54:38,405 | INFO | tacticImplementation | SUCCESS | time=31.38s
tacticImplementation | 2026-02-01 01:55:14,249 | INFO | tacticImplementation |START
tacticImplementation | 2026-02-01 01:55:14,250 | WARNING | No selected tactic for Telepathy-Community
tacticImplementation | 2026-02-01 01:55:14,250 | INFO | tacticImplementation | SUCCESS | time=0.0s
tacticImplementation | 2026-02-01 01:55:28,174 | INFO | tacticImplementation |START
tacticImplementation | 2026-02-01 01:55:28,174 | WARNING | No selected tactic for dianping_spider
tacticImplementation | 2026-02-01 01:55:28,175 | INFO | tacticImplementation | SUCCESS | time=0.0s
tacticImplementation | 2026-02-01 01:55:41,591 | INFO | tacticImplementation |START
tacticImplementation | 2026-02-01 01:55:41,591 | WARNING | No selected tactic for JSON2YOLO
tacticImplementation | 2026-02-01 01:55:41,592 | INFO | tacticImplementation | SUCCESS | time=0.0s
tacticImplementation | 2026-02-01 01:55:54,399 | INFO | tacticImplementation |START
tacticImplementation | 2026-02-01 01:55:54,399 | WARNING | No selected tactic for Zefoy-TikTok-Automator
tacticImplementation | 2026-02-01 01:55:54,400 | INFO | tacticImplementation | SUCCESS | time=0.0s
tacticImplementation | 2026-02-01 01:56:07,174 | INFO | tacticImplementation |START
tacticImplementation | 2026-02-01 01:56:07,174 | WARNING | No selected tactic for gemini-teacher
tacticImplementation | 2026-02-01 01:56:07,175 | INFO | tacticImplementation | SUCCESS | time=0.0s
tacticImplementation | 2026-02-01 01:56:26,249 | INFO | tacticImplementation |START
tacticImplementation | 2026-02-01 01:56:26,272 | INFO | Installing dependencies for finance
tacticImplementation | 2026-02-01 01:58:23,495 | INFO | Created file: artifacts_create_dataset\repos\finance\test_portfolio.py
tacticImplementation | 2026-02-01 01:58:24,383 | INFO | Tests failed (expected for TDD), continuing
tacticImplementation | 2026-02-01 01:58:26,867 | INFO | Modified file: artifacts_create_dataset\repos\finance\test_portfolio.py
tacticImplementation | 2026-02-01 01:58:27,711 | INFO | Tests failed (expected for TDD), continuing
tacticImplementation | 2026-02-01 01:58:40,373 | INFO | Modified file: artifacts_create_dataset\repos\finance\test_portfolio.py
tacticImplementation | 2026-02-01 01:58:41,176 | INFO | Tests failed (expected for TDD), continuing
tacticImplementation | 2026-02-01 01:58:53,081 | ERROR | Failed to parse LLM response: Ollama cloud chat failed: Service Temporarily Unavailable (status code: 503)
tacticImplementation | 2026-02-01 01:58:53,083 | INFO | tacticImplementation | SUCCESS | time=146.83s
tacticImplementation | 2026-02-01 02:00:10,393 | INFO | tacticImplementation |START
tacticImplementation | 2026-02-01 02:00:10,421 | INFO | Installing dependencies for sdk_python
tacticImplementation | 2026-02-01 02:00:25,007 | ERROR | Dependency installation failed:
  error: subprocess-exited-with-error
  
  Г— Getting requirements to build wheel did not run successfully.
  в”‚ exit code: 1
  в•°в”Ђ> [37 lines of output]
      Testing support for clang
      Traceback (most recent call last):
        File "D:\pythonProjects\get_git_repos\.venv\Lib\site-packages\pip\_vendor\pyproject_hooks\_in_process\_in_process.py", line 389, in <module>
          main()
        File "D:\pythonProjects\get_git_repos\.venv\Lib\site-packages\pip\_vendor\pyproject_hooks\_in_process\_in_process.py", line 373, in main
          json_out["return_val"] = hook(**hook_input["kwargs"])
                                   ^^^^^^^^^^^^^^^^^^^^^^^^^^^^
        File "D:\pythonProjects\get_git_repos\.venv\Lib\site-packages\pip\_vendor\pyproject_hooks\_in_process\_in_process.py", line 143, in get_requires_for_build_wheel
          return hook(config_settings)
                 ^^^^^^^^^^^^^^^^^^^^^
        File "C:\Users\Saveliy\AppData\Local\Temp\pip-build-env-871asndg\overlay\Lib\site-packages\setuptools\build_meta.py", line 333, in get_requires_for_build_wheel
          return self._get_build_requires(config_settings, requirements=[])
                 ^^^^^^^^^^^^^^^^^^^^^^^^^^^^^^^^^^^^^^^^^^^^^^^^^^^^^^^^^^
        File "C:\Users\Saveliy\AppData\Local\Temp\pip-build-env-871asndg\overlay\Lib\site-packages\setuptools\build_meta.py", line 301, in _get_build_requires
          self.run_setup()
        File "C:\Users\Saveliy\AppData\Local\Temp\pip-build-env-871asndg\overlay\Lib\site-packages\setuptools\build_meta.py", line 518, in run_setup
          super().run_setup(setup_script=setup_script)
        File "C:\Users\Saveliy\AppData\Local\Temp\pip-build-env-871asndg\overlay\Lib\site-packages\setuptools\build_meta.py", line 317, in run_setup
          exec(code, locals())
        File "<string>", line 457, in <module>
        File "C:\Users\Saveliy\AppData\Local\Temp\pip-install-nxu7ory4\pycryptodomex_a99a31c9396442d9a57f752ea4558992\compiler_opt.py", line 341, in set_compiler_options
          clang = compiler_is_clang()
                  ^^^^^^^^^^^^^^^^^^^
        File "C:\Users\Saveliy\AppData\Local\Temp\pip-install-nxu7ory4\pycryptodomex_a99a31c9396442d9a57f752ea4558992\compiler_opt.py", line 251, in compiler_is_clang
          return test_compilation(source, msg="clang")
                 ^^^^^^^^^^^^^^^^^^^^^^^^^^^^^^^^^^^^^
        File "C:\Users\Saveliy\AppData\Local\Temp\pip-install-nxu7ory4\pycryptodomex_a99a31c9396442d9a57f752ea4558992\compiler_opt.py", line 82, in test_compilation
          objects = compiler.compile([fname], extra_postargs=extra_cc_options)
                    ^^^^^^^^^^^^^^^^^^^^^^^^^^^^^^^^^^^^^^^^^^^^^^^^^^^^^^^^^^
        File "C:\Users\Saveliy\AppData\Local\Temp\pip-build-env-871asndg\overlay\Lib\site-packages\setuptools\_distutils\compilers\C\msvc.py", line 384, in compile
          self.initialize()
        File "C:\Users\Saveliy\AppData\Local\Temp\pip-build-env-871asndg\overlay\Lib\site-packages\setuptools\_distutils\compilers\C\msvc.py", line 294, in initialize
          vc_env = _get_vc_env(plat_spec)
                   ^^^^^^^^^^^^^^^^^^^^^^
        File "C:\Users\Saveliy\AppData\Local\Temp\pip-build-env-871asndg\overlay\Lib\site-packages\setuptools\_distutils\compilers\C\msvc.py", line 155, in _get_vc_env
          raise DistutilsPlatformError(
      distutils.errors.DistutilsPlatformError: Microsoft Visual C++ 14.0 or greater is required. Get it with "Microsoft C++ Build Tools": https://visualstudio.microsoft.com/visual-cpp-build-tools/
      [end of output]
  
  note: This error originates from a subprocess, and is likely not a problem with pip.

[notice] A new release of pip is available: 25.3 -> 26.0
[notice] To update, run: python.exe -m pip install --upgrade pip
ERROR: Failed to build 'pycryptodomex' when getting requirements to build wheel

tacticImplementation | 2026-02-01 02:00:25,007 | ERROR | Skipping repo sdk_python due to dependency installation failure
tacticImplementation | 2026-02-01 02:00:25,009 | INFO | tacticImplementation | SUCCESS | time=14.62s
tacticImplementation | 2026-02-01 02:00:41,283 | INFO | tacticImplementation |START
tacticImplementation | 2026-02-01 02:00:41,299 | INFO | Installing dependencies for mendeley-python-sdk
tacticImplementation | 2026-02-01 02:02:30,255 | INFO | Created file: artifacts_create_dataset\repos\mendeley-python-sdk\test\test_auth_separation.py
tacticImplementation | 2026-02-01 02:02:32,265 | INFO | Tests failed (expected for TDD), continuing
tacticImplementation | 2026-02-01 02:02:53,829 | INFO | Modified file: artifacts_create_dataset\repos\mendeley-python-sdk\test\test_auth_separation.py
tacticImplementation | 2026-02-01 02:02:54,852 | INFO | Tests failed (expected for TDD), continuing
tacticImplementation | 2026-02-01 02:03:05,555 | INFO | Modified file: artifacts_create_dataset\repos\mendeley-python-sdk\test\test_auth_separation.py
tacticImplementation | 2026-02-01 02:03:06,545 | INFO | Tests failed (expected for TDD), continuing
tacticImplementation | 2026-02-01 02:03:19,466 | INFO | Created file: artifacts_create_dataset\repos\mendeley-python-sdk\test\test_auth_separation.py
tacticImplementation | 2026-02-01 02:03:20,487 | INFO | Tests failed (expected for TDD), continuing
tacticImplementation | 2026-02-01 02:03:32,721 | ERROR | Failed to parse LLM response: Ollama cloud chat failed: Service Temporarily Unavailable (status code: 503)
tacticImplementation | 2026-02-01 02:03:32,724 | INFO | tacticImplementation | SUCCESS | time=171.44s
tacticImplementation | 2026-02-01 02:03:47,132 | INFO | tacticImplementation |START
tacticImplementation | 2026-02-01 02:03:47,132 | WARNING | No selected tactic for elasticsearch-dbapi
tacticImplementation | 2026-02-01 02:03:47,133 | INFO | tacticImplementation | SUCCESS | time=0.0s
tacticImplementation | 2026-02-01 02:04:01,221 | INFO | tacticImplementation |START
tacticImplementation | 2026-02-01 02:04:01,222 | WARNING | No selected tactic for Railway-Management
tacticImplementation | 2026-02-01 02:04:01,222 | INFO | tacticImplementation | SUCCESS | time=0.0s
tacticImplementation | 2026-02-01 02:04:33,965 | INFO | tacticImplementation |START
tacticImplementation | 2026-02-01 02:04:33,965 | WARNING | No selected tactic for comfystream
tacticImplementation | 2026-02-01 02:04:33,965 | INFO | tacticImplementation | SUCCESS | time=0.0s
tacticImplementation | 2026-02-01 02:04:48,649 | INFO | tacticImplementation |START
tacticImplementation | 2026-02-01 02:04:48,649 | WARNING | No selected tactic for ctcache
tacticImplementation | 2026-02-01 02:04:48,650 | INFO | tacticImplementation | SUCCESS | time=0.0s
tacticImplementation | 2026-02-01 02:05:02,305 | INFO | tacticImplementation |START
tacticImplementation | 2026-02-01 02:05:02,305 | WARNING | No selected tactic for domi-owned
tacticImplementation | 2026-02-01 02:05:02,305 | INFO | tacticImplementation | SUCCESS | time=0.0s
tacticImplementation | 2026-02-01 02:05:31,547 | INFO | tacticImplementation |START
tacticImplementation | 2026-02-01 02:05:31,564 | INFO | Installing dependencies for GithubLeakAlert
tacticImplementation | 2026-02-01 02:05:44,592 | ERROR | Failed to parse LLM response: Ollama cloud chat failed: Service Temporarily Unavailable (status code: 503)
tacticImplementation | 2026-02-01 02:05:44,600 | INFO | tacticImplementation | SUCCESS | time=13.05s
tacticImplementation | 2026-02-01 02:05:58,984 | INFO | tacticImplementation |START
tacticImplementation | 2026-02-01 02:05:58,984 | WARNING | No selected tactic for MkDoxy
tacticImplementation | 2026-02-01 02:05:58,985 | INFO | tacticImplementation | SUCCESS | time=0.0s
tacticImplementation | 2026-02-01 02:06:27,637 | INFO | tacticImplementation |START
tacticImplementation | 2026-02-01 02:06:27,657 | INFO | Installing dependencies for coinbase-advancedtrade-python
tacticImplementation | 2026-02-01 02:06:58,009 | INFO | Created file: artifacts_create_dataset\repos\coinbase-advancedtrade-python\coinbase_advanced_trader\tests\test_dependency_injection.py
tacticImplementation | 2026-02-01 02:06:58,840 | INFO | Tests failed (expected for TDD), continuing
tacticImplementation | 2026-02-01 02:07:14,773 | INFO | Modified file: artifacts_create_dataset\repos\coinbase-advancedtrade-python\coinbase_advanced_trader\tests\test_dependency_injection.py
tacticImplementation | 2026-02-01 02:07:15,577 | INFO | Tests failed (expected for TDD), continuing
tacticImplementation | 2026-02-01 02:07:19,158 | INFO | Modified file: artifacts_create_dataset\repos\coinbase-advancedtrade-python\coinbase_advanced_trader\tests\test_dependency_injection.py
tacticImplementation | 2026-02-01 02:07:19,907 | INFO | Tests failed (expected for TDD), continuing
tacticImplementation | 2026-02-01 02:07:24,606 | INFO | Modified file: artifacts_create_dataset\repos\coinbase-advancedtrade-python\coinbase_advanced_trader\tests\test_dependency_injection.py
tacticImplementation | 2026-02-01 02:07:25,435 | INFO | Tests failed (expected for TDD), continuing
tacticImplementation | 2026-02-01 02:07:30,697 | INFO | Modified file: artifacts_create_dataset\repos\coinbase-advancedtrade-python\coinbase_advanced_trader\tests\test_dependency_injection.py
tacticImplementation | 2026-02-01 02:07:31,533 | INFO | Tests failed (expected for TDD), continuing
tacticImplementation | 2026-02-01 02:07:51,604 | INFO | Modified file: artifacts_create_dataset\repos\coinbase-advancedtrade-python\coinbase_advanced_trader\tests\test_dependency_injection.py
tacticImplementation | 2026-02-01 02:07:52,496 | INFO | Tests failed (expected for TDD), continuing
tacticImplementation | 2026-02-01 02:07:57,809 | INFO | Modified file: artifacts_create_dataset\repos\coinbase-advancedtrade-python\coinbase_advanced_trader\tests\test_dependency_injection.py
tacticImplementation | 2026-02-01 02:07:58,694 | INFO | Tests failed (expected for TDD), continuing
tacticImplementation | 2026-02-01 02:08:05,984 | INFO | Modified file: artifacts_create_dataset\repos\coinbase-advancedtrade-python\coinbase_advanced_trader\tests\test_dependency_injection.py
tacticImplementation | 2026-02-01 02:08:06,760 | INFO | Tests failed (expected for TDD), continuing
tacticImplementation | 2026-02-01 02:08:21,039 | INFO | Modified file: artifacts_create_dataset\repos\coinbase-advancedtrade-python\coinbase_advanced_trader\tests\test_dependency_injection.py
tacticImplementation | 2026-02-01 02:08:21,838 | INFO | Tests failed (expected for TDD), continuing
tacticImplementation | 2026-02-01 02:08:34,042 | INFO | Modified file: artifacts_create_dataset\repos\coinbase-advancedtrade-python\coinbase_advanced_trader\tests\test_dependency_injection.py
tacticImplementation | 2026-02-01 02:08:34,861 | INFO | Tests failed (expected for TDD), continuing
tacticImplementation | 2026-02-01 02:08:50,390 | INFO | Modified file: artifacts_create_dataset\repos\coinbase-advancedtrade-python\coinbase_advanced_trader\tests\test_dependency_injection.py
tacticImplementation | 2026-02-01 02:08:51,139 | INFO | Tests failed (expected for TDD), continuing
tacticImplementation | 2026-02-01 02:09:03,739 | INFO | Modified file: artifacts_create_dataset\repos\coinbase-advancedtrade-python\coinbase_advanced_trader\tests\test_dependency_injection.py
tacticImplementation | 2026-02-01 02:09:04,563 | INFO | Tests failed (expected for TDD), continuing
tacticImplementation | 2026-02-01 02:09:17,588 | ERROR | Failed to parse LLM response: Ollama cloud chat failed: Service Temporarily Unavailable (status code: 503)
tacticImplementation | 2026-02-01 02:09:17,591 | INFO | tacticImplementation | SUCCESS | time=169.95s
tacticImplementation | 2026-02-01 02:09:42,121 | INFO | tacticImplementation |START
tacticImplementation | 2026-02-01 02:09:42,134 | INFO | Installing dependencies for pyexcel-xlsx
tacticImplementation | 2026-02-01 02:09:57,916 | ERROR | Failed to parse LLM response: Ollama cloud chat failed: Service Temporarily Unavailable (status code: 503)
tacticImplementation | 2026-02-01 02:09:57,925 | INFO | tacticImplementation | SUCCESS | time=15.8s
tacticImplementation | 2026-02-01 02:10:18,493 | INFO | tacticImplementation |START
tacticImplementation | 2026-02-01 02:10:18,494 | WARNING | No selected tactic for samsung-tv-api
tacticImplementation | 2026-02-01 02:10:18,494 | INFO | tacticImplementation | SUCCESS | time=0.0s
tacticImplementation | 2026-02-01 02:10:38,211 | INFO | tacticImplementation |START
tacticImplementation | 2026-02-01 02:10:38,211 | WARNING | No selected tactic for sars-fastapi
tacticImplementation | 2026-02-01 02:10:38,211 | INFO | tacticImplementation | SUCCESS | time=0.0s
tacticImplementation | 2026-02-01 02:10:56,146 | INFO | tacticImplementation |START
tacticImplementation | 2026-02-01 02:10:56,146 | WARNING | No selected tactic for status.balancedpayments.com
tacticImplementation | 2026-02-01 02:10:56,147 | INFO | tacticImplementation | SUCCESS | time=0.0s
tacticImplementation | 2026-02-01 02:11:29,860 | INFO | tacticImplementation |START
tacticImplementation | 2026-02-01 02:11:29,894 | INFO | Installing dependencies for stremio-gdrive
tacticImplementation | 2026-02-01 02:11:53,805 | ERROR | Dependency installation failed:
  error: subprocess-exited-with-error
  
  Г— Building wheel for lxml (pyproject.toml) did not run successfully.
  в”‚ exit code: 1
  в•°в”Ђ> [86 lines of output]
      <string>:114: SyntaxWarning: invalid escape sequence '\.'
      Building lxml version 4.7.1.
      <string>:67: UserWarning: pkg_resources is deprecated as an API. See https://setuptools.pypa.io/en/latest/pkg_resources.html. The pkg_resources package is slated for removal as early as 2025-11-30. Refrain from using this package or pin to Setuptools<81.
      Building without Cython.
      Building against pre-built libxml2 andl libxslt libraries
      C:\Users\Saveliy\AppData\Local\Temp\pip-build-env-pysp2clw\overlay\Lib\site-packages\setuptools\dist.py:765: SetuptoolsDeprecationWarning: License classifiers are deprecated.
      !!
      
              ********************************************************************************
              Please consider removing the following classifiers in favor of a SPDX license expression:
      
              License :: OSI Approved :: BSD License
      
              See https://packaging.python.org/en/latest/guides/writing-pyproject-toml/#license for details.
              ********************************************************************************
      
      !!
        self._finalize_license_expression()
      running bdist_wheel
      running build
      running build_py
      creating build\lib.win-amd64-cpython-312\lxml
      copying src\lxml\builder.py -> build\lib.win-amd64-cpython-312\lxml
      copying src\lxml\cssselect.py -> build\lib.win-amd64-cpython-312\lxml
      copying src\lxml\doctestcompare.py -> build\lib.win-amd64-cpython-312\lxml
      copying src\lxml\ElementInclude.py -> build\lib.win-amd64-cpython-312\lxml
      copying src\lxml\pyclasslookup.py -> build\lib.win-amd64-cpython-312\lxml
      copying src\lxml\sax.py -> build\lib.win-amd64-cpython-312\lxml
      copying src\lxml\usedoctest.py -> build\lib.win-amd64-cpython-312\lxml
      copying src\lxml\_elementpath.py -> build\lib.win-amd64-cpython-312\lxml
      copying src\lxml\__init__.py -> build\lib.win-amd64-cpython-312\lxml
      creating build\lib.win-amd64-cpython-312\lxml\includes
      copying src\lxml\includes\__init__.py -> build\lib.win-amd64-cpython-312\lxml\includes
      creating build\lib.win-amd64-cpython-312\lxml\html
      copying src\lxml\html\builder.py -> build\lib.win-amd64-cpython-312\lxml\html
      copying src\lxml\html\clean.py -> build\lib.win-amd64-cpython-312\lxml\html
      copying src\lxml\html\defs.py -> build\lib.win-amd64-cpython-312\lxml\html
      copying src\lxml\html\diff.py -> build\lib.win-amd64-cpython-312\lxml\html
      copying src\lxml\html\ElementSoup.py -> build\lib.win-amd64-cpython-312\lxml\html
      copying src\lxml\html\formfill.py -> build\lib.win-amd64-cpython-312\lxml\html
      copying src\lxml\html\html5parser.py -> build\lib.win-amd64-cpython-312\lxml\html
      copying src\lxml\html\soupparser.py -> build\lib.win-amd64-cpython-312\lxml\html
      copying src\lxml\html\usedoctest.py -> build\lib.win-amd64-cpython-312\lxml\html
      copying src\lxml\html\_diffcommand.py -> build\lib.win-amd64-cpython-312\lxml\html
      copying src\lxml\html\_html5builder.py -> build\lib.win-amd64-cpython-312\lxml\html
      copying src\lxml\html\_setmixin.py -> build\lib.win-amd64-cpython-312\lxml\html
      copying src\lxml\html\__init__.py -> build\lib.win-amd64-cpython-312\lxml\html
      creating build\lib.win-amd64-cpython-312\lxml\isoschematron
      copying src\lxml\isoschematron\__init__.py -> build\lib.win-amd64-cpython-312\lxml\isoschematron
      copying src\lxml\etree.h -> build\lib.win-amd64-cpython-312\lxml
      copying src\lxml\etree_api.h -> build\lib.win-amd64-cpython-312\lxml
      copying src\lxml\lxml.etree.h -> build\lib.win-amd64-cpython-312\lxml
      copying src\lxml\lxml.etree_api.h -> build\lib.win-amd64-cpython-312\lxml
      copying src\lxml\includes\c14n.pxd -> build\lib.win-amd64-cpython-312\lxml\includes
      copying src\lxml\includes\config.pxd -> build\lib.win-amd64-cpython-312\lxml\includes
      copying src\lxml\includes\dtdvalid.pxd -> build\lib.win-amd64-cpython-312\lxml\includes
      copying src\lxml\includes\etreepublic.pxd -> build\lib.win-amd64-cpython-312\lxml\includes
      copying src\lxml\includes\htmlparser.pxd -> build\lib.win-amd64-cpython-312\lxml\includes
      copying src\lxml\includes\relaxng.pxd -> build\lib.win-amd64-cpython-312\lxml\includes
      copying src\lxml\includes\schematron.pxd -> build\lib.win-amd64-cpython-312\lxml\includes
      copying src\lxml\includes\tree.pxd -> build\lib.win-amd64-cpython-312\lxml\includes
      copying src\lxml\includes\uri.pxd -> build\lib.win-amd64-cpython-312\lxml\includes
      copying src\lxml\includes\xinclude.pxd -> build\lib.win-amd64-cpython-312\lxml\includes
      copying src\lxml\includes\xmlerror.pxd -> build\lib.win-amd64-cpython-312\lxml\includes
      copying src\lxml\includes\xmlparser.pxd -> build\lib.win-amd64-cpython-312\lxml\includes
      copying src\lxml\includes\xmlschema.pxd -> build\lib.win-amd64-cpython-312\lxml\includes
      copying src\lxml\includes\xpath.pxd -> build\lib.win-amd64-cpython-312\lxml\includes
      copying src\lxml\includes\xslt.pxd -> build\lib.win-amd64-cpython-312\lxml\includes
      copying src\lxml\includes\__init__.pxd -> build\lib.win-amd64-cpython-312\lxml\includes
      copying src\lxml\includes\etree_defs.h -> build\lib.win-amd64-cpython-312\lxml\includes
      copying src\lxml\includes\lxml-version.h -> build\lib.win-amd64-cpython-312\lxml\includes
      creating build\lib.win-amd64-cpython-312\lxml\isoschematron\resources\rng
      copying src\lxml\isoschematron\resources\rng\iso-schematron.rng -> build\lib.win-amd64-cpython-312\lxml\isoschematron\resources\rng
      creating build\lib.win-amd64-cpython-312\lxml\isoschematron\resources\xsl
      copying src\lxml\isoschematron\resources\xsl\RNG2Schtrn.xsl -> build\lib.win-amd64-cpython-312\lxml\isoschematron\resources\xsl
      copying src\lxml\isoschematron\resources\xsl\XSD2Schtrn.xsl -> build\lib.win-amd64-cpython-312\lxml\isoschematron\resources\xsl
      creating build\lib.win-amd64-cpython-312\lxml\isoschematron\resources\xsl\iso-schematron-xslt1
      copying src\lxml\isoschematron\resources\xsl\iso-schematron-xslt1\iso_abstract_expand.xsl -> build\lib.win-amd64-cpython-312\lxml\isoschematron\resources\xsl\iso-schematron-xslt1
      copying src\lxml\isoschematron\resources\xsl\iso-schematron-xslt1\iso_dsdl_include.xsl -> build\lib.win-amd64-cpython-312\lxml\isoschematron\resources\xsl\iso-schematron-xslt1
      copying src\lxml\isoschematron\resources\xsl\iso-schematron-xslt1\iso_schematron_message.xsl -> build\lib.win-amd64-cpython-312\lxml\isoschematron\resources\xsl\iso-schematron-xslt1
      copying src\lxml\isoschematron\resources\xsl\iso-schematron-xslt1\iso_schematron_skeleton_for_xslt1.xsl -> build\lib.win-amd64-cpython-312\lxml\isoschematron\resources\xsl\iso-schematron-xslt1
      copying src\lxml\isoschematron\resources\xsl\iso-schematron-xslt1\iso_svrl_for_xslt1.xsl -> build\lib.win-amd64-cpython-312\lxml\isoschematron\resources\xsl\iso-schematron-xslt1
      copying src\lxml\isoschematron\resources\xsl\iso-schematron-xslt1\readme.txt -> build\lib.win-amd64-cpython-312\lxml\isoschematron\resources\xsl\iso-schematron-xslt1
      running build_ext
      building 'lxml.etree' extension
      error: Microsoft Visual C++ 14.0 or greater is required. Get it with "Microsoft C++ Build Tools": https://visualstudio.microsoft.com/visual-cpp-build-tools/
      [end of output]
  
  note: This error originates from a subprocess, and is likely not a problem with pip.
  ERROR: Failed building wheel for lxml
  error: subprocess-exited-with-error
  
  Г— Building wheel for cchardet (pyproject.toml) did not run successfully.
  в”‚ exit code: 1
  в•°в”Ђ> [24 lines of output]
      C:\Users\Saveliy\AppData\Local\Temp\pip-build-env-265khjjl\overlay\Lib\site-packages\setuptools\dist.py:765: SetuptoolsDeprecationWarning: License classifiers are deprecated.
      !!
      
              ********************************************************************************
              Please consider removing the following classifiers in favor of a SPDX license expression:
      
              License :: OSI Approved :: Mozilla Public License 1.1 (MPL 1.1)
              License :: OSI Approved :: GNU General Public License (GPL)
              License :: OSI Approved :: GNU Library or Lesser General Public License (LGPL)
      
              See https://packaging.python.org/en/latest/guides/writing-pyproject-toml/#license for details.
              ********************************************************************************
      
      !!
        self._finalize_license_expression()
      running bdist_wheel
      running build
      running build_py
      creating build\lib.win-amd64-cpython-312\cchardet
      copying src\cchardet\version.py -> build\lib.win-amd64-cpython-312\cchardet
      copying src\cchardet\__init__.py -> build\lib.win-amd64-cpython-312\cchardet
      running build_ext
      building 'cchardet._cchardet' extension
      error: Microsoft Visual C++ 14.0 or greater is required. Get it with "Microsoft C++ Build Tools": https://visualstudio.microsoft.com/visual-cpp-build-tools/
      [end of output]
  
  note: This error originates from a subprocess, and is likely not a problem with pip.
  ERROR: Failed building wheel for cchardet

[notice] A new release of pip is available: 25.3 -> 26.0
[notice] To update, run: python.exe -m pip install --upgrade pip
error: failed-wheel-build-for-install

Г— Failed to build installable wheels for some pyproject.toml based projects
в•°в”Ђ> lxml, cchardet

tacticImplementation | 2026-02-01 02:11:53,810 | ERROR | Skipping repo stremio-gdrive due to dependency installation failure
tacticImplementation | 2026-02-01 02:11:53,810 | INFO | tacticImplementation | SUCCESS | time=23.95s
tacticImplementation | 2026-02-01 02:12:49,281 | INFO | tacticImplementation |START
tacticImplementation | 2026-02-01 02:12:49,305 | INFO | Installing dependencies for FoodSeg103-Benchmark-v1
tacticImplementation | 2026-02-01 02:13:24,959 | ERROR | Failed to parse LLM response: Ollama cloud chat failed: Service Temporarily Unavailable (status code: 503)
tacticImplementation | 2026-02-01 02:13:24,961 | INFO | tacticImplementation | SUCCESS | time=35.68s
tacticImplementation | 2026-02-01 02:13:39,473 | INFO | tacticImplementation |START
tacticImplementation | 2026-02-01 02:13:39,474 | WARNING | No selected tactic for MiseryVideoStream
tacticImplementation | 2026-02-01 02:13:39,474 | INFO | tacticImplementation | SUCCESS | time=0.0s
tacticImplementation | 2026-02-01 02:14:03,259 | INFO | tacticImplementation |START
tacticImplementation | 2026-02-01 02:14:03,283 | INFO | Installing dependencies for Auto-Filter-V5
tacticImplementation | 2026-02-01 02:14:38,296 | ERROR | Dependency installation failed:
  error: subprocess-exited-with-error
  
  Г— Building wheel for tgcrypto (pyproject.toml) did not run successfully.
  в”‚ exit code: 1
  в•°в”Ђ> [32 lines of output]
      C:\Users\Saveliy\AppData\Local\Temp\pip-build-env-8v4ltk8w\overlay\Lib\site-packages\setuptools\_distutils\dist.py:289: UserWarning: Unknown distribution option: 'test_suite'
        warnings.warn(msg)
      C:\Users\Saveliy\AppData\Local\Temp\pip-build-env-8v4ltk8w\overlay\Lib\site-packages\setuptools\dist.py:765: SetuptoolsDeprecationWarning: License classifiers are deprecated.
      !!
      
              ********************************************************************************
              Please consider removing the following classifiers in favor of a SPDX license expression:
      
              License :: OSI Approved :: GNU Lesser General Public License v3 or later (LGPLv3+)
      
              See https://packaging.python.org/en/latest/guides/writing-pyproject-toml/#license for details.
              ********************************************************************************
      
      !!
        self._finalize_license_expression()
      running bdist_wheel
      running build
      running build_py
      creating build\lib.win-amd64-cpython-312\tests
      copying tests\__init__.py -> build\lib.win-amd64-cpython-312\tests
      creating build\lib.win-amd64-cpython-312\tests\cbc
      copying tests\cbc\test_cbc.py -> build\lib.win-amd64-cpython-312\tests\cbc
      copying tests\cbc\__init__.py -> build\lib.win-amd64-cpython-312\tests\cbc
      creating build\lib.win-amd64-cpython-312\tests\ctr
      copying tests\ctr\test_ctr.py -> build\lib.win-amd64-cpython-312\tests\ctr
      copying tests\ctr\__init__.py -> build\lib.win-amd64-cpython-312\tests\ctr
      creating build\lib.win-amd64-cpython-312\tests\ige
      copying tests\ige\test_ige.py -> build\lib.win-amd64-cpython-312\tests\ige
      copying tests\ige\__init__.py -> build\lib.win-amd64-cpython-312\tests\ige
      running build_ext
      building 'tgcrypto' extension
      error: Microsoft Visual C++ 14.0 or greater is required. Get it with "Microsoft C++ Build Tools": https://visualstudio.microsoft.com/visual-cpp-build-tools/
      [end of output]
  
  note: This error originates from a subprocess, and is likely not a problem with pip.
  ERROR: Failed building wheel for tgcrypto

[notice] A new release of pip is available: 25.3 -> 26.0
[notice] To update, run: python.exe -m pip install --upgrade pip
error: failed-wheel-build-for-install

Г— Failed to build installable wheels for some pyproject.toml based projects
в•°в”Ђ> tgcrypto

tacticImplementation | 2026-02-01 02:14:38,296 | ERROR | Skipping repo Auto-Filter-V5 due to dependency installation failure
tacticImplementation | 2026-02-01 02:14:38,296 | INFO | tacticImplementation | SUCCESS | time=35.04s
tacticImplementation | 2026-02-01 02:14:59,703 | INFO | tacticImplementation |START
tacticImplementation | 2026-02-01 02:14:59,704 | WARNING | No selected tactic for Sharingan-Rename-Bot
tacticImplementation | 2026-02-01 02:14:59,704 | INFO | tacticImplementation | SUCCESS | time=0.0s
tacticImplementation | 2026-02-01 02:15:13,022 | INFO | tacticImplementation |START
tacticImplementation | 2026-02-01 02:15:13,022 | WARNING | No selected tactic for Auto-ReqAccept-Bot
tacticImplementation | 2026-02-01 02:15:13,022 | INFO | tacticImplementation | SUCCESS | time=0.0s
tacticImplementation | 2026-02-01 02:15:26,513 | INFO | tacticImplementation |START
tacticImplementation | 2026-02-01 02:15:26,513 | WARNING | No selected tactic for kubernetes-deploy-tutorial
tacticImplementation | 2026-02-01 02:15:26,513 | INFO | tacticImplementation | SUCCESS | time=0.0s
tacticImplementation | 2026-02-01 02:15:49,509 | INFO | tacticImplementation |START
tacticImplementation | 2026-02-01 02:15:49,528 | INFO | Installing dependencies for bot-sinais
tacticImplementation | 2026-02-01 02:16:29,087 | ERROR | Failed to parse LLM response: Ollama cloud chat failed: Service Temporarily Unavailable (status code: 503)
tacticImplementation | 2026-02-01 02:16:29,095 | INFO | tacticImplementation | SUCCESS | time=39.59s
tacticImplementation | 2026-02-01 02:16:42,350 | INFO | tacticImplementation |START
tacticImplementation | 2026-02-01 02:16:42,350 | WARNING | No selected tactic for conn
tacticImplementation | 2026-02-01 02:16:42,351 | INFO | tacticImplementation | SUCCESS | time=0.0s
tacticImplementation | 2026-02-01 02:17:02,930 | INFO | tacticImplementation |START
tacticImplementation | 2026-02-01 02:17:02,962 | INFO | Installing dependencies for tele-userbot
tacticImplementation | 2026-02-01 02:17:41,514 | ERROR | Dependency installation failed:
  error: subprocess-exited-with-error
  
  Г— Building wheel for tgcrypto (pyproject.toml) did not run successfully.
  в”‚ exit code: 1
  в•°в”Ђ> [32 lines of output]
      C:\Users\Saveliy\AppData\Local\Temp\pip-build-env-yhd6dte1\overlay\Lib\site-packages\setuptools\_distutils\dist.py:289: UserWarning: Unknown distribution option: 'test_suite'
        warnings.warn(msg)
      C:\Users\Saveliy\AppData\Local\Temp\pip-build-env-yhd6dte1\overlay\Lib\site-packages\setuptools\dist.py:765: SetuptoolsDeprecationWarning: License classifiers are deprecated.
      !!
      
              ********************************************************************************
              Please consider removing the following classifiers in favor of a SPDX license expression:
      
              License :: OSI Approved :: GNU Lesser General Public License v3 or later (LGPLv3+)
      
              See https://packaging.python.org/en/latest/guides/writing-pyproject-toml/#license for details.
              ********************************************************************************
      
      !!
        self._finalize_license_expression()
      running bdist_wheel
      running build
      running build_py
      creating build\lib.win-amd64-cpython-312\tests
      copying tests\__init__.py -> build\lib.win-amd64-cpython-312\tests
      creating build\lib.win-amd64-cpython-312\tests\cbc
      copying tests\cbc\test_cbc.py -> build\lib.win-amd64-cpython-312\tests\cbc
      copying tests\cbc\__init__.py -> build\lib.win-amd64-cpython-312\tests\cbc
      creating build\lib.win-amd64-cpython-312\tests\ctr
      copying tests\ctr\test_ctr.py -> build\lib.win-amd64-cpython-312\tests\ctr
      copying tests\ctr\__init__.py -> build\lib.win-amd64-cpython-312\tests\ctr
      creating build\lib.win-amd64-cpython-312\tests\ige
      copying tests\ige\test_ige.py -> build\lib.win-amd64-cpython-312\tests\ige
      copying tests\ige\__init__.py -> build\lib.win-amd64-cpython-312\tests\ige
      running build_ext
      building 'tgcrypto' extension
      error: Microsoft Visual C++ 14.0 or greater is required. Get it with "Microsoft C++ Build Tools": https://visualstudio.microsoft.com/visual-cpp-build-tools/
      [end of output]
  
  note: This error originates from a subprocess, and is likely not a problem with pip.
  ERROR: Failed building wheel for tgcrypto

[notice] A new release of pip is available: 25.3 -> 26.0
[notice] To update, run: python.exe -m pip install --upgrade pip
error: failed-wheel-build-for-install

Г— Failed to build installable wheels for some pyproject.toml based projects
в•°в”Ђ> tgcrypto

tacticImplementation | 2026-02-01 02:17:41,514 | ERROR | Skipping repo tele-userbot due to dependency installation failure
tacticImplementation | 2026-02-01 02:17:41,514 | INFO | tacticImplementation | SUCCESS | time=38.58s
tacticImplementation | 2026-02-01 02:18:17,379 | INFO | tacticImplementation |START
tacticImplementation | 2026-02-01 02:18:17,380 | WARNING | No selected tactic for spam-api-free-fire
tacticImplementation | 2026-02-01 02:18:17,380 | INFO | tacticImplementation | SUCCESS | time=0.0s
tacticImplementation | 2026-02-01 02:18:33,953 | INFO | tacticImplementation |START
tacticImplementation | 2026-02-01 02:18:33,954 | WARNING | No selected tactic for allukabot
tacticImplementation | 2026-02-01 02:18:33,954 | INFO | tacticImplementation | SUCCESS | time=0.0s
tacticImplementation | 2026-02-01 02:19:23,137 | INFO | tacticImplementation |START
tacticImplementation | 2026-02-01 02:19:23,163 | INFO | Installing dependencies for data-vis-python-dash-3009706
tacticImplementation | 2026-02-01 02:24:26,434 | INFO | Created file: artifacts_create_dataset\repos\data-vis-python-dash-3009706\tests\test_decomposability.py
tacticImplementation | 2026-02-01 02:24:27,182 | INFO | Tests failed (expected for TDD), continuing
tacticImplementation | 2026-02-01 02:24:46,296 | INFO | Modified file: artifacts_create_dataset\repos\data-vis-python-dash-3009706\tests\test_decomposability.py
tacticImplementation | 2026-02-01 02:24:47,243 | INFO | Tests failed (expected for TDD), continuing
tacticImplementation | 2026-02-01 02:24:53,825 | INFO | Modified file: artifacts_create_dataset\repos\data-vis-python-dash-3009706\tests\test_decomposability.py
tacticImplementation | 2026-02-01 02:25:07,632 | INFO | Modified file: artifacts_create_dataset\repos\data-vis-python-dash-3009706\tests\test_decomposability.py
tacticImplementation | 2026-02-01 02:25:20,572 | ERROR | Failed to parse LLM response: Ollama cloud chat failed: Service Temporarily Unavailable (status code: 503)
tacticImplementation | 2026-02-01 02:25:20,579 | INFO | tacticImplementation | SUCCESS | time=357.44s
tacticImplementation | 2026-02-01 02:25:53,073 | INFO | tacticImplementation |START
tacticImplementation | 2026-02-01 02:25:53,073 | WARNING | No selected tactic for CatPlugins
tacticImplementation | 2026-02-01 02:25:53,073 | INFO | tacticImplementation | SUCCESS | time=0.0s
tacticImplementation | 2026-02-01 02:26:12,951 | INFO | tacticImplementation |START
tacticImplementation | 2026-02-01 02:26:12,951 | WARNING | No selected tactic for jenkins-charm
tacticImplementation | 2026-02-01 02:26:12,952 | INFO | tacticImplementation | SUCCESS | time=0.0s
tacticImplementation | 2026-02-01 02:26:53,549 | INFO | tacticImplementation |START
tacticImplementation | 2026-02-01 02:26:53,581 | INFO | Installing dependencies for python-serialization-2822693
tacticImplementation | 2026-02-01 02:27:22,366 | INFO | Created file: artifacts_create_dataset\repos\python-serialization-2822693\tests\test_decomposability.py
tacticImplementation | 2026-02-01 02:27:34,502 | ERROR | Failed to parse LLM response: Ollama cloud chat failed: Service Temporarily Unavailable (status code: 503)
tacticImplementation | 2026-02-01 02:27:34,505 | INFO | tacticImplementation | SUCCESS | time=40.95s
tacticImplementation | 2026-02-01 02:28:06,392 | INFO | tacticImplementation |START
tacticImplementation | 2026-02-01 02:28:06,422 | INFO | Installing dependencies for webapp-color
tacticImplementation | 2026-02-01 02:28:24,779 | INFO | Created file: artifacts_create_dataset\repos\webapp-color\test_app.py
tacticImplementation | 2026-02-01 02:28:28,592 | INFO | Modified file: artifacts_create_dataset\repos\webapp-color\test_app.py
tacticImplementation | 2026-02-01 02:28:29,305 | INFO | Tests failed (expected for TDD), continuing
tacticImplementation | 2026-02-01 02:28:37,758 | INFO | Modified file: artifacts_create_dataset\repos\webapp-color\test_app.py
tacticImplementation | 2026-02-01 02:28:38,405 | INFO | Tests failed (expected for TDD), continuing
tacticImplementation | 2026-02-01 02:28:43,905 | INFO | Modified file: artifacts_create_dataset\repos\webapp-color\test_app.py
tacticImplementation | 2026-02-01 02:28:44,548 | INFO | Tests failed (expected for TDD), continuing
tacticImplementation | 2026-02-01 02:28:54,298 | INFO | Modified file: artifacts_create_dataset\repos\webapp-color\test_app.py
tacticImplementation | 2026-02-01 02:28:55,009 | INFO | Tests failed (expected for TDD), continuing
tacticImplementation | 2026-02-01 02:29:05,474 | INFO | Modified file: artifacts_create_dataset\repos\webapp-color\test_app.py
tacticImplementation | 2026-02-01 02:29:06,198 | INFO | Tests failed (expected for TDD), continuing
tacticImplementation | 2026-02-01 02:29:19,588 | INFO | Modified file: artifacts_create_dataset\repos\webapp-color\test_app.py
tacticImplementation | 2026-02-01 02:29:20,316 | INFO | Tests failed (expected for TDD), continuing
tacticImplementation | 2026-02-01 02:29:23,193 | INFO | Modified file: artifacts_create_dataset\repos\webapp-color\test_app.py
tacticImplementation | 2026-02-01 02:29:23,900 | INFO | Tests failed (expected for TDD), continuing
tacticImplementation | 2026-02-01 02:29:35,671 | INFO | Modified file: artifacts_create_dataset\repos\webapp-color\test_app.py
tacticImplementation | 2026-02-01 02:29:36,364 | INFO | Tests failed (expected for TDD), continuing
tacticImplementation | 2026-02-01 02:29:53,895 | ERROR | Failed to parse LLM response: Ollama cloud chat failed: Service Temporarily Unavailable (status code: 503)
tacticImplementation | 2026-02-01 02:29:53,904 | INFO | tacticImplementation | SUCCESS | time=107.51s
tacticImplementation | 2026-02-01 02:30:28,454 | INFO | tacticImplementation |START
tacticImplementation | 2026-02-01 02:30:28,476 | INFO | Installing dependencies for biisal-Auto-Caption-Bot
tacticImplementation | 2026-02-01 02:30:44,111 | ERROR | Dependency installation failed:
  error: subprocess-exited-with-error
  
  Г— Building wheel for tgcrypto (pyproject.toml) did not run successfully.
  в”‚ exit code: 1
  в•°в”Ђ> [32 lines of output]
      C:\Users\Saveliy\AppData\Local\Temp\pip-build-env-a4degmop\overlay\Lib\site-packages\setuptools\_distutils\dist.py:289: UserWarning: Unknown distribution option: 'test_suite'
        warnings.warn(msg)
      C:\Users\Saveliy\AppData\Local\Temp\pip-build-env-a4degmop\overlay\Lib\site-packages\setuptools\dist.py:765: SetuptoolsDeprecationWarning: License classifiers are deprecated.
      !!
      
              ********************************************************************************
              Please consider removing the following classifiers in favor of a SPDX license expression:
      
              License :: OSI Approved :: GNU Lesser General Public License v3 or later (LGPLv3+)
      
              See https://packaging.python.org/en/latest/guides/writing-pyproject-toml/#license for details.
              ********************************************************************************
      
      !!
        self._finalize_license_expression()
      running bdist_wheel
      running build
      running build_py
      creating build\lib.win-amd64-cpython-312\tests
      copying tests\__init__.py -> build\lib.win-amd64-cpython-312\tests
      creating build\lib.win-amd64-cpython-312\tests\cbc
      copying tests\cbc\test_cbc.py -> build\lib.win-amd64-cpython-312\tests\cbc
      copying tests\cbc\__init__.py -> build\lib.win-amd64-cpython-312\tests\cbc
      creating build\lib.win-amd64-cpython-312\tests\ctr
      copying tests\ctr\test_ctr.py -> build\lib.win-amd64-cpython-312\tests\ctr
      copying tests\ctr\__init__.py -> build\lib.win-amd64-cpython-312\tests\ctr
      creating build\lib.win-amd64-cpython-312\tests\ige
      copying tests\ige\test_ige.py -> build\lib.win-amd64-cpython-312\tests\ige
      copying tests\ige\__init__.py -> build\lib.win-amd64-cpython-312\tests\ige
      running build_ext
      building 'tgcrypto' extension
      error: Microsoft Visual C++ 14.0 or greater is required. Get it with "Microsoft C++ Build Tools": https://visualstudio.microsoft.com/visual-cpp-build-tools/
      [end of output]
  
  note: This error originates from a subprocess, and is likely not a problem with pip.
  ERROR: Failed building wheel for tgcrypto

[notice] A new release of pip is available: 25.3 -> 26.0
[notice] To update, run: python.exe -m pip install --upgrade pip
error: failed-wheel-build-for-install

Г— Failed to build installable wheels for some pyproject.toml based projects
в•°в”Ђ> tgcrypto

tacticImplementation | 2026-02-01 02:30:44,111 | ERROR | Skipping repo biisal-Auto-Caption-Bot due to dependency installation failure
tacticImplementation | 2026-02-01 02:30:44,111 | INFO | tacticImplementation | SUCCESS | time=15.66s
tacticImplementation | 2026-02-01 02:31:21,456 | INFO | tacticImplementation |START
tacticImplementation | 2026-02-01 02:31:21,468 | INFO | Installing dependencies for complete-guide-to-data-lakes-and-lakehouses-3865060
tacticImplementation | 2026-02-01 02:35:34,386 | INFO | Created file: artifacts_create_dataset\repos\complete-guide-to-data-lakes-and-lakehouses-3865060\ingestion\utils\test_config_loader.py
tacticImplementation | 2026-02-01 02:35:35,136 | INFO | Tests failed (expected for TDD), continuing
tacticImplementation | 2026-02-01 02:35:47,236 | INFO | Modified file: artifacts_create_dataset\repos\complete-guide-to-data-lakes-and-lakehouses-3865060\ingestion\utils\test_config_loader.py
tacticImplementation | 2026-02-01 02:35:47,996 | INFO | Tests failed (expected for TDD), continuing
tacticImplementation | 2026-02-01 02:35:59,248 | INFO | Modified file: artifacts_create_dataset\repos\complete-guide-to-data-lakes-and-lakehouses-3865060\ingestion\utils\test_config_loader.py
tacticImplementation | 2026-02-01 02:36:00,017 | INFO | Tests failed (expected for TDD), continuing
tacticImplementation | 2026-02-01 02:36:16,242 | INFO | Modified file: artifacts_create_dataset\repos\complete-guide-to-data-lakes-and-lakehouses-3865060\ingestion\utils\test_config_loader.py
tacticImplementation | 2026-02-01 02:36:16,943 | INFO | Tests failed (expected for TDD), continuing
tacticImplementation | 2026-02-01 02:36:27,025 | INFO | Modified file: artifacts_create_dataset\repos\complete-guide-to-data-lakes-and-lakehouses-3865060\ingestion\utils\test_config_loader.py
tacticImplementation | 2026-02-01 02:36:27,763 | INFO | Tests failed (expected for TDD), continuing
tacticImplementation | 2026-02-01 02:36:30,104 | INFO | Created file: artifacts_create_dataset\repos\complete-guide-to-data-lakes-and-lakehouses-3865060\ingestion\utils\test_config_loader.py
tacticImplementation | 2026-02-01 02:36:30,814 | INFO | Tests failed (expected for TDD), continuing
tacticImplementation | 2026-02-01 02:36:42,608 | ERROR | Failed to parse LLM response: Ollama cloud chat failed: Service Temporarily Unavailable (status code: 503)
tacticImplementation | 2026-02-01 02:36:42,611 | INFO | tacticImplementation | SUCCESS | time=321.16s
tacticImplementation | 2026-02-01 02:37:13,418 | INFO | tacticImplementation |START
tacticImplementation | 2026-02-01 02:37:13,418 | WARNING | No selected tactic for octopus-to-tado-sync
tacticImplementation | 2026-02-01 02:37:13,419 | INFO | tacticImplementation | SUCCESS | time=0.0s
tacticImplementation | 2026-02-01 02:37:26,634 | INFO | tacticImplementation |START
tacticImplementation | 2026-02-01 02:37:26,634 | WARNING | No selected tactic for SubtitlesBot
tacticImplementation | 2026-02-01 02:37:26,634 | INFO | tacticImplementation | SUCCESS | time=0.0s
tacticImplementation | 2026-02-01 02:37:44,459 | INFO | tacticImplementation |START
tacticImplementation | 2026-02-01 02:37:44,459 | WARNING | No selected tactic for file-filter-botv5
tacticImplementation | 2026-02-01 02:37:44,459 | INFO | tacticImplementation | SUCCESS | time=0.0s
tacticImplementation | 2026-02-01 02:37:58,122 | INFO | tacticImplementation |START
tacticImplementation | 2026-02-01 02:37:58,122 | WARNING | No selected tactic for airplane-boarding-simulation
tacticImplementation | 2026-02-01 02:37:58,122 | INFO | tacticImplementation | SUCCESS | time=0.0s
tacticImplementation | 2026-02-01 02:38:11,978 | INFO | tacticImplementation |START
tacticImplementation | 2026-02-01 02:38:11,978 | WARNING | No selected tactic for learn_python_koans
tacticImplementation | 2026-02-01 02:38:11,978 | INFO | tacticImplementation | SUCCESS | time=0.0s
tacticImplementation | 2026-02-01 02:38:26,069 | INFO | tacticImplementation |START
tacticImplementation | 2026-02-01 02:38:26,069 | WARNING | No selected tactic for vercel-flask
tacticImplementation | 2026-02-01 02:38:26,069 | INFO | tacticImplementation | SUCCESS | time=0.0s
tacticImplementation | 2026-02-01 02:38:42,683 | INFO | tacticImplementation |START
tacticImplementation | 2026-02-01 02:38:42,684 | WARNING | No selected tactic for MortgageCalculator
tacticImplementation | 2026-02-01 02:38:42,684 | INFO | tacticImplementation | SUCCESS | time=0.0s
tacticImplementation | 2026-02-01 02:39:07,359 | INFO | tacticImplementation |START
tacticImplementation | 2026-02-01 02:39:07,359 | WARNING | No selected tactic for IGRIS_BOT
tacticImplementation | 2026-02-01 02:39:07,359 | INFO | tacticImplementation | SUCCESS | time=0.0s
tacticImplementation | 2026-02-01 02:39:39,181 | INFO | tacticImplementation |START
tacticImplementation | 2026-02-01 02:39:39,182 | WARNING | No selected tactic for HerokuFreeProxy
tacticImplementation | 2026-02-01 02:39:39,182 | INFO | tacticImplementation | SUCCESS | time=0.0s
tacticImplementation | 2026-02-01 02:40:19,970 | INFO | tacticImplementation |START
tacticImplementation | 2026-02-01 02:40:19,993 | INFO | Installing dependencies for openhab-mycroft
tacticImplementation | 2026-02-01 02:40:33,559 | ERROR | Dependency installation failed:
WARNING: Retrying (Retry(total=4, connect=None, read=None, redirect=None, status=None)) after connection broken by 'SSLError(SSLEOFError(8, '[SSL: UNEXPECTED_EOF_WHILE_READING] EOF occurred in violation of protocol (_ssl.c:1000)'))': /simple/rapidfuzz/
  error: subprocess-exited-with-error
  
  Г— Building wheel for rapidfuzz (pyproject.toml) did not run successfully.
  в”‚ exit code: 1
  в•°в”Ђ> [32 lines of output]
      C:\Users\Saveliy\AppData\Local\Temp\pip-build-env-67w5_2qq\overlay\Lib\site-packages\setuptools\dist.py:765: SetuptoolsDeprecationWarning: License classifiers are deprecated.
      !!
      
              ********************************************************************************
              Please consider removing the following classifiers in favor of a SPDX license expression:
      
              License :: OSI Approved :: MIT License
      
              See https://packaging.python.org/en/latest/guides/writing-pyproject-toml/#license for details.
              ********************************************************************************
      
      !!
        self._finalize_license_expression()
      running bdist_wheel
      running build
      running build_py
      creating build\lib.win-amd64-cpython-312\rapidfuzz
      copying src\rapidfuzz\fuzz.py -> build\lib.win-amd64-cpython-312\rapidfuzz
      copying src\rapidfuzz\process.py -> build\lib.win-amd64-cpython-312\rapidfuzz
      copying src\rapidfuzz\utils.py -> build\lib.win-amd64-cpython-312\rapidfuzz
      copying src\rapidfuzz\__init__.py -> build\lib.win-amd64-cpython-312\rapidfuzz
      running egg_info
      writing src\rapidfuzz.egg-info\PKG-INFO
      writing dependency_links to src\rapidfuzz.egg-info\dependency_links.txt
      writing top-level names to src\rapidfuzz.egg-info\top_level.txt
      reading manifest file 'src\rapidfuzz.egg-info\SOURCES.txt'
      reading manifest template 'MANIFEST.in'
      adding license file 'LICENSE'
      writing manifest file 'src\rapidfuzz.egg-info\SOURCES.txt'
      running build_ext
      building 'rapidfuzz.levenshtein' extension
      error: Microsoft Visual C++ 14.0 or greater is required. Get it with "Microsoft C++ Build Tools": https://visualstudio.microsoft.com/visual-cpp-build-tools/
      [end of output]
  
  note: This error originates from a subprocess, and is likely not a problem with pip.
  ERROR: Failed building wheel for rapidfuzz

[notice] A new release of pip is available: 25.3 -> 26.0
[notice] To update, run: python.exe -m pip install --upgrade pip
error: failed-wheel-build-for-install

Г— Failed to build installable wheels for some pyproject.toml based projects
в•°в”Ђ> rapidfuzz

tacticImplementation | 2026-02-01 02:40:33,560 | ERROR | Skipping repo openhab-mycroft due to dependency installation failure
tacticImplementation | 2026-02-01 02:40:33,560 | INFO | tacticImplementation | SUCCESS | time=13.59s
tacticImplementation | 2026-02-01 02:40:46,816 | INFO | tacticImplementation |START
tacticImplementation | 2026-02-01 02:40:46,816 | WARNING | No selected tactic for secretx
tacticImplementation | 2026-02-01 02:40:46,816 | INFO | tacticImplementation | SUCCESS | time=0.0s
tacticImplementation | 2026-02-01 02:41:05,332 | INFO | tacticImplementation |START
tacticImplementation | 2026-02-01 02:41:05,358 | INFO | Installing dependencies for Shadow
tacticImplementation | 2026-02-01 02:42:02,692 | ERROR | Dependency installation failed:
  error: subprocess-exited-with-error
  
  Г— Getting requirements to build wheel did not run successfully.
  в”‚ exit code: 1
  в•°в”Ђ> [18 lines of output]
      Traceback (most recent call last):
        File "D:\pythonProjects\get_git_repos\.venv\Lib\site-packages\pip\_vendor\pyproject_hooks\_in_process\_in_process.py", line 389, in <module>
          main()
        File "D:\pythonProjects\get_git_repos\.venv\Lib\site-packages\pip\_vendor\pyproject_hooks\_in_process\_in_process.py", line 373, in main
          json_out["return_val"] = hook(**hook_input["kwargs"])
                                   ^^^^^^^^^^^^^^^^^^^^^^^^^^^^
        File "D:\pythonProjects\get_git_repos\.venv\Lib\site-packages\pip\_vendor\pyproject_hooks\_in_process\_in_process.py", line 143, in get_requires_for_build_wheel
          return hook(config_settings)
                 ^^^^^^^^^^^^^^^^^^^^^
        File "C:\Users\Saveliy\AppData\Local\Temp\pip-build-env-igdb6d8x\overlay\Lib\site-packages\setuptools\build_meta.py", line 333, in get_requires_for_build_wheel
          return self._get_build_requires(config_settings, requirements=[])
                 ^^^^^^^^^^^^^^^^^^^^^^^^^^^^^^^^^^^^^^^^^^^^^^^^^^^^^^^^^^
        File "C:\Users\Saveliy\AppData\Local\Temp\pip-build-env-igdb6d8x\overlay\Lib\site-packages\setuptools\build_meta.py", line 301, in _get_build_requires
          self.run_setup()
        File "C:\Users\Saveliy\AppData\Local\Temp\pip-build-env-igdb6d8x\overlay\Lib\site-packages\setuptools\build_meta.py", line 317, in run_setup
          exec(code, locals())
        File "<string>", line 8, in <module>
      RuntimeError: uvloop does not support Windows at the moment
      [end of output]
  
  note: This error originates from a subprocess, and is likely not a problem with pip.

[notice] A new release of pip is available: 25.3 -> 26.0
[notice] To update, run: python.exe -m pip install --upgrade pip
ERROR: Failed to build 'uvloop' when getting requirements to build wheel

tacticImplementation | 2026-02-01 02:42:02,692 | ERROR | Skipping repo Shadow due to dependency installation failure
tacticImplementation | 2026-02-01 02:42:02,692 | INFO | tacticImplementation | SUCCESS | time=57.36s
tacticImplementation | 2026-02-01 02:42:40,028 | INFO | tacticImplementation |START
tacticImplementation | 2026-02-01 02:42:40,045 | INFO | Installing dependencies for Linux-Arctis-7-Plus-ChatMix
tacticImplementation | 2026-02-01 02:42:46,393 | INFO | Created file: artifacts_create_dataset\repos\Linux-Arctis-7-Plus-ChatMix\test_arctis7plus_chatmix.py
tacticImplementation | 2026-02-01 02:42:47,107 | INFO | Tests failed (expected for TDD), continuing
tacticImplementation | 2026-02-01 02:42:58,732 | ERROR | Failed to parse LLM response: Ollama cloud chat failed: Service Temporarily Unavailable (status code: 503)
tacticImplementation | 2026-02-01 02:42:58,739 | INFO | tacticImplementation | SUCCESS | time=18.71s
tacticImplementation | 2026-02-01 02:43:13,896 | INFO | tacticImplementation |START
tacticImplementation | 2026-02-01 02:43:13,896 | WARNING | No selected tactic for backtrader_plotting
tacticImplementation | 2026-02-01 02:43:13,896 | INFO | tacticImplementation | SUCCESS | time=0.0s
tacticImplementation | 2026-02-01 02:43:33,534 | INFO | tacticImplementation |START
tacticImplementation | 2026-02-01 02:43:33,534 | WARNING | No selected tactic for rtmlib
tacticImplementation | 2026-02-01 02:43:33,534 | INFO | tacticImplementation | SUCCESS | time=0.0s
tacticImplementation | 2026-02-01 02:44:17,556 | INFO | tacticImplementation |START
tacticImplementation | 2026-02-01 02:44:17,581 | INFO | Installing dependencies for AssetsHunter
tacticImplementation | 2026-02-01 02:44:46,130 | ERROR | Dependency installation failed:
  error: subprocess-exited-with-error
  
  Г— Building wheel for lxml (pyproject.toml) did not run successfully.
  в”‚ exit code: 1
  в•°в”Ђ> [86 lines of output]
      <string>:114: SyntaxWarning: invalid escape sequence '\.'
      Building lxml version 4.9.1.
      <string>:67: UserWarning: pkg_resources is deprecated as an API. See https://setuptools.pypa.io/en/latest/pkg_resources.html. The pkg_resources package is slated for removal as early as 2025-11-30. Refrain from using this package or pin to Setuptools<81.
      Building without Cython.
      Building against pre-built libxml2 andl libxslt libraries
      C:\Users\Saveliy\AppData\Local\Temp\pip-build-env-6c34kbf9\overlay\Lib\site-packages\setuptools\dist.py:765: SetuptoolsDeprecationWarning: License classifiers are deprecated.
      !!
      
              ********************************************************************************
              Please consider removing the following classifiers in favor of a SPDX license expression:
      
              License :: OSI Approved :: BSD License
      
              See https://packaging.python.org/en/latest/guides/writing-pyproject-toml/#license for details.
              ********************************************************************************
      
      !!
        self._finalize_license_expression()
      running bdist_wheel
      running build
      running build_py
      creating build\lib.win-amd64-cpython-312\lxml
      copying src\lxml\builder.py -> build\lib.win-amd64-cpython-312\lxml
      copying src\lxml\cssselect.py -> build\lib.win-amd64-cpython-312\lxml
      copying src\lxml\doctestcompare.py -> build\lib.win-amd64-cpython-312\lxml
      copying src\lxml\ElementInclude.py -> build\lib.win-amd64-cpython-312\lxml
      copying src\lxml\pyclasslookup.py -> build\lib.win-amd64-cpython-312\lxml
      copying src\lxml\sax.py -> build\lib.win-amd64-cpython-312\lxml
      copying src\lxml\usedoctest.py -> build\lib.win-amd64-cpython-312\lxml
      copying src\lxml\_elementpath.py -> build\lib.win-amd64-cpython-312\lxml
      copying src\lxml\__init__.py -> build\lib.win-amd64-cpython-312\lxml
      creating build\lib.win-amd64-cpython-312\lxml\includes
      copying src\lxml\includes\__init__.py -> build\lib.win-amd64-cpython-312\lxml\includes
      creating build\lib.win-amd64-cpython-312\lxml\html
      copying src\lxml\html\builder.py -> build\lib.win-amd64-cpython-312\lxml\html
      copying src\lxml\html\clean.py -> build\lib.win-amd64-cpython-312\lxml\html
      copying src\lxml\html\defs.py -> build\lib.win-amd64-cpython-312\lxml\html
      copying src\lxml\html\diff.py -> build\lib.win-amd64-cpython-312\lxml\html
      copying src\lxml\html\ElementSoup.py -> build\lib.win-amd64-cpython-312\lxml\html
      copying src\lxml\html\formfill.py -> build\lib.win-amd64-cpython-312\lxml\html
      copying src\lxml\html\html5parser.py -> build\lib.win-amd64-cpython-312\lxml\html
      copying src\lxml\html\soupparser.py -> build\lib.win-amd64-cpython-312\lxml\html
      copying src\lxml\html\usedoctest.py -> build\lib.win-amd64-cpython-312\lxml\html
      copying src\lxml\html\_diffcommand.py -> build\lib.win-amd64-cpython-312\lxml\html
      copying src\lxml\html\_html5builder.py -> build\lib.win-amd64-cpython-312\lxml\html
      copying src\lxml\html\_setmixin.py -> build\lib.win-amd64-cpython-312\lxml\html
      copying src\lxml\html\__init__.py -> build\lib.win-amd64-cpython-312\lxml\html
      creating build\lib.win-amd64-cpython-312\lxml\isoschematron
      copying src\lxml\isoschematron\__init__.py -> build\lib.win-amd64-cpython-312\lxml\isoschematron
      copying src\lxml\etree.h -> build\lib.win-amd64-cpython-312\lxml
      copying src\lxml\etree_api.h -> build\lib.win-amd64-cpython-312\lxml
      copying src\lxml\lxml.etree.h -> build\lib.win-amd64-cpython-312\lxml
      copying src\lxml\lxml.etree_api.h -> build\lib.win-amd64-cpython-312\lxml
      copying src\lxml\includes\c14n.pxd -> build\lib.win-amd64-cpython-312\lxml\includes
      copying src\lxml\includes\config.pxd -> build\lib.win-amd64-cpython-312\lxml\includes
      copying src\lxml\includes\dtdvalid.pxd -> build\lib.win-amd64-cpython-312\lxml\includes
      copying src\lxml\includes\etreepublic.pxd -> build\lib.win-amd64-cpython-312\lxml\includes
      copying src\lxml\includes\htmlparser.pxd -> build\lib.win-amd64-cpython-312\lxml\includes
      copying src\lxml\includes\relaxng.pxd -> build\lib.win-amd64-cpython-312\lxml\includes
      copying src\lxml\includes\schematron.pxd -> build\lib.win-amd64-cpython-312\lxml\includes
      copying src\lxml\includes\tree.pxd -> build\lib.win-amd64-cpython-312\lxml\includes
      copying src\lxml\includes\uri.pxd -> build\lib.win-amd64-cpython-312\lxml\includes
      copying src\lxml\includes\xinclude.pxd -> build\lib.win-amd64-cpython-312\lxml\includes
      copying src\lxml\includes\xmlerror.pxd -> build\lib.win-amd64-cpython-312\lxml\includes
      copying src\lxml\includes\xmlparser.pxd -> build\lib.win-amd64-cpython-312\lxml\includes
      copying src\lxml\includes\xmlschema.pxd -> build\lib.win-amd64-cpython-312\lxml\includes
      copying src\lxml\includes\xpath.pxd -> build\lib.win-amd64-cpython-312\lxml\includes
      copying src\lxml\includes\xslt.pxd -> build\lib.win-amd64-cpython-312\lxml\includes
      copying src\lxml\includes\__init__.pxd -> build\lib.win-amd64-cpython-312\lxml\includes
      copying src\lxml\includes\etree_defs.h -> build\lib.win-amd64-cpython-312\lxml\includes
      copying src\lxml\includes\lxml-version.h -> build\lib.win-amd64-cpython-312\lxml\includes
      creating build\lib.win-amd64-cpython-312\lxml\isoschematron\resources\rng
      copying src\lxml\isoschematron\resources\rng\iso-schematron.rng -> build\lib.win-amd64-cpython-312\lxml\isoschematron\resources\rng
      creating build\lib.win-amd64-cpython-312\lxml\isoschematron\resources\xsl
      copying src\lxml\isoschematron\resources\xsl\RNG2Schtrn.xsl -> build\lib.win-amd64-cpython-312\lxml\isoschematron\resources\xsl
      copying src\lxml\isoschematron\resources\xsl\XSD2Schtrn.xsl -> build\lib.win-amd64-cpython-312\lxml\isoschematron\resources\xsl
      creating build\lib.win-amd64-cpython-312\lxml\isoschematron\resources\xsl\iso-schematron-xslt1
      copying src\lxml\isoschematron\resources\xsl\iso-schematron-xslt1\iso_abstract_expand.xsl -> build\lib.win-amd64-cpython-312\lxml\isoschematron\resources\xsl\iso-schematron-xslt1
      copying src\lxml\isoschematron\resources\xsl\iso-schematron-xslt1\iso_dsdl_include.xsl -> build\lib.win-amd64-cpython-312\lxml\isoschematron\resources\xsl\iso-schematron-xslt1
      copying src\lxml\isoschematron\resources\xsl\iso-schematron-xslt1\iso_schematron_message.xsl -> build\lib.win-amd64-cpython-312\lxml\isoschematron\resources\xsl\iso-schematron-xslt1
      copying src\lxml\isoschematron\resources\xsl\iso-schematron-xslt1\iso_schematron_skeleton_for_xslt1.xsl -> build\lib.win-amd64-cpython-312\lxml\isoschematron\resources\xsl\iso-schematron-xslt1
      copying src\lxml\isoschematron\resources\xsl\iso-schematron-xslt1\iso_svrl_for_xslt1.xsl -> build\lib.win-amd64-cpython-312\lxml\isoschematron\resources\xsl\iso-schematron-xslt1
      copying src\lxml\isoschematron\resources\xsl\iso-schematron-xslt1\readme.txt -> build\lib.win-amd64-cpython-312\lxml\isoschematron\resources\xsl\iso-schematron-xslt1
      running build_ext
      building 'lxml.etree' extension
      error: Microsoft Visual C++ 14.0 or greater is required. Get it with "Microsoft C++ Build Tools": https://visualstudio.microsoft.com/visual-cpp-build-tools/
      [end of output]
  
  note: This error originates from a subprocess, and is likely not a problem with pip.
  ERROR: Failed building wheel for lxml

[notice] A new release of pip is available: 25.3 -> 26.0
[notice] To update, run: python.exe -m pip install --upgrade pip
error: failed-wheel-build-for-install

Г— Failed to build installable wheels for some pyproject.toml based projects
в•°в”Ђ> lxml

tacticImplementation | 2026-02-01 02:44:46,131 | ERROR | Skipping repo AssetsHunter due to dependency installation failure
tacticImplementation | 2026-02-01 02:44:46,131 | INFO | tacticImplementation | SUCCESS | time=28.58s
tacticImplementation | 2026-02-01 02:45:19,394 | INFO | tacticImplementation |START
tacticImplementation | 2026-02-01 02:45:19,394 | WARNING | No selected tactic for TREVORproxy
tacticImplementation | 2026-02-01 02:45:19,395 | INFO | tacticImplementation | SUCCESS | time=0.0s
tacticImplementation | 2026-02-01 02:45:33,000 | INFO | tacticImplementation |START
tacticImplementation | 2026-02-01 02:45:33,001 | WARNING | No selected tactic for eulerian-magnification
tacticImplementation | 2026-02-01 02:45:33,001 | INFO | tacticImplementation | SUCCESS | time=0.0s
tacticImplementation | 2026-02-01 02:46:27,054 | INFO | tacticImplementation |START
tacticImplementation | 2026-02-01 02:46:27,081 | INFO | Installing dependencies for My-Actions
tacticImplementation | 2026-02-01 02:46:48,329 | INFO | Created file: artifacts_create_dataset\repos\My-Actions\tests\test_send_notify.py
tacticImplementation | 2026-02-01 02:46:49,086 | INFO | Tests failed (expected for TDD), continuing
tacticImplementation | 2026-02-01 02:46:57,120 | INFO | Created file: artifacts_create_dataset\repos\My-Actions\tests\test_send_notify.py
tacticImplementation | 2026-02-01 02:47:10,557 | ERROR | Failed to parse LLM response: Ollama cloud chat failed: Service Temporarily Unavailable (status code: 503)
tacticImplementation | 2026-02-01 02:47:10,565 | INFO | tacticImplementation | SUCCESS | time=43.51s
tacticImplementation | 2026-02-01 02:48:06,021 | INFO | tacticImplementation |START
tacticImplementation | 2026-02-01 02:48:06,050 | INFO | Installing dependencies for FileRenameBot
tacticImplementation | 2026-02-01 02:48:38,501 | ERROR | Dependency installation failed:
  error: subprocess-exited-with-error
  
  Г— Building wheel for tgcrypto (pyproject.toml) did not run successfully.
  в”‚ exit code: 1
  в•°в”Ђ> [32 lines of output]
      C:\Users\Saveliy\AppData\Local\Temp\pip-build-env-9hk4c0zj\overlay\Lib\site-packages\setuptools\_distutils\dist.py:289: UserWarning: Unknown distribution option: 'test_suite'
        warnings.warn(msg)
      C:\Users\Saveliy\AppData\Local\Temp\pip-build-env-9hk4c0zj\overlay\Lib\site-packages\setuptools\dist.py:765: SetuptoolsDeprecationWarning: License classifiers are deprecated.
      !!
      
              ********************************************************************************
              Please consider removing the following classifiers in favor of a SPDX license expression:
      
              License :: OSI Approved :: GNU Lesser General Public License v3 or later (LGPLv3+)
      
              See https://packaging.python.org/en/latest/guides/writing-pyproject-toml/#license for details.
              ********************************************************************************
      
      !!
        self._finalize_license_expression()
      running bdist_wheel
      running build
      running build_py
      creating build\lib.win-amd64-cpython-312\tests
      copying tests\__init__.py -> build\lib.win-amd64-cpython-312\tests
      creating build\lib.win-amd64-cpython-312\tests\cbc
      copying tests\cbc\test_cbc.py -> build\lib.win-amd64-cpython-312\tests\cbc
      copying tests\cbc\__init__.py -> build\lib.win-amd64-cpython-312\tests\cbc
      creating build\lib.win-amd64-cpython-312\tests\ctr
      copying tests\ctr\test_ctr.py -> build\lib.win-amd64-cpython-312\tests\ctr
      copying tests\ctr\__init__.py -> build\lib.win-amd64-cpython-312\tests\ctr
      creating build\lib.win-amd64-cpython-312\tests\ige
      copying tests\ige\test_ige.py -> build\lib.win-amd64-cpython-312\tests\ige
      copying tests\ige\__init__.py -> build\lib.win-amd64-cpython-312\tests\ige
      running build_ext
      building 'tgcrypto' extension
      error: Microsoft Visual C++ 14.0 or greater is required. Get it with "Microsoft C++ Build Tools": https://visualstudio.microsoft.com/visual-cpp-build-tools/
      [end of output]
  
  note: This error originates from a subprocess, and is likely not a problem with pip.
  ERROR: Failed building wheel for tgcrypto

[notice] A new release of pip is available: 25.3 -> 26.0
[notice] To update, run: python.exe -m pip install --upgrade pip
error: failed-wheel-build-for-install

Г— Failed to build installable wheels for some pyproject.toml based projects
в•°в”Ђ> tgcrypto

tacticImplementation | 2026-02-01 02:48:38,503 | ERROR | Skipping repo FileRenameBot due to dependency installation failure
tacticImplementation | 2026-02-01 02:48:38,503 | INFO | tacticImplementation | SUCCESS | time=32.48s
tacticImplementation | 2026-02-01 02:48:47,568 | INFO | tacticImplementation |START
tacticImplementation | 2026-02-01 02:48:47,593 | INFO | Installing dependencies for ihoneyBakFileScan_Modify
tacticImplementation | 2026-02-01 02:49:13,740 | INFO | Created file: artifacts_create_dataset\repos\ihoneyBakFileScan_Modify\test_ihoneyBakFileScan_Modify.py
tacticImplementation | 2026-02-01 02:49:14,992 | INFO | Tests failed (expected for TDD), continuing
tacticImplementation | 2026-02-01 02:49:29,393 | INFO | Modified file: artifacts_create_dataset\repos\ihoneyBakFileScan_Modify\test_ihoneyBakFileScan_Modify.py
tacticImplementation | 2026-02-01 02:49:30,598 | INFO | Tests failed (expected for TDD), continuing
tacticImplementation | 2026-02-01 02:49:42,280 | ERROR | Failed to parse LLM response: Ollama cloud chat failed: Service Temporarily Unavailable (status code: 503)
tacticImplementation | 2026-02-01 02:49:42,287 | INFO | tacticImplementation | SUCCESS | time=54.72s
tacticImplementation | 2026-02-01 02:50:00,602 | INFO | tacticImplementation |START
tacticImplementation | 2026-02-01 02:50:00,624 | INFO | Installing dependencies for SilentHound
tacticImplementation | 2026-02-01 02:50:11,891 | INFO | Created file: artifacts_create_dataset\repos\SilentHound\test_silenthound.py
tacticImplementation | 2026-02-01 02:50:12,566 | INFO | Tests failed (expected for TDD), continuing
tacticImplementation | 2026-02-01 02:50:24,066 | ERROR | Failed to parse LLM response: Ollama cloud chat failed: Service Temporarily Unavailable (status code: 503)
tacticImplementation | 2026-02-01 02:50:24,073 | INFO | tacticImplementation | SUCCESS | time=23.47s
tacticImplementation | 2026-02-01 02:51:01,414 | INFO | tacticImplementation |START
tacticImplementation | 2026-02-01 02:51:01,441 | INFO | Installing dependencies for Proxyless-TikTok-Username-Checker
tacticImplementation | 2026-02-01 02:51:12,259 | INFO | Created file: artifacts_create_dataset\repos\Proxyless-TikTok-Username-Checker\test_tiktok_checker.py
tacticImplementation | 2026-02-01 02:51:32,849 | INFO | Modified file: artifacts_create_dataset\repos\Proxyless-TikTok-Username-Checker\test_tiktok_checker.py
tacticImplementation | 2026-02-01 02:51:55,565 | ERROR | Failed to parse LLM response: Ollama cloud chat failed: Service Temporarily Unavailable (status code: 503)
tacticImplementation | 2026-02-01 02:51:55,571 | INFO | tacticImplementation | SUCCESS | time=54.16s
tacticImplementation | 2026-02-01 02:52:09,479 | INFO | tacticImplementation |START
tacticImplementation | 2026-02-01 02:52:09,480 | WARNING | No selected tactic for Unlimited-Filter-Bot
tacticImplementation | 2026-02-01 02:52:09,480 | INFO | tacticImplementation | SUCCESS | time=0.0s
tacticImplementation | 2026-02-01 02:52:44,427 | INFO | tacticImplementation |START
tacticImplementation | 2026-02-01 02:52:44,442 | INFO | Installing dependencies for CVE-2018-10933
tacticImplementation | 2026-02-01 02:53:00,804 | INFO | Created file: artifacts_create_dataset\repos\CVE-2018-10933\test_libsshauthbypass.py
tacticImplementation | 2026-02-01 02:53:01,538 | INFO | Tests failed (expected for TDD), continuing
tacticImplementation | 2026-02-01 02:53:04,400 | INFO | Modified file: artifacts_create_dataset\repos\CVE-2018-10933\test_libsshauthbypass.py
tacticImplementation | 2026-02-01 02:53:05,105 | INFO | Tests failed (expected for TDD), continuing
tacticImplementation | 2026-02-01 02:53:09,182 | INFO | Modified file: artifacts_create_dataset\repos\CVE-2018-10933\test_libsshauthbypass.py
tacticImplementation | 2026-02-01 02:53:09,878 | INFO | Tests failed (expected for TDD), continuing
tacticImplementation | 2026-02-01 02:53:12,608 | INFO | Modified file: artifacts_create_dataset\repos\CVE-2018-10933\test_libsshauthbypass.py
tacticImplementation | 2026-02-01 02:53:13,295 | INFO | Tests failed (expected for TDD), continuing
tacticImplementation | 2026-02-01 02:53:25,847 | ERROR | Failed to parse LLM response: Ollama cloud chat failed: Service Temporarily Unavailable (status code: 503)
tacticImplementation | 2026-02-01 02:53:25,855 | INFO | tacticImplementation | SUCCESS | time=41.43s
tacticImplementation | 2026-02-01 02:53:50,822 | INFO | tacticImplementation |START
tacticImplementation | 2026-02-01 02:53:50,847 | INFO | Installing dependencies for ChatGPT-Web
tacticImplementation | 2026-02-01 02:54:05,726 | ERROR | Failed to parse LLM response: Ollama cloud chat failed: Service Temporarily Unavailable (status code: 503)
tacticImplementation | 2026-02-01 02:54:05,736 | INFO | tacticImplementation | SUCCESS | time=14.91s
tacticImplementation | 2026-02-01 02:54:19,743 | INFO | tacticImplementation |START
tacticImplementation | 2026-02-01 02:54:19,744 | WARNING | No selected tactic for fbpca
tacticImplementation | 2026-02-01 02:54:19,744 | INFO | tacticImplementation | SUCCESS | time=0.0s
tacticImplementation | 2026-02-01 02:54:33,580 | INFO | tacticImplementation |START
tacticImplementation | 2026-02-01 02:54:33,580 | WARNING | No selected tactic for 3Dreconstruction
tacticImplementation | 2026-02-01 02:54:33,580 | INFO | tacticImplementation | SUCCESS | time=0.0s
tacticImplementation | 2026-02-01 02:55:12,617 | INFO | tacticImplementation |START
tacticImplementation | 2026-02-01 02:55:12,636 | INFO | Installing dependencies for DarkScrape
tacticImplementation | 2026-02-01 02:55:55,495 | ERROR | Dependency installation failed:
  error: subprocess-exited-with-error
  
  Г— Building wheel for dlib (pyproject.toml) did not run successfully.
  в”‚ exit code: 1
  в•°в”Ђ> [41 lines of output]
      running bdist_wheel
      running build
      running build_ext
      
      ================================================================================
      ================================================================================
      ================================================================================
      
                         CMake is not installed on your system!
      
          Or it is possible some broken copy of cmake is installed on your system.
          It is unfortunately very common for python package managers to include
          broken copies of cmake.  So if the error above this refers to some file
          path to a cmake file inside a python or anaconda or miniconda path then you
          should delete that broken copy of cmake from your computer.
      
          Instead, please get an official copy of cmake from one of these known good
          sources of an official cmake:
              - cmake.org (this is how windows users should get cmake)
              - apt install cmake (for Ubuntu or Debian based systems)
              - yum install cmake (for Redhat or CenOS based systems)
      
          On a linux machine you can run `which cmake` to see what cmake you are
          actually using.  If it tells you it's some cmake from any kind of python
          packager delete it and install an official cmake.
      
          More generally, cmake is not installed if when you open a terminal window
          and type
             cmake --version
          you get an error.  So you can use that as a very basic test to see if you
          have cmake installed.  That is, if cmake --version doesn't run from the
          same terminal window from which you are reading this error message, then
          you have not installed cmake.  Windows users should take note that they
          need to tell the cmake installer to add cmake to their PATH.  Since you
          can't run commands that are not in your PATH.  This is how the PATH works
          on Linux as well, but failing to add cmake to the PATH is a particularly
          common problem on windows and rarely a problem on Linux.
      
      ================================================================================
      ================================================================================
      ================================================================================
      [end of output]
  
  note: This error originates from a subprocess, and is likely not a problem with pip.
  ERROR: Failed building wheel for dlib

[notice] A new release of pip is available: 25.3 -> 26.0
[notice] To update, run: python.exe -m pip install --upgrade pip
error: failed-wheel-build-for-install

Г— Failed to build installable wheels for some pyproject.toml based projects
в•°в”Ђ> dlib

tacticImplementation | 2026-02-01 02:55:55,495 | ERROR | Skipping repo DarkScrape due to dependency installation failure
tacticImplementation | 2026-02-01 02:55:55,495 | INFO | tacticImplementation | SUCCESS | time=42.88s
tacticImplementation | 2026-02-01 02:56:32,779 | INFO | tacticImplementation |START
tacticImplementation | 2026-02-01 02:56:32,801 | INFO | Installing dependencies for sacremoses
tacticImplementation | 2026-02-01 02:56:54,811 | INFO | Created file: artifacts_create_dataset\repos\sacremoses\sacremoses\test\test_corpus_interface.py
tacticImplementation | 2026-02-01 02:56:55,650 | INFO | Tests failed (expected for TDD), continuing
tacticImplementation | 2026-02-01 02:57:04,927 | INFO | Modified file: artifacts_create_dataset\repos\sacremoses\sacremoses\test\test_corpus_interface.py
tacticImplementation | 2026-02-01 02:57:05,716 | INFO | Tests failed (expected for TDD), continuing
tacticImplementation | 2026-02-01 02:57:19,203 | ERROR | Failed to parse LLM response: Ollama cloud chat failed: Service Temporarily Unavailable (status code: 503)
tacticImplementation | 2026-02-01 02:57:19,205 | INFO | tacticImplementation | SUCCESS | time=46.43s
tacticImplementation | 2026-02-01 02:57:51,104 | INFO | tacticImplementation |START
tacticImplementation | 2026-02-01 02:57:51,125 | INFO | Installing dependencies for heatmap
tacticImplementation | 2026-02-01 02:58:06,409 | INFO | Created file: artifacts_create_dataset\repos\heatmap\test\test_decomposability.py
tacticImplementation | 2026-02-01 02:58:17,991 | INFO | Tests failed (expected for TDD), continuing
tacticImplementation | 2026-02-01 02:58:29,344 | INFO | Modified file: artifacts_create_dataset\repos\heatmap\test\test_decomposability.py
tacticImplementation | 2026-02-01 02:58:39,971 | INFO | Tests failed (expected for TDD), continuing
tacticImplementation | 2026-02-01 02:58:52,539 | INFO | Modified file: artifacts_create_dataset\repos\heatmap\test\test_decomposability.py
tacticImplementation | 2026-02-01 02:59:03,108 | INFO | Tests failed (expected for TDD), continuing
tacticImplementation | 2026-02-01 02:59:19,541 | ERROR | Failed to parse LLM response: Ollama cloud chat failed: Service Temporarily Unavailable (status code: 503)
tacticImplementation | 2026-02-01 02:59:19,549 | INFO | tacticImplementation | SUCCESS | time=88.44s
tacticImplementation | 2026-02-01 02:59:36,563 | INFO | tacticImplementation |START
tacticImplementation | 2026-02-01 02:59:36,564 | WARNING | No selected tactic for bpycv
tacticImplementation | 2026-02-01 02:59:36,564 | INFO | tacticImplementation | SUCCESS | time=0.0s
tacticImplementation | 2026-02-01 03:00:03,176 | INFO | tacticImplementation |START
tacticImplementation | 2026-02-01 03:00:03,203 | INFO | Installing dependencies for django-multiple-user-types-example
tacticImplementation | 2026-02-01 03:00:40,371 | ERROR | Failed to parse LLM response: Ollama cloud chat failed: Service Temporarily Unavailable (status code: 503)
tacticImplementation | 2026-02-01 03:00:40,377 | INFO | tacticImplementation | SUCCESS | time=37.2s
tacticImplementation | 2026-02-01 03:01:04,024 | INFO | tacticImplementation |START
tacticImplementation | 2026-02-01 03:01:04,041 | INFO | Installing dependencies for TTS-arxiv-daily
tacticImplementation | 2026-02-01 03:01:21,047 | ERROR | Failed to parse LLM response: Ollama cloud chat failed: Service Temporarily Unavailable (status code: 503)
tacticImplementation | 2026-02-01 03:01:21,055 | INFO | tacticImplementation | SUCCESS | time=17.03s
tacticImplementation | 2026-02-01 03:01:47,262 | INFO | tacticImplementation |START
tacticImplementation | 2026-02-01 03:01:47,262 | WARNING | No selected tactic for HellBot
tacticImplementation | 2026-02-01 03:01:47,262 | INFO | tacticImplementation | SUCCESS | time=0.0s
tacticImplementation | 2026-02-01 03:02:15,854 | INFO | tacticImplementation |START
tacticImplementation | 2026-02-01 03:02:15,881 | INFO | Installing dependencies for Termux_HackingLab_Setup
tacticImplementation | 2026-02-01 03:02:30,079 | ERROR | Failed to parse LLM response: Ollama cloud chat failed: Service Temporarily Unavailable (status code: 503)
tacticImplementation | 2026-02-01 03:02:30,086 | INFO | tacticImplementation | SUCCESS | time=14.23s
tacticImplementation | 2026-02-01 03:02:48,829 | INFO | tacticImplementation |START
tacticImplementation | 2026-02-01 03:02:48,829 | WARNING | No selected tactic for tiktok-voice
tacticImplementation | 2026-02-01 03:02:48,829 | INFO | tacticImplementation | SUCCESS | time=0.0s
tacticImplementation | 2026-02-01 03:03:09,197 | INFO | tacticImplementation |START
tacticImplementation | 2026-02-01 03:03:09,198 | WARNING | No selected tactic for DownloaderForReddit
tacticImplementation | 2026-02-01 03:03:09,198 | INFO | tacticImplementation | SUCCESS | time=0.0s
tacticImplementation | 2026-02-01 03:03:29,989 | INFO | tacticImplementation |START
tacticImplementation | 2026-02-01 03:03:30,015 | INFO | Installing dependencies for NumPyCNN
tacticImplementation | 2026-02-01 03:04:02,762 | INFO | Created file: artifacts_create_dataset\repos\NumPyCNN\test_cnn_layers.py
tacticImplementation | 2026-02-01 03:04:03,585 | INFO | Tests failed (expected for TDD), continuing
tacticImplementation | 2026-02-01 03:04:16,930 | INFO | Modified file: artifacts_create_dataset\repos\NumPyCNN\test_cnn_layers.py
tacticImplementation | 2026-02-01 03:04:17,722 | INFO | Tests failed (expected for TDD), continuing
tacticImplementation | 2026-02-01 03:04:21,037 | INFO | Modified file: artifacts_create_dataset\repos\NumPyCNN\test_cnn_layers.py
tacticImplementation | 2026-02-01 03:04:21,760 | INFO | Tests failed (expected for TDD), continuing
tacticImplementation | 2026-02-01 03:04:33,295 | ERROR | Failed to parse LLM response: Ollama cloud chat failed: Service Temporarily Unavailable (status code: 503)
tacticImplementation | 2026-02-01 03:04:33,302 | INFO | tacticImplementation | SUCCESS | time=63.31s
tacticImplementation | 2026-02-01 03:04:46,786 | INFO | tacticImplementation |START
tacticImplementation | 2026-02-01 03:04:46,786 | WARNING | No selected tactic for PyPaperBot
tacticImplementation | 2026-02-01 03:04:46,787 | INFO | tacticImplementation | SUCCESS | time=0.0s
tacticImplementation | 2026-02-01 03:05:03,466 | INFO | tacticImplementation |START
tacticImplementation | 2026-02-01 03:05:03,467 | WARNING | No selected tactic for postgresql-metrics
tacticImplementation | 2026-02-01 03:05:03,468 | INFO | tacticImplementation | SUCCESS | time=0.0s
tacticImplementation | 2026-02-01 03:05:25,910 | INFO | tacticImplementation |START
tacticImplementation | 2026-02-01 03:05:25,934 | INFO | Installing dependencies for RSC-Detect-CVE-2025-55182
tacticImplementation | 2026-02-01 03:05:39,361 | ERROR | Failed to parse LLM response: Ollama cloud chat failed: Service Temporarily Unavailable (status code: 503)
tacticImplementation | 2026-02-01 03:05:39,367 | INFO | tacticImplementation | SUCCESS | time=13.46s
tacticImplementation | 2026-02-01 03:06:13,139 | INFO | tacticImplementation |START
tacticImplementation | 2026-02-01 03:06:13,139 | WARNING | No selected tactic for slumber
tacticImplementation | 2026-02-01 03:06:13,140 | INFO | tacticImplementation | SUCCESS | time=0.0s
tacticImplementation | 2026-02-01 03:06:49,696 | INFO | tacticImplementation |START
tacticImplementation | 2026-02-01 03:06:49,721 | INFO | Installing dependencies for data-link-python
tacticImplementation | 2026-02-01 03:07:15,724 | ERROR | Failed to parse LLM response: Ollama cloud chat failed: Service Temporarily Unavailable (status code: 503)
tacticImplementation | 2026-02-01 03:07:15,733 | INFO | tacticImplementation | SUCCESS | time=26.04s
tacticImplementation | 2026-02-01 03:07:37,124 | INFO | tacticImplementation |START
tacticImplementation | 2026-02-01 03:07:37,149 | INFO | Installing dependencies for estoque
tacticImplementation | 2026-02-01 03:09:02,507 | ERROR | Failed to parse LLM response: Ollama cloud chat failed: Service Temporarily Unavailable (status code: 503)
tacticImplementation | 2026-02-01 03:09:02,514 | INFO | tacticImplementation | SUCCESS | time=85.39s
tacticImplementation | 2026-02-01 03:09:17,900 | INFO | tacticImplementation |START
tacticImplementation | 2026-02-01 03:09:17,900 | WARNING | No selected tactic for drf_admin
tacticImplementation | 2026-02-01 03:09:17,900 | INFO | tacticImplementation | SUCCESS | time=0.0s
tacticImplementation | 2026-02-01 03:09:42,105 | INFO | tacticImplementation |START
tacticImplementation | 2026-02-01 03:09:42,133 | INFO | Installing dependencies for gfriends-inputer
tacticImplementation | 2026-02-01 03:10:05,199 | ERROR | Dependency installation failed:
  error: subprocess-exited-with-error
  
  Г— Getting requirements to build wheel did not run successfully.
  в”‚ exit code: 1
  в•°в”Ђ> [33 lines of output]
      Traceback (most recent call last):
        File "D:\pythonProjects\get_git_repos\.venv\Lib\site-packages\pip\_vendor\pyproject_hooks\_in_process\_in_process.py", line 389, in <module>
          main()
        File "D:\pythonProjects\get_git_repos\.venv\Lib\site-packages\pip\_vendor\pyproject_hooks\_in_process\_in_process.py", line 373, in main
          json_out["return_val"] = hook(**hook_input["kwargs"])
                                   ^^^^^^^^^^^^^^^^^^^^^^^^^^^^
        File "D:\pythonProjects\get_git_repos\.venv\Lib\site-packages\pip\_vendor\pyproject_hooks\_in_process\_in_process.py", line 137, in get_requires_for_build_wheel
          backend = _build_backend()
                    ^^^^^^^^^^^^^^^^
        File "D:\pythonProjects\get_git_repos\.venv\Lib\site-packages\pip\_vendor\pyproject_hooks\_in_process\_in_process.py", line 70, in _build_backend
          obj = import_module(mod_path)
                ^^^^^^^^^^^^^^^^^^^^^^^
        File "C:\Users\Saveliy\AppData\Local\Programs\Python\Python312\Lib\importlib\__init__.py", line 90, in import_module
          return _bootstrap._gcd_import(name[level:], package, level)
                 ^^^^^^^^^^^^^^^^^^^^^^^^^^^^^^^^^^^^^^^^^^^^^^^^^^^^
        File "<frozen importlib._bootstrap>", line 1381, in _gcd_import
        File "<frozen importlib._bootstrap>", line 1354, in _find_and_load
        File "<frozen importlib._bootstrap>", line 1304, in _find_and_load_unlocked
        File "<frozen importlib._bootstrap>", line 488, in _call_with_frames_removed
        File "<frozen importlib._bootstrap>", line 1381, in _gcd_import
        File "<frozen importlib._bootstrap>", line 1354, in _find_and_load
        File "<frozen importlib._bootstrap>", line 1325, in _find_and_load_unlocked
        File "<frozen importlib._bootstrap>", line 929, in _load_unlocked
        File "<frozen importlib._bootstrap_external>", line 994, in exec_module
        File "<frozen importlib._bootstrap>", line 488, in _call_with_frames_removed
        File "C:\Users\Saveliy\AppData\Local\Temp\pip-build-env-9taw2o6o\overlay\Lib\site-packages\setuptools\__init__.py", line 16, in <module>
          import setuptools.version
        File "C:\Users\Saveliy\AppData\Local\Temp\pip-build-env-9taw2o6o\overlay\Lib\site-packages\setuptools\version.py", line 1, in <module>
          import pkg_resources
        File "C:\Users\Saveliy\AppData\Local\Temp\pip-build-env-9taw2o6o\overlay\Lib\site-packages\pkg_resources\__init__.py", line 2172, in <module>
          register_finder(pkgutil.ImpImporter, find_on_path)
                          ^^^^^^^^^^^^^^^^^^^
      AttributeError: module 'pkgutil' has no attribute 'ImpImporter'. Did you mean: 'zipimporter'?
      [end of output]
  
  note: This error originates from a subprocess, and is likely not a problem with pip.

[notice] A new release of pip is available: 25.3 -> 26.0
[notice] To update, run: python.exe -m pip install --upgrade pip
ERROR: Failed to build 'numpy' when getting requirements to build wheel

tacticImplementation | 2026-02-01 03:10:05,199 | ERROR | Skipping repo gfriends-inputer due to dependency installation failure
tacticImplementation | 2026-02-01 03:10:05,199 | INFO | tacticImplementation | SUCCESS | time=23.09s
tacticImplementation | 2026-02-01 03:10:36,810 | INFO | tacticImplementation |START
tacticImplementation | 2026-02-01 03:10:36,823 | INFO | Installing dependencies for git-xl
tacticImplementation | 2026-02-01 03:10:40,016 | ERROR | Dependency installation failed:
ERROR: Ignored the following versions that require a different python version: 4.10 Requires-Python >=3.6,<3.11; 4.6 Requires-Python >=3.6,<3.11; 4.7 Requires-Python >=3.6,<3.11; 4.8 Requires-Python >=3.6,<3.11; 4.9 Requires-Python >=3.6,<3.11; 5.0 Requires-Python >=3.7,<3.11; 5.0.1 Requires-Python >=3.7,<3.11; 5.1 Requires-Python >=3.7,<3.11; 5.10.0 Requires-Python >=3.7,<3.12; 5.10.1 Requires-Python >=3.7,<3.12; 5.11.0 Requires-Python >=3.7,<3.12; 5.12.0 Requires-Python >=3.7,<3.12; 5.2 Requires-Python >=3.7,<3.11; 5.3 Requires-Python >=3.7,<3.11; 5.4 Requires-Python >=3.7,<3.11; 5.4.1 Requires-Python >=3.7,<3.11; 5.5 Requires-Python >=3.7,<3.12; 5.6 Requires-Python >=3.7,<3.12; 5.6.1 Requires-Python >=3.7,<3.12; 5.6.2 Requires-Python >=3.7,<3.12; 5.7.0 Requires-Python >=3.7,<3.12; 5.8.0 Requires-Python >=3.7,<3.12; 5.9.0 Requires-Python >=3.7,<3.12
ERROR: Could not find a version that satisfies the requirement pyinstaller==4.10 (from versions: 2.0, 2.1, 3.0, 3.1, 3.1.1, 3.2, 3.2.1, 3.3, 3.3.1, 3.4, 3.5, 3.6, 4.0, 4.1, 4.2, 4.3, 4.4, 4.5, 4.5.1, 5.13.0, 5.13.1, 5.13.2, 6.0.0, 6.1.0, 6.2.0, 6.3.0, 6.4.0, 6.5.0, 6.6.0, 6.7.0, 6.8.0, 6.9.0, 6.10.0, 6.11.0, 6.11.1, 6.12.0, 6.13.0, 6.14.0, 6.14.1, 6.14.2, 6.15.0, 6.16.0, 6.17.0, 6.18.0)

[notice] A new release of pip is available: 25.3 -> 26.0
[notice] To update, run: python.exe -m pip install --upgrade pip
ERROR: No matching distribution found for pyinstaller==4.10

tacticImplementation | 2026-02-01 03:10:40,016 | ERROR | Skipping repo git-xl due to dependency installation failure
tacticImplementation | 2026-02-01 03:10:40,016 | INFO | tacticImplementation | SUCCESS | time=3.21s
tacticImplementation | 2026-02-01 03:10:55,138 | INFO | tacticImplementation |START
tacticImplementation | 2026-02-01 03:10:55,138 | WARNING | No selected tactic for pybikes
tacticImplementation | 2026-02-01 03:10:55,138 | INFO | tacticImplementation | SUCCESS | time=0.0s
tacticImplementation | 2026-02-01 03:11:09,585 | INFO | tacticImplementation |START
tacticImplementation | 2026-02-01 03:11:09,586 | WARNING | No selected tactic for django-slick-reporting
tacticImplementation | 2026-02-01 03:11:09,586 | INFO | tacticImplementation | SUCCESS | time=0.0s
tacticImplementation | 2026-02-01 03:11:22,891 | INFO | tacticImplementation |START
tacticImplementation | 2026-02-01 03:11:22,891 | WARNING | No selected tactic for proxy-scraper
tacticImplementation | 2026-02-01 03:11:22,892 | INFO | tacticImplementation | SUCCESS | time=0.0s
tacticImplementation | 2026-02-01 03:11:53,906 | INFO | tacticImplementation |START
tacticImplementation | 2026-02-01 03:11:53,907 | WARNING | No selected tactic for termpdf.py
tacticImplementation | 2026-02-01 03:11:53,907 | INFO | tacticImplementation | SUCCESS | time=0.0s
tacticImplementation | 2026-02-01 03:12:07,571 | INFO | tacticImplementation |START
tacticImplementation | 2026-02-01 03:12:07,573 | WARNING | No selected tactic for spotcast
tacticImplementation | 2026-02-01 03:12:07,573 | INFO | tacticImplementation | SUCCESS | time=0.0s
tacticImplementation | 2026-02-01 03:12:51,450 | INFO | tacticImplementation |START
tacticImplementation | 2026-02-01 03:12:51,469 | INFO | Installing dependencies for ComfyUI-MochiWrapper
tacticImplementation | 2026-02-01 03:13:05,856 | INFO | Created file: artifacts_create_dataset\repos\ComfyUI-MochiWrapper\tests\test_mochi_model_decoupling.py
tacticImplementation | 2026-02-01 03:13:06,608 | INFO | Tests failed (expected for TDD), continuing
tacticImplementation | 2026-02-01 03:13:28,597 | INFO | Modified file: artifacts_create_dataset\repos\ComfyUI-MochiWrapper\tests\test_mochi_model_decoupling.py
tacticImplementation | 2026-02-01 03:13:29,349 | INFO | Tests failed (expected for TDD), continuing
tacticImplementation | 2026-02-01 03:13:47,603 | INFO | Modified file: artifacts_create_dataset\repos\ComfyUI-MochiWrapper\tests\test_mochi_model_decoupling.py
tacticImplementation | 2026-02-01 03:13:48,287 | INFO | Tests failed (expected for TDD), continuing
tacticImplementation | 2026-02-01 03:14:07,910 | INFO | Modified file: artifacts_create_dataset\repos\ComfyUI-MochiWrapper\tests\test_mochi_model_decoupling.py
tacticImplementation | 2026-02-01 03:14:08,678 | INFO | Tests failed (expected for TDD), continuing
tacticImplementation | 2026-02-01 03:14:25,287 | INFO | Modified file: artifacts_create_dataset\repos\ComfyUI-MochiWrapper\tests\test_mochi_model_decoupling.py
tacticImplementation | 2026-02-01 03:14:25,975 | INFO | Tests failed (expected for TDD), continuing
tacticImplementation | 2026-02-01 03:14:36,526 | INFO | Modified file: artifacts_create_dataset\repos\ComfyUI-MochiWrapper\tests\test_mochi_model_decoupling.py
tacticImplementation | 2026-02-01 03:14:37,257 | INFO | Tests failed (expected for TDD), continuing
tacticImplementation | 2026-02-01 03:14:57,581 | INFO | Modified file: artifacts_create_dataset\repos\ComfyUI-MochiWrapper\tests\test_mochi_model_decoupling.py
tacticImplementation | 2026-02-01 03:14:58,327 | INFO | Tests failed (expected for TDD), continuing
tacticImplementation | 2026-02-01 03:15:12,167 | INFO | Modified file: artifacts_create_dataset\repos\ComfyUI-MochiWrapper\tests\test_mochi_model_decoupling.py
tacticImplementation | 2026-02-01 03:15:12,891 | INFO | Tests failed (expected for TDD), continuing
tacticImplementation | 2026-02-01 03:15:24,666 | ERROR | Failed to parse LLM response: Ollama cloud chat failed: Service Temporarily Unavailable (status code: 503)
tacticImplementation | 2026-02-01 03:15:24,673 | INFO | tacticImplementation | SUCCESS | time=153.22s
tacticImplementation | 2026-02-01 03:15:39,043 | INFO | tacticImplementation |START
tacticImplementation | 2026-02-01 03:15:39,043 | WARNING | No selected tactic for ingredient-phrase-tagger
tacticImplementation | 2026-02-01 03:15:39,044 | INFO | tacticImplementation | SUCCESS | time=0.0s
tacticImplementation | 2026-02-01 03:15:52,488 | INFO | tacticImplementation |START
tacticImplementation | 2026-02-01 03:15:52,488 | WARNING | No selected tactic for buster
tacticImplementation | 2026-02-01 03:15:52,489 | INFO | tacticImplementation | SUCCESS | time=0.0s
tacticImplementation | 2026-02-01 03:16:29,401 | INFO | tacticImplementation |START
tacticImplementation | 2026-02-01 03:16:29,423 | INFO | Installing dependencies for t
tacticImplementation | 2026-02-01 03:16:38,956 | INFO | Created file: artifacts_create_dataset\repos\t\tests\test_taskdict.py
tacticImplementation | 2026-02-01 03:16:39,652 | INFO | Tests failed (expected for TDD), continuing
tacticImplementation | 2026-02-01 03:16:42,682 | INFO | Modified file: artifacts_create_dataset\repos\t\tests\test_taskdict.py
tacticImplementation | 2026-02-01 03:16:43,362 | INFO | Tests failed (expected for TDD), continuing
tacticImplementation | 2026-02-01 03:16:56,909 | INFO | Modified file: artifacts_create_dataset\repos\t\tests\test_taskdict.py
tacticImplementation | 2026-02-01 03:16:57,623 | INFO | Tests failed (expected for TDD), continuing
tacticImplementation | 2026-02-01 03:17:05,835 | INFO | Modified file: artifacts_create_dataset\repos\t\tests\test_taskdict.py
tacticImplementation | 2026-02-01 03:17:06,549 | INFO | Tests failed (expected for TDD), continuing
tacticImplementation | 2026-02-01 03:17:21,132 | INFO | Modified file: artifacts_create_dataset\repos\t\tests\test_taskdict.py
tacticImplementation | 2026-02-01 03:17:21,832 | INFO | Tests failed (expected for TDD), continuing
tacticImplementation | 2026-02-01 03:17:37,494 | INFO | Modified file: artifacts_create_dataset\repos\t\tests\test_taskdict.py
tacticImplementation | 2026-02-01 03:17:38,208 | INFO | Tests failed (expected for TDD), continuing
tacticImplementation | 2026-02-01 03:17:51,771 | ERROR | Failed to parse LLM response: Extra data: line 8 column 1 (char 444)
tacticImplementation | 2026-02-01 03:17:51,772 | INFO | tacticImplementation | SUCCESS | time=82.37s
tacticImplementation | 2026-02-01 03:18:25,436 | INFO | tacticImplementation |START
tacticImplementation | 2026-02-01 03:18:25,451 | INFO | Installing dependencies for model-catalog
tacticImplementation | 2026-02-01 03:19:08,742 | INFO | Created file: artifacts_create_dataset\repos\model-catalog\tests\test_validate.py
tacticImplementation | 2026-02-01 03:19:09,461 | INFO | Tests failed (expected for TDD), continuing
tacticImplementation | 2026-02-01 03:19:19,973 | INFO | Modified file: artifacts_create_dataset\repos\model-catalog\tests\test_validate.py
tacticImplementation | 2026-02-01 03:19:20,707 | INFO | Tests failed (expected for TDD), continuing
tacticImplementation | 2026-02-01 03:19:33,597 | INFO | Modified file: artifacts_create_dataset\repos\model-catalog\tests\test_validate.py
tacticImplementation | 2026-02-01 03:19:34,400 | INFO | Tests failed (expected for TDD), continuing
tacticImplementation | 2026-02-01 03:19:42,727 | INFO | Modified file: artifacts_create_dataset\repos\model-catalog\tests\test_validate.py
tacticImplementation | 2026-02-01 03:19:43,459 | INFO | Tests failed (expected for TDD), continuing
tacticImplementation | 2026-02-01 03:19:48,453 | INFO | Modified file: artifacts_create_dataset\repos\model-catalog\tests\test_validate.py
tacticImplementation | 2026-02-01 03:19:49,185 | INFO | Tests failed (expected for TDD), continuing
tacticImplementation | 2026-02-01 03:20:03,284 | ERROR | Failed to parse LLM response: Ollama cloud chat failed: Service Temporarily Unavailable (status code: 503)
tacticImplementation | 2026-02-01 03:20:03,288 | INFO | tacticImplementation | SUCCESS | time=97.85s
tacticImplementation | 2026-02-01 03:20:28,610 | INFO | tacticImplementation |START
tacticImplementation | 2026-02-01 03:20:28,643 | INFO | Installing dependencies for mailcat
tacticImplementation | 2026-02-01 03:21:03,292 | INFO | Created file: artifacts_create_dataset\repos\mailcat\test_mailcat.py
tacticImplementation | 2026-02-01 03:21:04,060 | INFO | Tests failed (expected for TDD), continuing
tacticImplementation | 2026-02-01 03:21:06,667 | INFO | Modified file: artifacts_create_dataset\repos\mailcat\test_mailcat.py
tacticImplementation | 2026-02-01 03:21:07,500 | INFO | Tests failed (expected for TDD), continuing
tacticImplementation | 2026-02-01 03:21:22,182 | INFO | Modified file: artifacts_create_dataset\repos\mailcat\test_mailcat.py
tacticImplementation | 2026-02-01 03:21:22,940 | INFO | Tests failed (expected for TDD), continuing
tacticImplementation | 2026-02-01 03:21:25,980 | INFO | Modified file: artifacts_create_dataset\repos\mailcat\test_mailcat.py
tacticImplementation | 2026-02-01 03:21:26,864 | INFO | Tests failed (expected for TDD), continuing
tacticImplementation | 2026-02-01 03:21:41,226 | INFO | Modified file: artifacts_create_dataset\repos\mailcat\test_mailcat.py
tacticImplementation | 2026-02-01 03:21:41,903 | INFO | Tests failed (expected for TDD), continuing
tacticImplementation | 2026-02-01 03:21:53,705 | ERROR | Failed to parse LLM response: Ollama cloud chat failed: Service Temporarily Unavailable (status code: 503)
tacticImplementation | 2026-02-01 03:21:53,712 | INFO | tacticImplementation | SUCCESS | time=85.1s
tacticImplementation | 2026-02-01 03:22:17,279 | INFO | tacticImplementation |START
tacticImplementation | 2026-02-01 03:22:17,305 | INFO | Installing dependencies for dorks-eye
tacticImplementation | 2026-02-01 03:22:36,452 | INFO | Created file: artifacts_create_dataset\repos\dorks-eye\test_search_engines.py
tacticImplementation | 2026-02-01 03:22:37,211 | INFO | Tests failed (expected for TDD), continuing
tacticImplementation | 2026-02-01 03:22:53,440 | INFO | Modified file: artifacts_create_dataset\repos\dorks-eye\test_search_engines.py
tacticImplementation | 2026-02-01 03:22:54,169 | INFO | Tests failed (expected for TDD), continuing
tacticImplementation | 2026-02-01 03:23:04,654 | INFO | Modified file: artifacts_create_dataset\repos\dorks-eye\test_search_engines.py
tacticImplementation | 2026-02-01 03:23:05,373 | INFO | Tests failed (expected for TDD), continuing
tacticImplementation | 2026-02-01 03:23:12,360 | INFO | Modified file: artifacts_create_dataset\repos\dorks-eye\test_search_engines.py
tacticImplementation | 2026-02-01 03:23:13,067 | INFO | Tests failed (expected for TDD), continuing
tacticImplementation | 2026-02-01 03:23:25,403 | ERROR | Failed to parse LLM response: Ollama cloud chat failed: Service Temporarily Unavailable (status code: 503)
tacticImplementation | 2026-02-01 03:23:25,410 | INFO | tacticImplementation | SUCCESS | time=68.13s
tacticImplementation | 2026-02-01 03:24:06,545 | INFO | tacticImplementation |START
tacticImplementation | 2026-02-01 03:24:06,560 | INFO | Installing dependencies for redis-memory-analyzer
tacticImplementation | 2026-02-01 03:24:41,033 | INFO | Created file: artifacts_create_dataset\repos\redis-memory-analyzer\tests\test_redis_helpers.py
tacticImplementation | 2026-02-01 03:24:41,763 | INFO | Tests failed (expected for TDD), continuing
tacticImplementation | 2026-02-01 03:25:00,021 | INFO | Modified file: artifacts_create_dataset\repos\redis-memory-analyzer\tests\test_redis_helpers.py
tacticImplementation | 2026-02-01 03:25:00,756 | INFO | Tests failed (expected for TDD), continuing
tacticImplementation | 2026-02-01 03:25:26,963 | INFO | Modified file: artifacts_create_dataset\repos\redis-memory-analyzer\tests\test_redis_helpers.py
tacticImplementation | 2026-02-01 03:25:27,663 | INFO | Tests failed (expected for TDD), continuing
tacticImplementation | 2026-02-01 03:25:39,481 | ERROR | Failed to parse LLM response: Ollama cloud chat failed: Service Temporarily Unavailable (status code: 503)
tacticImplementation | 2026-02-01 03:25:39,488 | INFO | tacticImplementation | SUCCESS | time=92.94s
tacticImplementation | 2026-02-01 03:25:52,978 | INFO | tacticImplementation |START
tacticImplementation | 2026-02-01 03:25:52,978 | WARNING | No selected tactic for recommendation
tacticImplementation | 2026-02-01 03:25:52,978 | INFO | tacticImplementation | SUCCESS | time=0.0s
tacticImplementation | 2026-02-01 03:26:06,260 | INFO | tacticImplementation |START
tacticImplementation | 2026-02-01 03:26:06,261 | WARNING | No selected tactic for slouchy
tacticImplementation | 2026-02-01 03:26:06,261 | INFO | tacticImplementation | SUCCESS | time=0.0s
tacticImplementation | 2026-02-01 03:26:29,686 | INFO | tacticImplementation |START
tacticImplementation | 2026-02-01 03:26:29,687 | WARNING | No selected tactic for django-treenode
tacticImplementation | 2026-02-01 03:26:29,687 | INFO | tacticImplementation | SUCCESS | time=0.0s
tacticImplementation | 2026-02-01 03:26:43,111 | INFO | tacticImplementation |START
tacticImplementation | 2026-02-01 03:26:43,111 | WARNING | No selected tactic for fitbit-grafana
tacticImplementation | 2026-02-01 03:26:43,111 | INFO | tacticImplementation | SUCCESS | time=0.0s
tacticImplementation | 2026-02-01 03:27:14,212 | INFO | tacticImplementation |START
tacticImplementation | 2026-02-01 03:27:14,228 | INFO | Installing dependencies for TextRank
tacticImplementation | 2026-02-01 03:27:23,466 | ERROR | Dependency installation failed:
  error: subprocess-exited-with-error
  
  Г— Building wheel for editdistance (pyproject.toml) did not run successfully.
  в”‚ exit code: 1
  в•°в”Ђ> [23 lines of output]
      C:\Users\Saveliy\AppData\Local\Temp\pip-build-env-8av0_p0u\overlay\Lib\site-packages\setuptools\dist.py:765: SetuptoolsDeprecationWarning: License classifiers are deprecated.
      !!
      
              ********************************************************************************
              Please consider removing the following classifiers in favor of a SPDX license expression:
      
              License :: OSI Approved :: MIT License
      
              See https://packaging.python.org/en/latest/guides/writing-pyproject-toml/#license for details.
              ********************************************************************************
      
      !!
        self._finalize_license_expression()
      running bdist_wheel
      running build
      running build_py
      creating build\lib.win-amd64-cpython-312\editdistance
      copying editdistance\__init__.py -> build\lib.win-amd64-cpython-312\editdistance
      copying editdistance\_editdistance.h -> build\lib.win-amd64-cpython-312\editdistance
      copying editdistance\def.h -> build\lib.win-amd64-cpython-312\editdistance
      running build_ext
      building 'editdistance.bycython' extension
      error: Microsoft Visual C++ 14.0 or greater is required. Get it with "Microsoft C++ Build Tools": https://visualstudio.microsoft.com/visual-cpp-build-tools/
      [end of output]
  
  note: This error originates from a subprocess, and is likely not a problem with pip.
  ERROR: Failed building wheel for editdistance

[notice] A new release of pip is available: 25.3 -> 26.0
[notice] To update, run: python.exe -m pip install --upgrade pip
error: failed-wheel-build-for-install

Г— Failed to build installable wheels for some pyproject.toml based projects
в•°в”Ђ> editdistance

tacticImplementation | 2026-02-01 03:27:23,466 | ERROR | Skipping repo TextRank due to dependency installation failure
tacticImplementation | 2026-02-01 03:27:23,466 | INFO | tacticImplementation | SUCCESS | time=9.25s
tacticImplementation | 2026-02-01 03:27:46,210 | INFO | tacticImplementation |START
tacticImplementation | 2026-02-01 03:27:46,229 | ERROR | Failed to load tactic for javalang: 'utf-8' codec can't decode byte 0x97 in position 648: invalid start byte
tacticImplementation | 2026-02-01 03:27:46,229 | WARNING | No selected tactic for javalang
tacticImplementation | 2026-02-01 03:27:46,229 | INFO | tacticImplementation | SUCCESS | time=0.02s
tacticImplementation | 2026-02-01 03:28:03,281 | INFO | tacticImplementation |START
tacticImplementation | 2026-02-01 03:28:03,302 | INFO | Installing dependencies for fcm-django
tacticImplementation | 2026-02-01 03:28:58,925 | ERROR | Failed to parse LLM response: Ollama cloud chat failed: Service Temporarily Unavailable (status code: 503)
tacticImplementation | 2026-02-01 03:28:58,933 | INFO | tacticImplementation | SUCCESS | time=55.65s
tacticImplementation | 2026-02-01 03:29:32,198 | INFO | tacticImplementation |START
tacticImplementation | 2026-02-01 03:29:32,199 | WARNING | No selected tactic for bilibili-live-tools
tacticImplementation | 2026-02-01 03:29:32,199 | INFO | tacticImplementation | SUCCESS | time=0.0s
tacticImplementation | 2026-02-01 03:29:50,395 | INFO | tacticImplementation |START
tacticImplementation | 2026-02-01 03:29:50,396 | WARNING | No selected tactic for rust-python-example
tacticImplementation | 2026-02-01 03:29:50,396 | INFO | tacticImplementation | SUCCESS | time=0.0s
tacticImplementation | 2026-02-01 03:30:13,490 | INFO | tacticImplementation |START
tacticImplementation | 2026-02-01 03:30:13,501 | INFO | Installing dependencies for delete-tweets
tacticImplementation | 2026-02-01 03:30:41,971 | INFO | Modified file: artifacts_create_dataset\repos\delete-tweets\tests\test_deletetweets.py
tacticImplementation | 2026-02-01 03:30:42,672 | INFO | Tests failed (expected for TDD), continuing
tacticImplementation | 2026-02-01 03:31:19,414 | INFO | Modified file: artifacts_create_dataset\repos\delete-tweets\tests\test_deletetweets.py
tacticImplementation | 2026-02-01 03:31:20,126 | INFO | Tests failed (expected for TDD), continuing
tacticImplementation | 2026-02-01 03:31:29,917 | INFO | Modified file: artifacts_create_dataset\repos\delete-tweets\tests\test_deletetweets.py
tacticImplementation | 2026-02-01 03:31:30,654 | INFO | Tests failed (expected for TDD), continuing
tacticImplementation | 2026-02-01 03:32:12,050 | INFO | Modified file: artifacts_create_dataset\repos\delete-tweets\tests\test_deletetweets.py
tacticImplementation | 2026-02-01 03:32:12,717 | INFO | Tests failed (expected for TDD), continuing
tacticImplementation | 2026-02-01 03:32:46,217 | INFO | Modified file: artifacts_create_dataset\repos\delete-tweets\tests\test_deletetweets.py
tacticImplementation | 2026-02-01 03:32:46,936 | INFO | Tests failed (expected for TDD), continuing
tacticImplementation | 2026-02-01 03:33:25,746 | INFO | Modified file: artifacts_create_dataset\repos\delete-tweets\tests\test_deletetweets.py
tacticImplementation | 2026-02-01 03:33:26,470 | INFO | Tests failed (expected for TDD), continuing
tacticImplementation | 2026-02-01 03:33:39,365 | ERROR | Failed to parse LLM response: Ollama cloud chat failed: Service Temporarily Unavailable (status code: 503)
tacticImplementation | 2026-02-01 03:33:39,372 | INFO | tacticImplementation | SUCCESS | time=205.88s
tacticImplementation | 2026-02-01 03:34:26,055 | INFO | tacticImplementation |START
tacticImplementation | 2026-02-01 03:34:26,077 | INFO | Installing dependencies for Auto-GPT-Plugin-Template
tacticImplementation | 2026-02-01 03:34:52,500 | INFO | Created file: artifacts_create_dataset\repos\Auto-GPT-Plugin-Template\tests\test_auto_gpt_plugin_template.py
tacticImplementation | 2026-02-01 03:34:53,244 | INFO | Tests failed (expected for TDD), continuing
tacticImplementation | 2026-02-01 03:35:04,688 | ERROR | Failed to parse LLM response: Ollama cloud chat failed: Service Temporarily Unavailable (status code: 503)
tacticImplementation | 2026-02-01 03:35:04,695 | INFO | tacticImplementation | SUCCESS | time=38.64s
tacticImplementation | 2026-02-01 03:35:37,705 | INFO | tacticImplementation |START
tacticImplementation | 2026-02-01 03:35:37,706 | WARNING | No selected tactic for nsepy
tacticImplementation | 2026-02-01 03:35:37,706 | INFO | tacticImplementation | SUCCESS | time=0.0s
tacticImplementation | 2026-02-01 03:36:15,751 | INFO | tacticImplementation |START
tacticImplementation | 2026-02-01 03:36:15,771 | INFO | Installing dependencies for fuzzowski
tacticImplementation | 2026-02-01 03:36:25,168 | INFO | Created file: artifacts_create_dataset\repos\fuzzowski\tests\test_fuzzer_interface.py
tacticImplementation | 2026-02-01 03:36:28,586 | INFO | Tests failed (expected for TDD), continuing
tacticImplementation | 2026-02-01 03:36:34,609 | INFO | Modified file: artifacts_create_dataset\repos\fuzzowski\tests\test_fuzzer_interface.py
tacticImplementation | 2026-02-01 03:36:37,316 | INFO | Tests failed (expected for TDD), continuing
tacticImplementation | 2026-02-01 03:36:47,408 | INFO | Modified file: artifacts_create_dataset\repos\fuzzowski\tests\test_fuzzer_interface.py
tacticImplementation | 2026-02-01 03:36:50,080 | INFO | Tests failed (expected for TDD), continuing
tacticImplementation | 2026-02-01 03:37:03,171 | INFO | Modified file: artifacts_create_dataset\repos\fuzzowski\tests\test_fuzzer_interface.py
tacticImplementation | 2026-02-01 03:37:05,876 | INFO | Tests failed (expected for TDD), continuing
tacticImplementation | 2026-02-01 03:37:17,547 | INFO | Created file: artifacts_create_dataset\repos\fuzzowski\tests\test_fuzzer_interface.py
tacticImplementation | 2026-02-01 03:37:20,258 | INFO | Tests failed (expected for TDD), continuing
tacticImplementation | 2026-02-01 03:37:26,284 | INFO | Created file: artifacts_create_dataset\repos\fuzzowski\tests\test_fuzzer_interface.py
tacticImplementation | 2026-02-01 03:37:29,046 | INFO | Tests failed (expected for TDD), continuing
tacticImplementation | 2026-02-01 03:37:40,237 | INFO | Created file: artifacts_create_dataset\repos\fuzzowski\tests\test_fuzzer_interface.py
tacticImplementation | 2026-02-01 03:37:42,826 | INFO | Tests failed (expected for TDD), continuing
tacticImplementation | 2026-02-01 03:37:54,262 | ERROR | Failed to parse LLM response: Ollama cloud chat failed: Service Temporarily Unavailable (status code: 503)
tacticImplementation | 2026-02-01 03:37:54,270 | INFO | tacticImplementation | SUCCESS | time=98.52s
tacticImplementation | 2026-02-01 03:38:26,301 | INFO | tacticImplementation |START
tacticImplementation | 2026-02-01 03:38:26,313 | INFO | Installing dependencies for Manga_downloader
tacticImplementation | 2026-02-01 03:38:56,826 | ERROR | Dependency installation failed:
  error: subprocess-exited-with-error
  
  Г— Building wheel for Pillow (pyproject.toml) did not run successfully.
  в”‚ exit code: 1
  в•°в”Ђ> [216 lines of output]
      C:\Users\Saveliy\AppData\Local\Temp\pip-build-env-fdb_j_ee\overlay\Lib\site-packages\setuptools\dist.py:765: SetuptoolsDeprecationWarning: License classifiers are deprecated.
      !!
      
              ********************************************************************************
              Please consider removing the following classifiers in favor of a SPDX license expression:
      
              License :: OSI Approved :: Historical Permission Notice and Disclaimer (HPND)
      
              See https://packaging.python.org/en/latest/guides/writing-pyproject-toml/#license for details.
              ********************************************************************************
      
      !!
        self._finalize_license_expression()
      running bdist_wheel
      running build
      running build_py
      creating build\lib.win-amd64-cpython-312\PIL
      copying src\PIL\BdfFontFile.py -> build\lib.win-amd64-cpython-312\PIL
      copying src\PIL\BlpImagePlugin.py -> build\lib.win-amd64-cpython-312\PIL
      copying src\PIL\BmpImagePlugin.py -> build\lib.win-amd64-cpython-312\PIL
      copying src\PIL\BufrStubImagePlugin.py -> build\lib.win-amd64-cpython-312\PIL
      copying src\PIL\ContainerIO.py -> build\lib.win-amd64-cpython-312\PIL
      copying src\PIL\CurImagePlugin.py -> build\lib.win-amd64-cpython-312\PIL
      copying src\PIL\DcxImagePlugin.py -> build\lib.win-amd64-cpython-312\PIL
      copying src\PIL\DdsImagePlugin.py -> build\lib.win-amd64-cpython-312\PIL
      copying src\PIL\EpsImagePlugin.py -> build\lib.win-amd64-cpython-312\PIL
      copying src\PIL\ExifTags.py -> build\lib.win-amd64-cpython-312\PIL
      copying src\PIL\features.py -> build\lib.win-amd64-cpython-312\PIL
      copying src\PIL\FitsImagePlugin.py -> build\lib.win-amd64-cpython-312\PIL
      copying src\PIL\FitsStubImagePlugin.py -> build\lib.win-amd64-cpython-312\PIL
      copying src\PIL\FliImagePlugin.py -> build\lib.win-amd64-cpython-312\PIL
      copying src\PIL\FontFile.py -> build\lib.win-amd64-cpython-312\PIL
      copying src\PIL\FpxImagePlugin.py -> build\lib.win-amd64-cpython-312\PIL
      copying src\PIL\FtexImagePlugin.py -> build\lib.win-amd64-cpython-312\PIL
      copying src\PIL\GbrImagePlugin.py -> build\lib.win-amd64-cpython-312\PIL
      copying src\PIL\GdImageFile.py -> build\lib.win-amd64-cpython-312\PIL
      copying src\PIL\GifImagePlugin.py -> build\lib.win-amd64-cpython-312\PIL
      copying src\PIL\GimpGradientFile.py -> build\lib.win-amd64-cpython-312\PIL
      copying src\PIL\GimpPaletteFile.py -> build\lib.win-amd64-cpython-312\PIL
      copying src\PIL\GribStubImagePlugin.py -> build\lib.win-amd64-cpython-312\PIL
      copying src\PIL\Hdf5StubImagePlugin.py -> build\lib.win-amd64-cpython-312\PIL
      copying src\PIL\IcnsImagePlugin.py -> build\lib.win-amd64-cpython-312\PIL
      copying src\PIL\IcoImagePlugin.py -> build\lib.win-amd64-cpython-312\PIL
      copying src\PIL\Image.py -> build\lib.win-amd64-cpython-312\PIL
      copying src\PIL\ImageChops.py -> build\lib.win-amd64-cpython-312\PIL
      copying src\PIL\ImageCms.py -> build\lib.win-amd64-cpython-312\PIL
      copying src\PIL\ImageColor.py -> build\lib.win-amd64-cpython-312\PIL
      copying src\PIL\ImageDraw.py -> build\lib.win-amd64-cpython-312\PIL
      copying src\PIL\ImageDraw2.py -> build\lib.win-amd64-cpython-312\PIL
      copying src\PIL\ImageEnhance.py -> build\lib.win-amd64-cpython-312\PIL
      copying src\PIL\ImageFile.py -> build\lib.win-amd64-cpython-312\PIL
      copying src\PIL\ImageFilter.py -> build\lib.win-amd64-cpython-312\PIL
      copying src\PIL\ImageFont.py -> build\lib.win-amd64-cpython-312\PIL
      copying src\PIL\ImageGrab.py -> build\lib.win-amd64-cpython-312\PIL
      copying src\PIL\ImageMath.py -> build\lib.win-amd64-cpython-312\PIL
      copying src\PIL\ImageMode.py -> build\lib.win-amd64-cpython-312\PIL
      copying src\PIL\ImageMorph.py -> build\lib.win-amd64-cpython-312\PIL
      copying src\PIL\ImageOps.py -> build\lib.win-amd64-cpython-312\PIL
      copying src\PIL\ImagePalette.py -> build\lib.win-amd64-cpython-312\PIL
      copying src\PIL\ImagePath.py -> build\lib.win-amd64-cpython-312\PIL
      copying src\PIL\ImageQt.py -> build\lib.win-amd64-cpython-312\PIL
      copying src\PIL\ImageSequence.py -> build\lib.win-amd64-cpython-312\PIL
      copying src\PIL\ImageShow.py -> build\lib.win-amd64-cpython-312\PIL
      copying src\PIL\ImageStat.py -> build\lib.win-amd64-cpython-312\PIL
      copying src\PIL\ImageTk.py -> build\lib.win-amd64-cpython-312\PIL
      copying src\PIL\ImageTransform.py -> build\lib.win-amd64-cpython-312\PIL
      copying src\PIL\ImageWin.py -> build\lib.win-amd64-cpython-312\PIL
      copying src\PIL\ImImagePlugin.py -> build\lib.win-amd64-cpython-312\PIL
      copying src\PIL\ImtImagePlugin.py -> build\lib.win-amd64-cpython-312\PIL
      copying src\PIL\IptcImagePlugin.py -> build\lib.win-amd64-cpython-312\PIL
      copying src\PIL\Jpeg2KImagePlugin.py -> build\lib.win-amd64-cpython-312\PIL
      copying src\PIL\JpegImagePlugin.py -> build\lib.win-amd64-cpython-312\PIL
      copying src\PIL\JpegPresets.py -> build\lib.win-amd64-cpython-312\PIL
      copying src\PIL\McIdasImagePlugin.py -> build\lib.win-amd64-cpython-312\PIL
      copying src\PIL\MicImagePlugin.py -> build\lib.win-amd64-cpython-312\PIL
      copying src\PIL\MpegImagePlugin.py -> build\lib.win-amd64-cpython-312\PIL
      copying src\PIL\MpoImagePlugin.py -> build\lib.win-amd64-cpython-312\PIL
      copying src\PIL\MspImagePlugin.py -> build\lib.win-amd64-cpython-312\PIL
      copying src\PIL\PaletteFile.py -> build\lib.win-amd64-cpython-312\PIL
      copying src\PIL\PalmImagePlugin.py -> build\lib.win-amd64-cpython-312\PIL
      copying src\PIL\PcdImagePlugin.py -> build\lib.win-amd64-cpython-312\PIL
      copying src\PIL\PcfFontFile.py -> build\lib.win-amd64-cpython-312\PIL
      copying src\PIL\PcxImagePlugin.py -> build\lib.win-amd64-cpython-312\PIL
      copying src\PIL\PdfImagePlugin.py -> build\lib.win-amd64-cpython-312\PIL
      copying src\PIL\PdfParser.py -> build\lib.win-amd64-cpython-312\PIL
      copying src\PIL\PixarImagePlugin.py -> build\lib.win-amd64-cpython-312\PIL
      copying src\PIL\PngImagePlugin.py -> build\lib.win-amd64-cpython-312\PIL
      copying src\PIL\PpmImagePlugin.py -> build\lib.win-amd64-cpython-312\PIL
      copying src\PIL\PsdImagePlugin.py -> build\lib.win-amd64-cpython-312\PIL
      copying src\PIL\PSDraw.py -> build\lib.win-amd64-cpython-312\PIL
      copying src\PIL\PyAccess.py -> build\lib.win-amd64-cpython-312\PIL
      copying src\PIL\SgiImagePlugin.py -> build\lib.win-amd64-cpython-312\PIL
      copying src\PIL\SpiderImagePlugin.py -> build\lib.win-amd64-cpython-312\PIL
      copying src\PIL\SunImagePlugin.py -> build\lib.win-amd64-cpython-312\PIL
      copying src\PIL\TarIO.py -> build\lib.win-amd64-cpython-312\PIL
      copying src\PIL\TgaImagePlugin.py -> build\lib.win-amd64-cpython-312\PIL
      copying src\PIL\TiffImagePlugin.py -> build\lib.win-amd64-cpython-312\PIL
      copying src\PIL\TiffTags.py -> build\lib.win-amd64-cpython-312\PIL
      copying src\PIL\WalImageFile.py -> build\lib.win-amd64-cpython-312\PIL
      copying src\PIL\WebPImagePlugin.py -> build\lib.win-amd64-cpython-312\PIL
      copying src\PIL\WmfImagePlugin.py -> build\lib.win-amd64-cpython-312\PIL
      copying src\PIL\XbmImagePlugin.py -> build\lib.win-amd64-cpython-312\PIL
      copying src\PIL\XpmImagePlugin.py -> build\lib.win-amd64-cpython-312\PIL
      copying src\PIL\XVThumbImagePlugin.py -> build\lib.win-amd64-cpython-312\PIL
      copying src\PIL\_binary.py -> build\lib.win-amd64-cpython-312\PIL
      copying src\PIL\_deprecate.py -> build\lib.win-amd64-cpython-312\PIL
      copying src\PIL\_tkinter_finder.py -> build\lib.win-amd64-cpython-312\PIL
      copying src\PIL\_util.py -> build\lib.win-amd64-cpython-312\PIL
      copying src\PIL\_version.py -> build\lib.win-amd64-cpython-312\PIL
      copying src\PIL\__init__.py -> build\lib.win-amd64-cpython-312\PIL
      copying src\PIL\__main__.py -> build\lib.win-amd64-cpython-312\PIL
      running egg_info
      writing src\Pillow.egg-info\PKG-INFO
      writing dependency_links to src\Pillow.egg-info\dependency_links.txt
      writing requirements to src\Pillow.egg-info\requires.txt
      writing top-level names to src\Pillow.egg-info\top_level.txt
      reading manifest file 'src\Pillow.egg-info\SOURCES.txt'
      reading manifest template 'MANIFEST.in'
      warning: no files found matching '*.c'
      warning: no files found matching '*.h'
      warning: no files found matching '*.sh'
      warning: no files found matching '*.txt'
      warning: no previously-included files found matching '.appveyor.yml'
      warning: no previously-included files found matching '.clang-format'
      warning: no previously-included files found matching '.coveragerc'
      warning: no previously-included files found matching '.editorconfig'
      warning: no previously-included files found matching '.readthedocs.yml'
      warning: no previously-included files found matching 'codecov.yml'
      warning: no previously-included files matching '.git*' found anywhere in distribution
      warning: no previously-included files matching '*.pyc' found anywhere in distribution
      warning: no previously-included files matching '*.so' found anywhere in distribution
      no previously-included directories found matching '.ci'
      adding license file 'LICENSE'
      writing manifest file 'src\Pillow.egg-info\SOURCES.txt'
      running build_ext
      
      
      The headers or library files could not be found for zlib,
      a required dependency when compiling Pillow from source.
      
      Please see the install instructions at:
         https://pillow.readthedocs.io/en/latest/installation.html
      
      Traceback (most recent call last):
        File "<string>", line 995, in <module>
        File "C:\Users\Saveliy\AppData\Local\Temp\pip-build-env-fdb_j_ee\overlay\Lib\site-packages\setuptools\__init__.py", line 117, in setup
          return distutils.core.setup(**attrs)  # type: ignore[return-value]
                 ^^^^^^^^^^^^^^^^^^^^^^^^^^^^^
        File "C:\Users\Saveliy\AppData\Local\Temp\pip-build-env-fdb_j_ee\overlay\Lib\site-packages\setuptools\_distutils\core.py", line 186, in setup
          return run_commands(dist)
                 ^^^^^^^^^^^^^^^^^^
        File "C:\Users\Saveliy\AppData\Local\Temp\pip-build-env-fdb_j_ee\overlay\Lib\site-packages\setuptools\_distutils\core.py", line 202, in run_commands
          dist.run_commands()
        File "C:\Users\Saveliy\AppData\Local\Temp\pip-build-env-fdb_j_ee\overlay\Lib\site-packages\setuptools\_distutils\dist.py", line 1002, in run_commands
          self.run_command(cmd)
        File "C:\Users\Saveliy\AppData\Local\Temp\pip-build-env-fdb_j_ee\overlay\Lib\site-packages\setuptools\dist.py", line 1107, in run_command
          super().run_command(command)
        File "C:\Users\Saveliy\AppData\Local\Temp\pip-build-env-fdb_j_ee\overlay\Lib\site-packages\setuptools\_distutils\dist.py", line 1021, in run_command
          cmd_obj.run()
        File "C:\Users\Saveliy\AppData\Local\Temp\pip-build-env-fdb_j_ee\overlay\Lib\site-packages\setuptools\command\bdist_wheel.py", line 370, in run
          self.run_command("build")
        File "C:\Users\Saveliy\AppData\Local\Temp\pip-build-env-fdb_j_ee\overlay\Lib\site-packages\setuptools\_distutils\cmd.py", line 357, in run_command
          self.distribution.run_command(command)
        File "C:\Users\Saveliy\AppData\Local\Temp\pip-build-env-fdb_j_ee\overlay\Lib\site-packages\setuptools\dist.py", line 1107, in run_command
          super().run_command(command)
        File "C:\Users\Saveliy\AppData\Local\Temp\pip-build-env-fdb_j_ee\overlay\Lib\site-packages\setuptools\_distutils\dist.py", line 1021, in run_command
          cmd_obj.run()
        File "C:\Users\Saveliy\AppData\Local\Temp\pip-build-env-fdb_j_ee\overlay\Lib\site-packages\setuptools\_distutils\command\build.py", line 135, in run
          self.run_command(cmd_name)
        File "C:\Users\Saveliy\AppData\Local\Temp\pip-build-env-fdb_j_ee\overlay\Lib\site-packages\setuptools\_distutils\cmd.py", line 357, in run_command
          self.distribution.run_command(command)
        File "C:\Users\Saveliy\AppData\Local\Temp\pip-build-env-fdb_j_ee\overlay\Lib\site-packages\setuptools\dist.py", line 1107, in run_command
          super().run_command(command)
        File "C:\Users\Saveliy\AppData\Local\Temp\pip-build-env-fdb_j_ee\overlay\Lib\site-packages\setuptools\_distutils\dist.py", line 1021, in run_command
          cmd_obj.run()
        File "C:\Users\Saveliy\AppData\Local\Temp\pip-build-env-fdb_j_ee\overlay\Lib\site-packages\setuptools\command\build_ext.py", line 97, in run
          _build_ext.run(self)
        File "C:\Users\Saveliy\AppData\Local\Temp\pip-build-env-fdb_j_ee\overlay\Lib\site-packages\setuptools\_distutils\command\build_ext.py", line 368, in run
          self.build_extensions()
        File "<string>", line 810, in build_extensions
      RequiredDependencyException: zlib
      
      During handling of the above exception, another exception occurred:
      
      Traceback (most recent call last):
        File "D:\pythonProjects\get_git_repos\.venv\Lib\site-packages\pip\_vendor\pyproject_hooks\_in_process\_in_process.py", line 389, in <module>
          main()
        File "D:\pythonProjects\get_git_repos\.venv\Lib\site-packages\pip\_vendor\pyproject_hooks\_in_process\_in_process.py", line 373, in main
          json_out["return_val"] = hook(**hook_input["kwargs"])
                                   ^^^^^^^^^^^^^^^^^^^^^^^^^^^^
        File "D:\pythonProjects\get_git_repos\.venv\Lib\site-packages\pip\_vendor\pyproject_hooks\_in_process\_in_process.py", line 280, in build_wheel
          return _build_backend().build_wheel(
                 ^^^^^^^^^^^^^^^^^^^^^^^^^^^^^
        File "C:\Users\Saveliy\AppData\Local\Temp\pip-build-env-fdb_j_ee\overlay\Lib\site-packages\setuptools\build_meta.py", line 439, in build_wheel
          return _build(['bdist_wheel', '--dist-info-dir', str(metadata_directory)])
                 ^^^^^^^^^^^^^^^^^^^^^^^^^^^^^^^^^^^^^^^^^^^^^^^^^^^^^^^^^^^^^^^^^^^
        File "C:\Users\Saveliy\AppData\Local\Temp\pip-build-env-fdb_j_ee\overlay\Lib\site-packages\setuptools\build_meta.py", line 427, in _build
          return self._build_with_temp_dir(
                 ^^^^^^^^^^^^^^^^^^^^^^^^^^
        File "C:\Users\Saveliy\AppData\Local\Temp\pip-build-env-fdb_j_ee\overlay\Lib\site-packages\setuptools\build_meta.py", line 408, in _build_with_temp_dir
          self.run_setup()
        File "C:\Users\Saveliy\AppData\Local\Temp\pip-build-env-fdb_j_ee\overlay\Lib\site-packages\setuptools\build_meta.py", line 518, in run_setup
          super().run_setup(setup_script=setup_script)
        File "C:\Users\Saveliy\AppData\Local\Temp\pip-build-env-fdb_j_ee\overlay\Lib\site-packages\setuptools\build_meta.py", line 317, in run_setup
          exec(code, locals())
        File "<string>", line 1015, in <module>
      RequiredDependencyException:
      
      The headers or library files could not be found for zlib,
      a required dependency when compiling Pillow from source.
      
      Please see the install instructions at:
         https://pillow.readthedocs.io/en/latest/installation.html
      
      
      <string>:45: RuntimeWarning: Pillow 9.2.0 does not support Python 3.12 and does not provide prebuilt Windows binaries. We do not recommend building from source on Windows.
      [end of output]
  
  note: This error originates from a subprocess, and is likely not a problem with pip.
  ERROR: Failed building wheel for Pillow

[notice] A new release of pip is available: 25.3 -> 26.0
[notice] To update, run: python.exe -m pip install --upgrade pip
error: failed-wheel-build-for-install

Г— Failed to build installable wheels for some pyproject.toml based projects
в•°в”Ђ> Pillow

tacticImplementation | 2026-02-01 03:38:56,831 | ERROR | Skipping repo Manga_downloader due to dependency installation failure
tacticImplementation | 2026-02-01 03:38:56,831 | INFO | tacticImplementation | SUCCESS | time=30.53s
tacticImplementation | 2026-02-01 14:16:55,084 | INFO | tacticImplementation |START
tacticImplementation | 2026-02-01 14:16:55,111 | INFO | Installing dependencies for whoogle-search
tacticImplementation | 2026-02-01 14:17:53,739 | ERROR | Failed to parse LLM response: Ollama cloud chat failed: Service Temporarily Unavailable (status code: 503)
tacticImplementation | 2026-02-01 14:17:53,747 | INFO | tacticImplementation | SUCCESS | time=58.66s
tacticImplementation | 2026-02-01 14:19:56,569 | INFO | tacticImplementation |START
tacticImplementation | 2026-02-01 14:19:56,571 | WARNING | No selected tactic for whoogle-search
tacticImplementation | 2026-02-01 14:19:56,571 | INFO | tacticImplementation | SUCCESS | time=0.0s
tacticImplementation | 2026-02-01 14:20:28,460 | INFO | tacticImplementation |START
tacticImplementation | 2026-02-01 14:20:28,460 | WARNING | No selected tactic for DrissionPage
tacticImplementation | 2026-02-01 14:20:28,461 | INFO | tacticImplementation | SUCCESS | time=0.0s
tacticImplementation | 2026-02-01 14:20:50,501 | INFO | tacticImplementation |START
tacticImplementation | 2026-02-01 14:20:50,501 | WARNING | No selected tactic for claude-engineer
tacticImplementation | 2026-02-01 14:20:50,502 | INFO | tacticImplementation | SUCCESS | time=0.0s
tacticImplementation | 2026-02-01 14:20:56,196 | INFO | tacticImplementation |START
tacticImplementation | 2026-02-01 14:20:56,196 | WARNING | No selected tactic for Sublist3r
tacticImplementation | 2026-02-01 14:20:56,196 | INFO | tacticImplementation | SUCCESS | time=0.0s
tacticImplementation | 2026-02-01 14:21:09,215 | INFO | tacticImplementation |START
tacticImplementation | 2026-02-01 14:21:09,215 | WARNING | No selected tactic for LaZagne
tacticImplementation | 2026-02-01 14:21:09,216 | INFO | tacticImplementation | SUCCESS | time=0.0s
tacticImplementation | 2026-02-01 14:21:15,198 | INFO | tacticImplementation |START
tacticImplementation | 2026-02-01 14:21:15,198 | WARNING | No selected tactic for q
tacticImplementation | 2026-02-01 14:21:15,198 | INFO | tacticImplementation | SUCCESS | time=0.0s
tacticImplementation | 2026-02-01 14:21:21,605 | INFO | tacticImplementation |START
tacticImplementation | 2026-02-01 14:21:21,605 | WARNING | No selected tactic for EverydayWechat
tacticImplementation | 2026-02-01 14:21:21,605 | INFO | tacticImplementation | SUCCESS | time=0.0s
tacticImplementation | 2026-02-01 14:21:30,954 | INFO | tacticImplementation |START
tacticImplementation | 2026-02-01 14:21:30,954 | WARNING | No selected tactic for minbpe
tacticImplementation | 2026-02-01 14:21:30,955 | INFO | tacticImplementation | SUCCESS | time=0.0s
tacticImplementation | 2026-02-01 14:21:37,201 | INFO | tacticImplementation |START
tacticImplementation | 2026-02-01 14:21:37,201 | WARNING | No selected tactic for coursera-dl
tacticImplementation | 2026-02-01 14:21:37,201 | INFO | tacticImplementation | SUCCESS | time=0.0s
tacticImplementation | 2026-02-01 14:21:42,496 | INFO | tacticImplementation |START
tacticImplementation | 2026-02-01 14:21:42,497 | WARNING | No selected tactic for KittenTTS
tacticImplementation | 2026-02-01 14:21:42,497 | INFO | tacticImplementation | SUCCESS | time=0.0s
tacticImplementation | 2026-02-01 14:22:01,177 | INFO | tacticImplementation |START
tacticImplementation | 2026-02-01 14:22:01,177 | WARNING | No selected tactic for data-science-from-scratch
tacticImplementation | 2026-02-01 14:22:01,178 | INFO | tacticImplementation | SUCCESS | time=0.0s
tacticImplementation | 2026-02-01 14:22:07,682 | INFO | tacticImplementation |START
tacticImplementation | 2026-02-01 14:22:07,683 | WARNING | No selected tactic for weiboSpider
tacticImplementation | 2026-02-01 14:22:07,683 | INFO | tacticImplementation | SUCCESS | time=0.0s
tacticImplementation | 2026-02-01 14:22:13,828 | INFO | tacticImplementation |START
tacticImplementation | 2026-02-01 14:22:13,828 | WARNING | No selected tactic for easytrader
tacticImplementation | 2026-02-01 14:22:13,828 | INFO | tacticImplementation | SUCCESS | time=0.0s
tacticImplementation | 2026-02-01 14:22:20,251 | INFO | tacticImplementation |START
tacticImplementation | 2026-02-01 14:22:20,251 | WARNING | No selected tactic for http-prompt
tacticImplementation | 2026-02-01 14:22:20,251 | INFO | tacticImplementation | SUCCESS | time=0.0s
tacticImplementation | 2026-02-01 14:22:26,089 | INFO | tacticImplementation |START
tacticImplementation | 2026-02-01 14:22:26,089 | WARNING | No selected tactic for sshuttle
tacticImplementation | 2026-02-01 14:22:26,089 | INFO | tacticImplementation | SUCCESS | time=0.0s
tacticImplementation | 2026-02-01 14:22:32,727 | INFO | tacticImplementation |START
tacticImplementation | 2026-02-01 14:22:32,728 | WARNING | No selected tactic for WARP-Clash-API
tacticImplementation | 2026-02-01 14:22:32,728 | INFO | tacticImplementation | SUCCESS | time=0.0s
tacticImplementation | 2026-02-01 14:22:40,075 | INFO | tacticImplementation |START
tacticImplementation | 2026-02-01 14:22:40,075 | WARNING | No selected tactic for flasky
tacticImplementation | 2026-02-01 14:22:40,077 | INFO | tacticImplementation | SUCCESS | time=0.0s
tacticImplementation | 2026-02-01 14:22:45,723 | INFO | tacticImplementation |START
tacticImplementation | 2026-02-01 14:22:45,723 | WARNING | No selected tactic for google-images-download
tacticImplementation | 2026-02-01 14:22:45,723 | INFO | tacticImplementation | SUCCESS | time=0.0s
tacticImplementation | 2026-02-01 14:22:51,485 | INFO | tacticImplementation |START
tacticImplementation | 2026-02-01 14:22:51,486 | WARNING | No selected tactic for python-dotenv
tacticImplementation | 2026-02-01 14:22:51,487 | INFO | tacticImplementation | SUCCESS | time=0.0s
tacticImplementation | 2026-02-01 14:22:56,885 | INFO | tacticImplementation |START
tacticImplementation | 2026-02-01 14:22:56,886 | WARNING | No selected tactic for get_subscribe
tacticImplementation | 2026-02-01 14:22:56,886 | INFO | tacticImplementation | SUCCESS | time=0.0s
tacticImplementation | 2026-02-01 14:23:03,410 | INFO | tacticImplementation |START
tacticImplementation | 2026-02-01 14:23:03,411 | WARNING | No selected tactic for yewtube
tacticImplementation | 2026-02-01 14:23:03,411 | INFO | tacticImplementation | SUCCESS | time=0.0s
tacticImplementation | 2026-02-01 14:23:09,993 | INFO | tacticImplementation |START
tacticImplementation | 2026-02-01 14:23:09,994 | WARNING | No selected tactic for binance-trade-bot
tacticImplementation | 2026-02-01 14:23:09,994 | INFO | tacticImplementation | SUCCESS | time=0.0s
tacticImplementation | 2026-02-01 14:23:17,438 | INFO | tacticImplementation |START
tacticImplementation | 2026-02-01 14:23:17,438 | WARNING | No selected tactic for gixy
tacticImplementation | 2026-02-01 14:23:17,439 | INFO | tacticImplementation | SUCCESS | time=0.0s
tacticImplementation | 2026-02-01 14:23:23,862 | INFO | tacticImplementation |START
tacticImplementation | 2026-02-01 14:23:23,863 | WARNING | No selected tactic for bypy
tacticImplementation | 2026-02-01 14:23:23,863 | INFO | tacticImplementation | SUCCESS | time=0.0s
tacticImplementation | 2026-02-01 14:23:29,301 | INFO | tacticImplementation |START
tacticImplementation | 2026-02-01 14:23:29,302 | WARNING | No selected tactic for smtp-tunnel-proxy
tacticImplementation | 2026-02-01 14:23:29,302 | INFO | tacticImplementation | SUCCESS | time=0.0s
tacticImplementation | 2026-02-01 14:23:34,657 | INFO | tacticImplementation |START
tacticImplementation | 2026-02-01 14:23:34,657 | WARNING | No selected tactic for geowifi
tacticImplementation | 2026-02-01 14:23:34,658 | INFO | tacticImplementation | SUCCESS | time=0.0s
tacticImplementation | 2026-02-01 14:23:40,956 | INFO | tacticImplementation |START
tacticImplementation | 2026-02-01 14:23:40,957 | WARNING | No selected tactic for github-cve-monitor
tacticImplementation | 2026-02-01 14:23:40,957 | INFO | tacticImplementation | SUCCESS | time=0.0s
tacticImplementation | 2026-02-01 14:23:47,326 | INFO | tacticImplementation |START
tacticImplementation | 2026-02-01 14:23:47,328 | WARNING | No selected tactic for whisper-ctranslate2
tacticImplementation | 2026-02-01 14:23:47,328 | INFO | tacticImplementation | SUCCESS | time=0.0s
tacticImplementation | 2026-02-01 14:23:52,891 | INFO | tacticImplementation |START
tacticImplementation | 2026-02-01 14:23:52,891 | WARNING | No selected tactic for subgen
tacticImplementation | 2026-02-01 14:23:52,892 | INFO | tacticImplementation | SUCCESS | time=0.0s
tacticImplementation | 2026-02-01 14:24:01,026 | INFO | tacticImplementation |START
tacticImplementation | 2026-02-01 14:24:01,026 | WARNING | No selected tactic for few-shot-object-detection
tacticImplementation | 2026-02-01 14:24:01,026 | INFO | tacticImplementation | SUCCESS | time=0.0s
tacticImplementation | 2026-02-01 14:24:09,523 | INFO | tacticImplementation |START
tacticImplementation | 2026-02-01 14:24:09,524 | WARNING | No selected tactic for LinkedInt
tacticImplementation | 2026-02-01 14:24:09,524 | INFO | tacticImplementation | SUCCESS | time=0.0s
tacticImplementation | 2026-02-01 14:24:14,747 | INFO | tacticImplementation |START
tacticImplementation | 2026-02-01 14:24:14,748 | WARNING | No selected tactic for Hosts_scan
tacticImplementation | 2026-02-01 14:24:14,748 | INFO | tacticImplementation | SUCCESS | time=0.0s
tacticImplementation | 2026-02-01 14:24:19,901 | INFO | tacticImplementation |START
tacticImplementation | 2026-02-01 14:24:19,901 | WARNING | No selected tactic for fav-up
tacticImplementation | 2026-02-01 14:24:19,902 | INFO | tacticImplementation | SUCCESS | time=0.0s
tacticImplementation | 2026-02-01 14:24:26,985 | INFO | tacticImplementation |START
tacticImplementation | 2026-02-01 14:24:26,986 | WARNING | No selected tactic for django-admin2
tacticImplementation | 2026-02-01 14:24:26,986 | INFO | tacticImplementation | SUCCESS | time=0.0s
tacticImplementation | 2026-02-01 14:24:36,964 | INFO | tacticImplementation |START
tacticImplementation | 2026-02-01 14:24:36,965 | WARNING | No selected tactic for ps4-exploit-host
tacticImplementation | 2026-02-01 14:24:36,965 | INFO | tacticImplementation | SUCCESS | time=0.0s
tacticImplementation | 2026-02-01 14:24:43,032 | INFO | tacticImplementation |START
tacticImplementation | 2026-02-01 14:24:43,032 | WARNING | No selected tactic for budou
tacticImplementation | 2026-02-01 14:24:43,033 | INFO | tacticImplementation | SUCCESS | time=0.0s
tacticImplementation | 2026-02-01 14:24:51,535 | INFO | tacticImplementation |START
tacticImplementation | 2026-02-01 14:24:51,536 | WARNING | No selected tactic for Varken
tacticImplementation | 2026-02-01 14:24:51,536 | INFO | tacticImplementation | SUCCESS | time=0.0s
tacticImplementation | 2026-02-01 14:24:56,947 | INFO | tacticImplementation |START
tacticImplementation | 2026-02-01 14:24:56,948 | WARNING | No selected tactic for python-websocket-server
tacticImplementation | 2026-02-01 14:24:56,948 | INFO | tacticImplementation | SUCCESS | time=0.0s
tacticImplementation | 2026-02-01 14:25:04,678 | INFO | tacticImplementation |START
tacticImplementation | 2026-02-01 14:25:04,679 | WARNING | No selected tactic for siuba
tacticImplementation | 2026-02-01 14:25:04,679 | INFO | tacticImplementation | SUCCESS | time=0.0s
tacticImplementation | 2026-02-01 14:25:33,366 | INFO | tacticImplementation |START
tacticImplementation | 2026-02-01 14:25:33,366 | WARNING | No selected tactic for kubediff
tacticImplementation | 2026-02-01 14:25:33,367 | INFO | tacticImplementation | SUCCESS | time=0.0s
tacticImplementation | 2026-02-01 14:25:39,398 | INFO | tacticImplementation |START
tacticImplementation | 2026-02-01 14:25:39,398 | WARNING | No selected tactic for ChatMock
tacticImplementation | 2026-02-01 14:25:39,398 | INFO | tacticImplementation | SUCCESS | time=0.0s
tacticImplementation | 2026-02-01 14:25:46,286 | INFO | tacticImplementation |START
tacticImplementation | 2026-02-01 14:25:46,287 | WARNING | No selected tactic for TrackEval
tacticImplementation | 2026-02-01 14:25:46,287 | INFO | tacticImplementation | SUCCESS | time=0.0s
tacticImplementation | 2026-02-01 14:25:51,656 | INFO | tacticImplementation |START
tacticImplementation | 2026-02-01 14:25:51,656 | WARNING | No selected tactic for PySpace
tacticImplementation | 2026-02-01 14:25:51,658 | INFO | tacticImplementation | SUCCESS | time=0.0s
tacticImplementation | 2026-02-01 14:26:00,761 | INFO | tacticImplementation |START
tacticImplementation | 2026-02-01 14:26:00,761 | WARNING | No selected tactic for django-treebeard
tacticImplementation | 2026-02-01 14:26:00,762 | INFO | tacticImplementation | SUCCESS | time=0.0s
tacticImplementation | 2026-02-01 14:26:06,309 | INFO | tacticImplementation |START
tacticImplementation | 2026-02-01 14:26:06,310 | WARNING | No selected tactic for Telepathy-Community
tacticImplementation | 2026-02-01 14:26:06,311 | INFO | tacticImplementation | SUCCESS | time=0.0s
tacticImplementation | 2026-02-01 14:26:35,656 | INFO | tacticImplementation |START
tacticImplementation | 2026-02-01 14:26:35,658 | WARNING | No selected tactic for dianping_spider
tacticImplementation | 2026-02-01 14:26:35,658 | INFO | tacticImplementation | SUCCESS | time=0.0s
tacticImplementation | 2026-02-01 14:26:40,981 | INFO | tacticImplementation |START
tacticImplementation | 2026-02-01 14:26:40,982 | WARNING | No selected tactic for JSON2YOLO
tacticImplementation | 2026-02-01 14:26:40,982 | INFO | tacticImplementation | SUCCESS | time=0.0s
tacticImplementation | 2026-02-01 14:26:46,655 | INFO | tacticImplementation |START
tacticImplementation | 2026-02-01 14:26:46,655 | WARNING | No selected tactic for Zefoy-TikTok-Automator
tacticImplementation | 2026-02-01 14:26:46,656 | INFO | tacticImplementation | SUCCESS | time=0.0s
tacticImplementation | 2026-02-01 14:26:51,883 | INFO | tacticImplementation |START
tacticImplementation | 2026-02-01 14:26:51,883 | WARNING | No selected tactic for gemini-teacher
tacticImplementation | 2026-02-01 14:26:51,884 | INFO | tacticImplementation | SUCCESS | time=0.0s
tacticImplementation | 2026-02-01 14:26:59,494 | INFO | tacticImplementation |START
tacticImplementation | 2026-02-01 14:26:59,495 | WARNING | No selected tactic for finance
tacticImplementation | 2026-02-01 14:26:59,495 | INFO | tacticImplementation | SUCCESS | time=0.0s
tacticImplementation | 2026-02-01 14:27:31,887 | INFO | tacticImplementation |START
tacticImplementation | 2026-02-01 14:27:31,887 | WARNING | No selected tactic for sdk_python
tacticImplementation | 2026-02-01 14:27:31,888 | INFO | tacticImplementation | SUCCESS | time=0.0s
tacticImplementation | 2026-02-01 14:27:38,756 | INFO | tacticImplementation |START
tacticImplementation | 2026-02-01 14:27:38,757 | WARNING | No selected tactic for mendeley-python-sdk
tacticImplementation | 2026-02-01 14:27:38,757 | INFO | tacticImplementation | SUCCESS | time=0.0s
tacticImplementation | 2026-02-01 14:27:44,458 | INFO | tacticImplementation |START
tacticImplementation | 2026-02-01 14:27:44,459 | WARNING | No selected tactic for elasticsearch-dbapi
tacticImplementation | 2026-02-01 14:27:44,459 | INFO | tacticImplementation | SUCCESS | time=0.0s
tacticImplementation | 2026-02-01 14:27:51,031 | INFO | tacticImplementation |START
tacticImplementation | 2026-02-01 14:27:51,032 | WARNING | No selected tactic for Railway-Management
tacticImplementation | 2026-02-01 14:27:51,032 | INFO | tacticImplementation | SUCCESS | time=0.0s
tacticImplementation | 2026-02-01 14:27:57,393 | INFO | tacticImplementation |START
tacticImplementation | 2026-02-01 14:27:57,394 | WARNING | No selected tactic for comfystream
tacticImplementation | 2026-02-01 14:27:57,394 | INFO | tacticImplementation | SUCCESS | time=0.0s
tacticImplementation | 2026-02-01 14:28:03,241 | INFO | tacticImplementation |START
tacticImplementation | 2026-02-01 14:28:03,242 | WARNING | No selected tactic for ctcache
tacticImplementation | 2026-02-01 14:28:03,242 | INFO | tacticImplementation | SUCCESS | time=0.0s
tacticImplementation | 2026-02-01 14:28:08,673 | INFO | tacticImplementation |START
tacticImplementation | 2026-02-01 14:28:08,674 | WARNING | No selected tactic for domi-owned
tacticImplementation | 2026-02-01 14:28:08,674 | INFO | tacticImplementation | SUCCESS | time=0.0s
tacticImplementation | 2026-02-01 14:28:13,953 | INFO | tacticImplementation |START
tacticImplementation | 2026-02-01 14:28:13,954 | WARNING | No selected tactic for GithubLeakAlert
tacticImplementation | 2026-02-01 14:28:13,954 | INFO | tacticImplementation | SUCCESS | time=0.0s
tacticImplementation | 2026-02-01 14:28:20,139 | INFO | tacticImplementation |START
tacticImplementation | 2026-02-01 14:28:20,140 | WARNING | No selected tactic for MkDoxy
tacticImplementation | 2026-02-01 14:28:20,140 | INFO | tacticImplementation | SUCCESS | time=0.0s
tacticImplementation | 2026-02-01 14:28:25,950 | INFO | tacticImplementation |START
tacticImplementation | 2026-02-01 14:28:25,950 | WARNING | No selected tactic for coinbase-advancedtrade-python
tacticImplementation | 2026-02-01 14:28:25,952 | INFO | tacticImplementation | SUCCESS | time=0.0s
tacticImplementation | 2026-02-01 14:28:33,216 | INFO | tacticImplementation |START
tacticImplementation | 2026-02-01 14:28:33,217 | WARNING | No selected tactic for pyexcel-xlsx
tacticImplementation | 2026-02-01 14:28:33,217 | INFO | tacticImplementation | SUCCESS | time=0.0s
tacticImplementation | 2026-02-01 14:28:38,684 | INFO | tacticImplementation |START
tacticImplementation | 2026-02-01 14:28:38,685 | WARNING | No selected tactic for samsung-tv-api
tacticImplementation | 2026-02-01 14:28:38,686 | INFO | tacticImplementation | SUCCESS | time=0.0s
tacticImplementation | 2026-02-01 14:28:44,052 | INFO | tacticImplementation |START
tacticImplementation | 2026-02-01 14:28:44,052 | WARNING | No selected tactic for sars-fastapi
tacticImplementation | 2026-02-01 14:28:44,052 | INFO | tacticImplementation | SUCCESS | time=0.0s
tacticImplementation | 2026-02-01 14:28:53,358 | INFO | tacticImplementation |START
tacticImplementation | 2026-02-01 14:28:53,359 | WARNING | No selected tactic for status.balancedpayments.com
tacticImplementation | 2026-02-01 14:28:53,359 | INFO | tacticImplementation | SUCCESS | time=0.0s
tacticImplementation | 2026-02-01 14:28:58,826 | INFO | tacticImplementation |START
tacticImplementation | 2026-02-01 14:28:58,826 | WARNING | No selected tactic for stremio-gdrive
tacticImplementation | 2026-02-01 14:28:58,826 | INFO | tacticImplementation | SUCCESS | time=0.0s
tacticImplementation | 2026-02-01 14:29:13,756 | INFO | tacticImplementation |START
tacticImplementation | 2026-02-01 14:29:13,757 | WARNING | No selected tactic for FoodSeg103-Benchmark-v1
tacticImplementation | 2026-02-01 14:29:13,757 | INFO | tacticImplementation | SUCCESS | time=0.0s
tacticImplementation | 2026-02-01 14:29:19,536 | INFO | tacticImplementation |START
tacticImplementation | 2026-02-01 14:29:19,537 | WARNING | No selected tactic for MiseryVideoStream
tacticImplementation | 2026-02-01 14:29:19,537 | INFO | tacticImplementation | SUCCESS | time=0.0s
tacticImplementation | 2026-02-01 14:29:25,792 | INFO | tacticImplementation |START
tacticImplementation | 2026-02-01 14:29:25,793 | WARNING | No selected tactic for Auto-Filter-V5
tacticImplementation | 2026-02-01 14:29:25,794 | INFO | tacticImplementation | SUCCESS | time=0.0s
tacticImplementation | 2026-02-01 14:29:31,292 | INFO | tacticImplementation |START
tacticImplementation | 2026-02-01 14:29:31,292 | WARNING | No selected tactic for Sharingan-Rename-Bot
tacticImplementation | 2026-02-01 14:29:31,293 | INFO | tacticImplementation | SUCCESS | time=0.0s
tacticImplementation | 2026-02-01 14:29:36,556 | INFO | tacticImplementation |START
tacticImplementation | 2026-02-01 14:29:36,556 | WARNING | No selected tactic for Auto-ReqAccept-Bot
tacticImplementation | 2026-02-01 14:29:36,556 | INFO | tacticImplementation | SUCCESS | time=0.0s
tacticImplementation | 2026-02-01 14:29:41,803 | INFO | tacticImplementation |START
tacticImplementation | 2026-02-01 14:29:41,804 | WARNING | No selected tactic for kubernetes-deploy-tutorial
tacticImplementation | 2026-02-01 14:29:41,804 | INFO | tacticImplementation | SUCCESS | time=0.0s
tacticImplementation | 2026-02-01 14:29:47,135 | INFO | tacticImplementation |START
tacticImplementation | 2026-02-01 14:29:47,135 | WARNING | No selected tactic for bot-sinais
tacticImplementation | 2026-02-01 14:29:47,136 | INFO | tacticImplementation | SUCCESS | time=0.0s
tacticImplementation | 2026-02-01 14:29:52,823 | INFO | tacticImplementation |START
tacticImplementation | 2026-02-01 14:29:52,824 | WARNING | No selected tactic for conn
tacticImplementation | 2026-02-01 14:29:52,824 | INFO | tacticImplementation | SUCCESS | time=0.0s
tacticImplementation | 2026-02-01 14:29:58,932 | INFO | tacticImplementation |START
tacticImplementation | 2026-02-01 14:29:58,933 | WARNING | No selected tactic for tele-userbot
tacticImplementation | 2026-02-01 14:29:58,933 | INFO | tacticImplementation | SUCCESS | time=0.0s
tacticImplementation | 2026-02-01 14:30:04,325 | INFO | tacticImplementation |START
tacticImplementation | 2026-02-01 14:30:04,326 | WARNING | No selected tactic for spam-api-free-fire
tacticImplementation | 2026-02-01 14:30:04,326 | INFO | tacticImplementation | SUCCESS | time=0.0s
tacticImplementation | 2026-02-01 14:30:11,802 | INFO | tacticImplementation |START
tacticImplementation | 2026-02-01 14:30:11,803 | WARNING | No selected tactic for allukabot
tacticImplementation | 2026-02-01 14:30:11,804 | INFO | tacticImplementation | SUCCESS | time=0.0s
tacticImplementation | 2026-02-01 14:30:17,378 | INFO | tacticImplementation |START
tacticImplementation | 2026-02-01 14:30:17,378 | WARNING | No selected tactic for data-vis-python-dash-3009706
tacticImplementation | 2026-02-01 14:30:17,378 | INFO | tacticImplementation | SUCCESS | time=0.0s
tacticImplementation | 2026-02-01 14:30:23,471 | INFO | tacticImplementation |START
tacticImplementation | 2026-02-01 14:30:23,473 | WARNING | No selected tactic for CatPlugins
tacticImplementation | 2026-02-01 14:30:23,473 | INFO | tacticImplementation | SUCCESS | time=0.0s
tacticImplementation | 2026-02-01 14:30:29,707 | INFO | tacticImplementation |START
tacticImplementation | 2026-02-01 14:30:29,708 | WARNING | No selected tactic for jenkins-charm
tacticImplementation | 2026-02-01 14:30:29,708 | INFO | tacticImplementation | SUCCESS | time=0.0s
tacticImplementation | 2026-02-01 14:30:40,070 | INFO | tacticImplementation |START
tacticImplementation | 2026-02-01 14:30:40,071 | WARNING | No selected tactic for python-serialization-2822693
tacticImplementation | 2026-02-01 14:30:40,072 | INFO | tacticImplementation | SUCCESS | time=0.0s
tacticImplementation | 2026-02-01 14:30:45,357 | INFO | tacticImplementation |START
tacticImplementation | 2026-02-01 14:30:45,358 | WARNING | No selected tactic for webapp-color
tacticImplementation | 2026-02-01 14:30:45,358 | INFO | tacticImplementation | SUCCESS | time=0.0s
tacticImplementation | 2026-02-01 14:30:50,707 | INFO | tacticImplementation |START
tacticImplementation | 2026-02-01 14:30:50,707 | WARNING | No selected tactic for biisal-Auto-Caption-Bot
tacticImplementation | 2026-02-01 14:30:50,708 | INFO | tacticImplementation | SUCCESS | time=0.0s
tacticImplementation | 2026-02-01 14:30:56,837 | INFO | tacticImplementation |START
tacticImplementation | 2026-02-01 14:30:56,838 | WARNING | No selected tactic for complete-guide-to-data-lakes-and-lakehouses-3865060
tacticImplementation | 2026-02-01 14:30:56,839 | INFO | tacticImplementation | SUCCESS | time=0.0s
tacticImplementation | 2026-02-01 14:31:02,140 | INFO | tacticImplementation |START
tacticImplementation | 2026-02-01 14:31:02,141 | WARNING | No selected tactic for octopus-to-tado-sync
tacticImplementation | 2026-02-01 14:31:02,141 | INFO | tacticImplementation | SUCCESS | time=0.0s
tacticImplementation | 2026-02-01 14:31:07,498 | INFO | tacticImplementation |START
tacticImplementation | 2026-02-01 14:31:07,498 | WARNING | No selected tactic for SubtitlesBot
tacticImplementation | 2026-02-01 14:31:07,500 | INFO | tacticImplementation | SUCCESS | time=0.0s
tacticImplementation | 2026-02-01 14:31:13,217 | INFO | tacticImplementation |START
tacticImplementation | 2026-02-01 14:31:13,219 | WARNING | No selected tactic for file-filter-botv5
tacticImplementation | 2026-02-01 14:31:13,219 | INFO | tacticImplementation | SUCCESS | time=0.0s
tacticImplementation | 2026-02-01 14:31:18,591 | INFO | tacticImplementation |START
tacticImplementation | 2026-02-01 14:31:18,591 | WARNING | No selected tactic for airplane-boarding-simulation
tacticImplementation | 2026-02-01 14:31:18,591 | INFO | tacticImplementation | SUCCESS | time=0.0s
tacticImplementation | 2026-02-01 14:31:24,067 | INFO | tacticImplementation |START
tacticImplementation | 2026-02-01 14:31:24,068 | WARNING | No selected tactic for learn_python_koans
tacticImplementation | 2026-02-01 14:31:24,068 | INFO | tacticImplementation | SUCCESS | time=0.0s
tacticImplementation | 2026-02-01 14:31:29,293 | INFO | tacticImplementation |START
tacticImplementation | 2026-02-01 14:31:29,294 | WARNING | No selected tactic for vercel-flask
tacticImplementation | 2026-02-01 14:31:29,294 | INFO | tacticImplementation | SUCCESS | time=0.0s
tacticImplementation | 2026-02-01 14:32:07,309 | INFO | tacticImplementation |START
tacticImplementation | 2026-02-01 14:32:07,310 | WARNING | No selected tactic for MortgageCalculator
tacticImplementation | 2026-02-01 14:32:07,310 | INFO | tacticImplementation | SUCCESS | time=0.0s
tacticImplementation | 2026-02-01 14:32:15,188 | INFO | tacticImplementation |START
tacticImplementation | 2026-02-01 14:32:15,188 | WARNING | No selected tactic for IGRIS_BOT
tacticImplementation | 2026-02-01 14:32:15,189 | INFO | tacticImplementation | SUCCESS | time=0.0s
tacticImplementation | 2026-02-01 14:32:20,462 | INFO | tacticImplementation |START
tacticImplementation | 2026-02-01 14:32:20,462 | WARNING | No selected tactic for HerokuFreeProxy
tacticImplementation | 2026-02-01 14:32:20,462 | INFO | tacticImplementation | SUCCESS | time=0.0s
tacticImplementation | 2026-02-01 14:32:25,804 | INFO | tacticImplementation |START
tacticImplementation | 2026-02-01 14:32:25,804 | WARNING | No selected tactic for openhab-mycroft
tacticImplementation | 2026-02-01 14:32:25,805 | INFO | tacticImplementation | SUCCESS | time=0.0s
tacticImplementation | 2026-02-01 14:32:31,170 | INFO | tacticImplementation |START
tacticImplementation | 2026-02-01 14:32:31,171 | WARNING | No selected tactic for secretx
tacticImplementation | 2026-02-01 14:32:31,171 | INFO | tacticImplementation | SUCCESS | time=0.0s
tacticImplementation | 2026-02-01 14:39:20,428 | INFO | tacticImplementation |START
tacticImplementation | 2026-02-01 14:39:20,429 | WARNING | No selected tactic for whoogle-search
tacticImplementation | 2026-02-01 14:39:20,429 | INFO | tacticImplementation | SUCCESS | time=0.0s
tacticImplementation | 2026-02-01 14:40:30,819 | INFO | tacticImplementation |START
tacticImplementation | 2026-02-01 14:40:30,819 | INFO | Installing dependencies for whoogle-search
tacticImplementation | 2026-02-01 14:40:44,595 | ERROR | Failed to parse LLM response: Ollama cloud chat failed: Service Temporarily Unavailable (status code: 503)
tacticImplementation | 2026-02-01 14:40:44,602 | INFO | tacticImplementation | SUCCESS | time=13.78s
